[1.709s] Invoking command in '/home/auguste/Code/Stage/Stage_Univ_S1/ws/src/pose_to_moveit': DEBUGINFOD_URLS=https://debuginfod.archlinux.org PYTHONPATH=/home/auguste/Code/Stage/Stage_Univ_S1/ws/build/pose_to_moveit/prefix_override:/usr/lib/python3/dist-packages/colcon_core/task/python/colcon_distutils_commands:/home/auguste/Code/Stage/Stage_Univ_S1/ws/install/pose_to_moveit/lib/python3.12/site-packages:${PYTHONPATH} /usr/bin/python3 -W ignore:setup.py install is deprecated -W ignore:easy_install command is deprecated setup.py egg_info --egg-base ../../build/pose_to_moveit build --build-base /home/auguste/Code/Stage/Stage_Univ_S1/ws/build/pose_to_moveit/build install --record /home/auguste/Code/Stage/Stage_Univ_S1/ws/build/pose_to_moveit/install.log --single-version-externally-managed install_data
[1.977s] running egg_info
[1.997s] writing ../../build/pose_to_moveit/pose_to_moveit.egg-info/PKG-INFO
[1.997s] writing dependency_links to ../../build/pose_to_moveit/pose_to_moveit.egg-info/dependency_links.txt
[1.998s] writing entry points to ../../build/pose_to_moveit/pose_to_moveit.egg-info/entry_points.txt
[1.998s] writing requirements to ../../build/pose_to_moveit/pose_to_moveit.egg-info/requires.txt
[1.998s] writing top-level names to ../../build/pose_to_moveit/pose_to_moveit.egg-info/top_level.txt
[2.040s] reading manifest file '../../build/pose_to_moveit/pose_to_moveit.egg-info/SOURCES.txt'
[2.041s] writing manifest file '../../build/pose_to_moveit/pose_to_moveit.egg-info/SOURCES.txt'
[2.041s] running build
[2.041s] running build_py
[2.041s] running install
[2.047s] running install_lib
[2.069s] running install_data
[2.069s] running install_egg_info
[2.090s] removing '/home/auguste/Code/Stage/Stage_Univ_S1/ws/install/pose_to_moveit/lib/python3.12/site-packages/pose_to_moveit-0.0.0-py3.12.egg-info' (and everything under it)
[2.091s] Copying ../../build/pose_to_moveit/pose_to_moveit.egg-info to /home/auguste/Code/Stage/Stage_Univ_S1/ws/install/pose_to_moveit/lib/python3.12/site-packages/pose_to_moveit-0.0.0-py3.12.egg-info
[2.092s] running install_scripts
[2.234s] Installing pose_to_moveit_node script to /home/auguste/Code/Stage/Stage_Univ_S1/ws/install/pose_to_moveit/lib/pose_to_moveit
[2.235s] writing list of installed files to '/home/auguste/Code/Stage/Stage_Univ_S1/ws/build/pose_to_moveit/install.log'
[2.296s] Invoked command in '/home/auguste/Code/Stage/Stage_Univ_S1/ws/src/pose_to_moveit' returned '0': DEBUGINFOD_URLS=https://debuginfod.archlinux.org PYTHONPATH=/home/auguste/Code/Stage/Stage_Univ_S1/ws/build/pose_to_moveit/prefix_override:/usr/lib/python3/dist-packages/colcon_core/task/python/colcon_distutils_commands:/home/auguste/Code/Stage/Stage_Univ_S1/ws/install/pose_to_moveit/lib/python3.12/site-packages:${PYTHONPATH} /usr/bin/python3 -W ignore:setup.py install is deprecated -W ignore:easy_install command is deprecated setup.py egg_info --egg-base ../../build/pose_to_moveit build --build-base /home/auguste/Code/Stage/Stage_Univ_S1/ws/build/pose_to_moveit/build install --record /home/auguste/Code/Stage/Stage_Univ_S1/ws/build/pose_to_moveit/install.log --single-version-externally-managed install_data
