running egg_info
writing ../../../../build/ur_motion_manager/ur_motion_manager.egg-info/PKG-INFO
writing dependency_links to ../../../../build/ur_motion_manager/ur_motion_manager.egg-info/dependency_links.txt
writing entry points to ../../../../build/ur_motion_manager/ur_motion_manager.egg-info/entry_points.txt
writing requirements to ../../../../build/ur_motion_manager/ur_motion_manager.egg-info/requires.txt
writing top-level names to ../../../../build/ur_motion_manager/ur_motion_manager.egg-info/top_level.txt
reading manifest file '../../../../build/ur_motion_manager/ur_motion_manager.egg-info/SOURCES.txt'
writing manifest file '../../../../build/ur_motion_manager/ur_motion_manager.egg-info/SOURCES.txt'
running build
running build_py
running install
running install_lib
running install_data
running install_egg_info
removing '/home/auguste/Code/Stage/Stage_Univ_S1/ws/install/ur_motion_manager/lib/python3.12/site-packages/ur_motion_manager-0.0.0-py3.12.egg-info' (and everything under it)
Copying ../../../../build/ur_motion_manager/ur_motion_manager.egg-info to /home/auguste/Code/Stage/Stage_Univ_S1/ws/install/ur_motion_manager/lib/python3.12/site-packages/ur_motion_manager-0.0.0-py3.12.egg-info
running install_scripts
Installing motion_manager_node script to /home/auguste/Code/Stage/Stage_Univ_S1/ws/install/ur_motion_manager/lib/ur_motion_manager
Installing teach_node script to /home/auguste/Code/Stage/Stage_Univ_S1/ws/install/ur_motion_manager/lib/ur_motion_manager
writing list of installed files to '/home/auguste/Code/Stage/Stage_Univ_S1/ws/build/ur_motion_manager/install.log'
