running egg_info
creating ../../../../build/ur_motion_manager/ur_motion_manager.egg-info
writing ../../../../build/ur_motion_manager/ur_motion_manager.egg-info/PKG-INFO
writing dependency_links to ../../../../build/ur_motion_manager/ur_motion_manager.egg-info/dependency_links.txt
writing entry points to ../../../../build/ur_motion_manager/ur_motion_manager.egg-info/entry_points.txt
writing requirements to ../../../../build/ur_motion_manager/ur_motion_manager.egg-info/requires.txt
writing top-level names to ../../../../build/ur_motion_manager/ur_motion_manager.egg-info/top_level.txt
writing manifest file '../../../../build/ur_motion_manager/ur_motion_manager.egg-info/SOURCES.txt'
reading manifest file '../../../../build/ur_motion_manager/ur_motion_manager.egg-info/SOURCES.txt'
writing manifest file '../../../../build/ur_motion_manager/ur_motion_manager.egg-info/SOURCES.txt'
running build
running build_py
creating /home/auguste/Code/Stage/Stage_Univ_S1/ws/build/ur_motion_manager/build
creating /home/auguste/Code/Stage/Stage_Univ_S1/ws/build/ur_motion_manager/build/lib
creating /home/auguste/Code/Stage/Stage_Univ_S1/ws/build/ur_motion_manager/build/lib/ur_motion_manager
copying ur_motion_manager/__init__.py -> /home/auguste/Code/Stage/Stage_Univ_S1/ws/build/ur_motion_manager/build/lib/ur_motion_manager
copying ur_motion_manager/motion_manager_node.py -> /home/auguste/Code/Stage/Stage_Univ_S1/ws/build/ur_motion_manager/build/lib/ur_motion_manager
copying ur_motion_manager/teach_node.py -> /home/auguste/Code/Stage/Stage_Univ_S1/ws/build/ur_motion_manager/build/lib/ur_motion_manager
running install
running install_lib
creating /home/auguste/Code/Stage/Stage_Univ_S1/ws/install/ur_motion_manager/lib/python3.12/site-packages/ur_motion_manager
copying /home/auguste/Code/Stage/Stage_Univ_S1/ws/build/ur_motion_manager/build/lib/ur_motion_manager/__init__.py -> /home/auguste/Code/Stage/Stage_Univ_S1/ws/install/ur_motion_manager/lib/python3.12/site-packages/ur_motion_manager
copying /home/auguste/Code/Stage/Stage_Univ_S1/ws/build/ur_motion_manager/build/lib/ur_motion_manager/motion_manager_node.py -> /home/auguste/Code/Stage/Stage_Univ_S1/ws/install/ur_motion_manager/lib/python3.12/site-packages/ur_motion_manager
copying /home/auguste/Code/Stage/Stage_Univ_S1/ws/build/ur_motion_manager/build/lib/ur_motion_manager/teach_node.py -> /home/auguste/Code/Stage/Stage_Univ_S1/ws/install/ur_motion_manager/lib/python3.12/site-packages/ur_motion_manager
byte-compiling /home/auguste/Code/Stage/Stage_Univ_S1/ws/install/ur_motion_manager/lib/python3.12/site-packages/ur_motion_manager/__init__.py to __init__.cpython-312.pyc
byte-compiling /home/auguste/Code/Stage/Stage_Univ_S1/ws/install/ur_motion_manager/lib/python3.12/site-packages/ur_motion_manager/motion_manager_node.py to motion_manager_node.cpython-312.pyc
byte-compiling /home/auguste/Code/Stage/Stage_Univ_S1/ws/install/ur_motion_manager/lib/python3.12/site-packages/ur_motion_manager/teach_node.py to teach_node.cpython-312.pyc
running install_data
creating /home/auguste/Code/Stage/Stage_Univ_S1/ws/install/ur_motion_manager/share/ament_index
creating /home/auguste/Code/Stage/Stage_Univ_S1/ws/install/ur_motion_manager/share/ament_index/resource_index
creating /home/auguste/Code/Stage/Stage_Univ_S1/ws/install/ur_motion_manager/share/ament_index/resource_index/packages
copying resource/ur_motion_manager -> /home/auguste/Code/Stage/Stage_Univ_S1/ws/install/ur_motion_manager/share/ament_index/resource_index/packages
copying package.xml -> /home/auguste/Code/Stage/Stage_Univ_S1/ws/install/ur_motion_manager/share/ur_motion_manager
running install_egg_info
Copying ../../../../build/ur_motion_manager/ur_motion_manager.egg-info to /home/auguste/Code/Stage/Stage_Univ_S1/ws/install/ur_motion_manager/lib/python3.12/site-packages/ur_motion_manager-0.0.0-py3.12.egg-info
running install_scripts
Installing motion_manager_node script to /home/auguste/Code/Stage/Stage_Univ_S1/ws/install/ur_motion_manager/lib/ur_motion_manager
Installing teach_node script to /home/auguste/Code/Stage/Stage_Univ_S1/ws/install/ur_motion_manager/lib/ur_motion_manager
writing list of installed files to '/home/auguste/Code/Stage/Stage_Univ_S1/ws/build/ur_motion_manager/install.log'
