[1.673s] Invoking command in '/home/auguste/Code/Stage/Stage_Univ_S1/ws/src/force_package/src/ur_motion_manager': DEBUGINFOD_URLS=https://debuginfod.archlinux.org PYTHONPATH=/home/auguste/Code/Stage/Stage_Univ_S1/ws/build/ur_motion_manager/prefix_override:/usr/lib/python3/dist-packages/colcon_core/task/python/colcon_distutils_commands:/home/auguste/Code/Stage/Stage_Univ_S1/ws/install/ur_motion_manager/lib/python3.12/site-packages:${PYTHONPATH} /usr/bin/python3 -W ignore:setup.py install is deprecated -W ignore:easy_install command is deprecated setup.py egg_info --egg-base ../../../../build/ur_motion_manager build --build-base /home/auguste/Code/Stage/Stage_Univ_S1/ws/build/ur_motion_manager/build install --record /home/auguste/Code/Stage/Stage_Univ_S1/ws/build/ur_motion_manager/install.log --single-version-externally-managed install_data
[1.950s] running egg_info
[1.950s] creating ../../../../build/ur_motion_manager/ur_motion_manager.egg-info
[1.971s] writing ../../../../build/ur_motion_manager/ur_motion_manager.egg-info/PKG-INFO
[1.971s] writing dependency_links to ../../../../build/ur_motion_manager/ur_motion_manager.egg-info/dependency_links.txt
[1.971s] writing entry points to ../../../../build/ur_motion_manager/ur_motion_manager.egg-info/entry_points.txt
[1.972s] writing requirements to ../../../../build/ur_motion_manager/ur_motion_manager.egg-info/requires.txt
[1.972s] writing top-level names to ../../../../build/ur_motion_manager/ur_motion_manager.egg-info/top_level.txt
[1.972s] writing manifest file '../../../../build/ur_motion_manager/ur_motion_manager.egg-info/SOURCES.txt'
[2.018s] reading manifest file '../../../../build/ur_motion_manager/ur_motion_manager.egg-info/SOURCES.txt'
[2.018s] writing manifest file '../../../../build/ur_motion_manager/ur_motion_manager.egg-info/SOURCES.txt'
[2.019s] running build
[2.019s] running build_py
[2.019s] creating /home/auguste/Code/Stage/Stage_Univ_S1/ws/build/ur_motion_manager/build
[2.019s] creating /home/auguste/Code/Stage/Stage_Univ_S1/ws/build/ur_motion_manager/build/lib
[2.019s] creating /home/auguste/Code/Stage/Stage_Univ_S1/ws/build/ur_motion_manager/build/lib/ur_motion_manager
[2.019s] copying ur_motion_manager/__init__.py -> /home/auguste/Code/Stage/Stage_Univ_S1/ws/build/ur_motion_manager/build/lib/ur_motion_manager
[2.020s] copying ur_motion_manager/motion_manager_node.py -> /home/auguste/Code/Stage/Stage_Univ_S1/ws/build/ur_motion_manager/build/lib/ur_motion_manager
[2.020s] copying ur_motion_manager/teach_node.py -> /home/auguste/Code/Stage/Stage_Univ_S1/ws/build/ur_motion_manager/build/lib/ur_motion_manager
[2.020s] running install
[2.028s] running install_lib
[2.050s] creating /home/auguste/Code/Stage/Stage_Univ_S1/ws/install/ur_motion_manager/lib/python3.12/site-packages/ur_motion_manager
[2.050s] copying /home/auguste/Code/Stage/Stage_Univ_S1/ws/build/ur_motion_manager/build/lib/ur_motion_manager/__init__.py -> /home/auguste/Code/Stage/Stage_Univ_S1/ws/install/ur_motion_manager/lib/python3.12/site-packages/ur_motion_manager
[2.050s] copying /home/auguste/Code/Stage/Stage_Univ_S1/ws/build/ur_motion_manager/build/lib/ur_motion_manager/motion_manager_node.py -> /home/auguste/Code/Stage/Stage_Univ_S1/ws/install/ur_motion_manager/lib/python3.12/site-packages/ur_motion_manager
[2.050s] copying /home/auguste/Code/Stage/Stage_Univ_S1/ws/build/ur_motion_manager/build/lib/ur_motion_manager/teach_node.py -> /home/auguste/Code/Stage/Stage_Univ_S1/ws/install/ur_motion_manager/lib/python3.12/site-packages/ur_motion_manager
[2.051s] byte-compiling /home/auguste/Code/Stage/Stage_Univ_S1/ws/install/ur_motion_manager/lib/python3.12/site-packages/ur_motion_manager/__init__.py to __init__.cpython-312.pyc
[2.051s] byte-compiling /home/auguste/Code/Stage/Stage_Univ_S1/ws/install/ur_motion_manager/lib/python3.12/site-packages/ur_motion_manager/motion_manager_node.py to motion_manager_node.cpython-312.pyc
[2.055s] byte-compiling /home/auguste/Code/Stage/Stage_Univ_S1/ws/install/ur_motion_manager/lib/python3.12/site-packages/ur_motion_manager/teach_node.py to teach_node.cpython-312.pyc
[2.056s] running install_data
[2.057s] creating /home/auguste/Code/Stage/Stage_Univ_S1/ws/install/ur_motion_manager/share/ament_index
[2.057s] creating /home/auguste/Code/Stage/Stage_Univ_S1/ws/install/ur_motion_manager/share/ament_index/resource_index
[2.057s] creating /home/auguste/Code/Stage/Stage_Univ_S1/ws/install/ur_motion_manager/share/ament_index/resource_index/packages
[2.057s] copying resource/ur_motion_manager -> /home/auguste/Code/Stage/Stage_Univ_S1/ws/install/ur_motion_manager/share/ament_index/resource_index/packages
[2.057s] copying package.xml -> /home/auguste/Code/Stage/Stage_Univ_S1/ws/install/ur_motion_manager/share/ur_motion_manager
[2.057s] running install_egg_info
[2.080s] Copying ../../../../build/ur_motion_manager/ur_motion_manager.egg-info to /home/auguste/Code/Stage/Stage_Univ_S1/ws/install/ur_motion_manager/lib/python3.12/site-packages/ur_motion_manager-0.0.0-py3.12.egg-info
[2.081s] running install_scripts
[2.223s] Installing motion_manager_node script to /home/auguste/Code/Stage/Stage_Univ_S1/ws/install/ur_motion_manager/lib/ur_motion_manager
[2.223s] Installing teach_node script to /home/auguste/Code/Stage/Stage_Univ_S1/ws/install/ur_motion_manager/lib/ur_motion_manager
[2.223s] writing list of installed files to '/home/auguste/Code/Stage/Stage_Univ_S1/ws/build/ur_motion_manager/install.log'
[2.269s] Invoked command in '/home/auguste/Code/Stage/Stage_Univ_S1/ws/src/force_package/src/ur_motion_manager' returned '0': DEBUGINFOD_URLS=https://debuginfod.archlinux.org PYTHONPATH=/home/auguste/Code/Stage/Stage_Univ_S1/ws/build/ur_motion_manager/prefix_override:/usr/lib/python3/dist-packages/colcon_core/task/python/colcon_distutils_commands:/home/auguste/Code/Stage/Stage_Univ_S1/ws/install/ur_motion_manager/lib/python3.12/site-packages:${PYTHONPATH} /usr/bin/python3 -W ignore:setup.py install is deprecated -W ignore:easy_install command is deprecated setup.py egg_info --egg-base ../../../../build/ur_motion_manager build --build-base /home/auguste/Code/Stage/Stage_Univ_S1/ws/build/ur_motion_manager/build install --record /home/auguste/Code/Stage/Stage_Univ_S1/ws/build/ur_motion_manager/install.log --single-version-externally-managed install_data
