[0.036s] Invoking command in '/home/auguste/Code/Stage/Stage_Univ_S1/ws/build/realsense2_camera_msgs': CMAKE_PREFIX_PATH=${CMAKE_PREFIX_PATH}:/home/auguste/Code/Stage/Stage_Univ_S1/ws/install/ur_safety_monitor:/home/auguste/Code/Stage/Stage_Univ_S1/ws/install/ur_motion_manager:/home/auguste/Code/Stage/Stage_Univ_S1/ws/install/ur_force_controller:/home/auguste/Code/Stage/Stage_Univ_S1/ws/install/realsense2_ros_mqtt_bridge:/home/auguste/Code/Stage/Stage_Univ_S1/ws/install/pose_to_moveit:/opt/ros/jazzy DEBUGINFOD_URLS=https://debuginfod.archlinux.org /usr/bin/cmake --build /home/auguste/Code/Stage/Stage_Univ_S1/ws/build/realsense2_camera_msgs -- -j16 -l16
[0.821s] [  0%] Built target realsense2_camera_msgs__rs
[0.821s] [  0%] Built target realsense2_camera_msgs__rosidl_generator_type_description
[0.821s] [  0%] Built target ament_cmake_python_copy_realsense2_camera_msgs
[0.822s] [  0%] Built target realsense2_camera_msgs__cpp
[0.822s] [ 27%] Built target realsense2_camera_msgs__rosidl_generator_c
[0.822s] [ 47%] Built target realsense2_camera_msgs__rosidl_typesupport_introspection_c
[0.822s] [ 47%] Built target realsense2_camera_msgs__rosidl_typesupport_c
[0.822s] [ 67%] Built target realsense2_camera_msgs__rosidl_typesupport_introspection_cpp
[0.822s] [ 67%] Built target realsense2_camera_msgs__rosidl_typesupport_cpp
[0.822s] [ 76%] Built target realsense2_camera_msgs__rosidl_typesupport_fastrtps_c
[0.822s] [ 86%] Built target realsense2_camera_msgs__rosidl_typesupport_fastrtps_cpp
[0.822s] [ 86%] Built target realsense2_camera_msgs
[0.822s] [ 87%] Built target realsense2_camera_msgs__py
[0.822s] [ 96%] Built target realsense2_camera_msgs__rosidl_generator_py
[0.822s] [ 99%] Built target realsense2_camera_msgs_s__rosidl_typesupport_c
[0.822s] [ 99%] Built target realsense2_camera_msgs_s__rosidl_typesupport_fastrtps_c
[0.822s] [100%] Built target realsense2_camera_msgs_s__rosidl_typesupport_introspection_c
[0.822s] running egg_info
[0.823s] writing realsense2_camera_msgs.egg-info/PKG-INFO
[0.823s] writing dependency_links to realsense2_camera_msgs.egg-info/dependency_links.txt
[0.823s] writing top-level names to realsense2_camera_msgs.egg-info/top_level.txt
[0.823s] reading manifest file 'realsense2_camera_msgs.egg-info/SOURCES.txt'
[0.823s] writing manifest file 'realsense2_camera_msgs.egg-info/SOURCES.txt'
[0.823s] [100%] Built target ament_cmake_python_build_realsense2_camera_msgs_egg
[0.823s] Invoked command in '/home/auguste/Code/Stage/Stage_Univ_S1/ws/build/realsense2_camera_msgs' returned '0': CMAKE_PREFIX_PATH=${CMAKE_PREFIX_PATH}:/home/auguste/Code/Stage/Stage_Univ_S1/ws/install/ur_safety_monitor:/home/auguste/Code/Stage/Stage_Univ_S1/ws/install/ur_motion_manager:/home/auguste/Code/Stage/Stage_Univ_S1/ws/install/ur_force_controller:/home/auguste/Code/Stage/Stage_Univ_S1/ws/install/realsense2_ros_mqtt_bridge:/home/auguste/Code/Stage/Stage_Univ_S1/ws/install/pose_to_moveit:/opt/ros/jazzy DEBUGINFOD_URLS=https://debuginfod.archlinux.org /usr/bin/cmake --build /home/auguste/Code/Stage/Stage_Univ_S1/ws/build/realsense2_camera_msgs -- -j16 -l16
[0.833s] Invoking command in '/home/auguste/Code/Stage/Stage_Univ_S1/ws/build/realsense2_camera_msgs': CMAKE_PREFIX_PATH=${CMAKE_PREFIX_PATH}:/home/auguste/Code/Stage/Stage_Univ_S1/ws/install/ur_safety_monitor:/home/auguste/Code/Stage/Stage_Univ_S1/ws/install/ur_motion_manager:/home/auguste/Code/Stage/Stage_Univ_S1/ws/install/ur_force_controller:/home/auguste/Code/Stage/Stage_Univ_S1/ws/install/realsense2_ros_mqtt_bridge:/home/auguste/Code/Stage/Stage_Univ_S1/ws/install/pose_to_moveit:/opt/ros/jazzy DEBUGINFOD_URLS=https://debuginfod.archlinux.org /usr/bin/cmake --install /home/auguste/Code/Stage/Stage_Univ_S1/ws/build/realsense2_camera_msgs
[1.025s] -- Install configuration: ""
[1.026s] -- Up-to-date: /home/auguste/Code/Stage/Stage_Univ_S1/ws/install/realsense2_camera_msgs/share/ament_index/resource_index/rosidl_interfaces/realsense2_camera_msgs
[1.026s] -- Up-to-date: /home/auguste/Code/Stage/Stage_Univ_S1/ws/install/realsense2_camera_msgs/share/realsense2_camera_msgs/msg/IMUInfo.json
[1.026s] -- Up-to-date: /home/auguste/Code/Stage/Stage_Univ_S1/ws/install/realsense2_camera_msgs/share/realsense2_camera_msgs/msg/Extrinsics.json
[1.026s] -- Up-to-date: /home/auguste/Code/Stage/Stage_Univ_S1/ws/install/realsense2_camera_msgs/share/realsense2_camera_msgs/msg/Metadata.json
[1.026s] -- Up-to-date: /home/auguste/Code/Stage/Stage_Univ_S1/ws/install/realsense2_camera_msgs/share/realsense2_camera_msgs/msg/RGBD.json
[1.026s] -- Up-to-date: /home/auguste/Code/Stage/Stage_Univ_S1/ws/install/realsense2_camera_msgs/share/realsense2_camera_msgs/srv/DeviceInfo.json
[1.026s] -- Up-to-date: /home/auguste/Code/Stage/Stage_Univ_S1/ws/install/realsense2_camera_msgs/share/realsense2_camera_msgs/srv/SafetyPresetRead.json
[1.027s] -- Up-to-date: /home/auguste/Code/Stage/Stage_Univ_S1/ws/install/realsense2_camera_msgs/share/realsense2_camera_msgs/srv/SafetyPresetWrite.json
[1.027s] -- Up-to-date: /home/auguste/Code/Stage/Stage_Univ_S1/ws/install/realsense2_camera_msgs/share/realsense2_camera_msgs/srv/SafetyInterfaceConfigRead.json
[1.027s] -- Up-to-date: /home/auguste/Code/Stage/Stage_Univ_S1/ws/install/realsense2_camera_msgs/share/realsense2_camera_msgs/srv/SafetyInterfaceConfigWrite.json
[1.027s] -- Up-to-date: /home/auguste/Code/Stage/Stage_Univ_S1/ws/install/realsense2_camera_msgs/share/realsense2_camera_msgs/srv/CalibConfigRead.json
[1.027s] -- Up-to-date: /home/auguste/Code/Stage/Stage_Univ_S1/ws/install/realsense2_camera_msgs/share/realsense2_camera_msgs/srv/CalibConfigWrite.json
[1.027s] -- Up-to-date: /home/auguste/Code/Stage/Stage_Univ_S1/ws/install/realsense2_camera_msgs/share/realsense2_camera_msgs/srv/ApplicationConfigRead.json
[1.027s] -- Up-to-date: /home/auguste/Code/Stage/Stage_Univ_S1/ws/install/realsense2_camera_msgs/share/realsense2_camera_msgs/srv/ApplicationConfigWrite.json
[1.027s] -- Up-to-date: /home/auguste/Code/Stage/Stage_Univ_S1/ws/install/realsense2_camera_msgs/share/realsense2_camera_msgs/srv/HardwareMonitorCommandSend.json
[1.027s] -- Up-to-date: /home/auguste/Code/Stage/Stage_Univ_S1/ws/install/realsense2_camera_msgs/share/realsense2_camera_msgs/action/TriggeredCalibration.json
[1.027s] -- Up-to-date: /home/auguste/Code/Stage/Stage_Univ_S1/ws/install/realsense2_camera_msgs/include/realsense2_camera_msgs/realsense2_camera_msgs
[1.027s] -- Up-to-date: /home/auguste/Code/Stage/Stage_Univ_S1/ws/install/realsense2_camera_msgs/include/realsense2_camera_msgs/realsense2_camera_msgs/srv
[1.027s] -- Up-to-date: /home/auguste/Code/Stage/Stage_Univ_S1/ws/install/realsense2_camera_msgs/include/realsense2_camera_msgs/realsense2_camera_msgs/srv/safety_interface_config_read.h
[1.027s] -- Up-to-date: /home/auguste/Code/Stage/Stage_Univ_S1/ws/install/realsense2_camera_msgs/include/realsense2_camera_msgs/realsense2_camera_msgs/srv/device_info.h
[1.027s] -- Up-to-date: /home/auguste/Code/Stage/Stage_Univ_S1/ws/install/realsense2_camera_msgs/include/realsense2_camera_msgs/realsense2_camera_msgs/srv/safety_preset_write.h
[1.027s] -- Up-to-date: /home/auguste/Code/Stage/Stage_Univ_S1/ws/install/realsense2_camera_msgs/include/realsense2_camera_msgs/realsense2_camera_msgs/srv/calib_config_read.h
[1.028s] -- Up-to-date: /home/auguste/Code/Stage/Stage_Univ_S1/ws/install/realsense2_camera_msgs/include/realsense2_camera_msgs/realsense2_camera_msgs/srv/hardware_monitor_command_send.h
[1.028s] -- Up-to-date: /home/auguste/Code/Stage/Stage_Univ_S1/ws/install/realsense2_camera_msgs/include/realsense2_camera_msgs/realsense2_camera_msgs/srv/safety_preset_read.h
[1.028s] -- Up-to-date: /home/auguste/Code/Stage/Stage_Univ_S1/ws/install/realsense2_camera_msgs/include/realsense2_camera_msgs/realsense2_camera_msgs/srv/calib_config_write.h
[1.028s] -- Up-to-date: /home/auguste/Code/Stage/Stage_Univ_S1/ws/install/realsense2_camera_msgs/include/realsense2_camera_msgs/realsense2_camera_msgs/srv/safety_interface_config_write.h
[1.028s] -- Up-to-date: /home/auguste/Code/Stage/Stage_Univ_S1/ws/install/realsense2_camera_msgs/include/realsense2_camera_msgs/realsense2_camera_msgs/srv/detail
[1.028s] -- Up-to-date: /home/auguste/Code/Stage/Stage_Univ_S1/ws/install/realsense2_camera_msgs/include/realsense2_camera_msgs/realsense2_camera_msgs/srv/detail/calib_config_write__description.c
[1.028s] -- Up-to-date: /home/auguste/Code/Stage/Stage_Univ_S1/ws/install/realsense2_camera_msgs/include/realsense2_camera_msgs/realsense2_camera_msgs/srv/detail/hardware_monitor_command_send__description.c
[1.028s] -- Installing: /home/auguste/Code/Stage/Stage_Univ_S1/ws/install/realsense2_camera_msgs/include/realsense2_camera_msgs/realsense2_camera_msgs/srv/detail/application_config_write__type_support.c
[1.028s] -- Up-to-date: /home/auguste/Code/Stage/Stage_Univ_S1/ws/install/realsense2_camera_msgs/include/realsense2_camera_msgs/realsense2_camera_msgs/srv/detail/safety_interface_config_write__type_support.h
[1.028s] -- Up-to-date: /home/auguste/Code/Stage/Stage_Univ_S1/ws/install/realsense2_camera_msgs/include/realsense2_camera_msgs/realsense2_camera_msgs/srv/detail/calib_config_write__struct.h
[1.028s] -- Up-to-date: /home/auguste/Code/Stage/Stage_Univ_S1/ws/install/realsense2_camera_msgs/include/realsense2_camera_msgs/realsense2_camera_msgs/srv/detail/safety_interface_config_read__type_support.h
[1.028s] -- Up-to-date: /home/auguste/Code/Stage/Stage_Univ_S1/ws/install/realsense2_camera_msgs/include/realsense2_camera_msgs/realsense2_camera_msgs/srv/detail/device_info__struct.h
[1.029s] -- Installing: /home/auguste/Code/Stage/Stage_Univ_S1/ws/install/realsense2_camera_msgs/include/realsense2_camera_msgs/realsense2_camera_msgs/srv/detail/hardware_monitor_command_send__type_support.c
[1.029s] -- Up-to-date: /home/auguste/Code/Stage/Stage_Univ_S1/ws/install/realsense2_camera_msgs/include/realsense2_camera_msgs/realsense2_camera_msgs/srv/detail/calib_config_read__functions.c
[1.029s] -- Up-to-date: /home/auguste/Code/Stage/Stage_Univ_S1/ws/install/realsense2_camera_msgs/include/realsense2_camera_msgs/realsense2_camera_msgs/srv/detail/application_config_read__functions.c
[1.029s] -- Up-to-date: /home/auguste/Code/Stage/Stage_Univ_S1/ws/install/realsense2_camera_msgs/include/realsense2_camera_msgs/realsense2_camera_msgs/srv/detail/safety_preset_read__struct.h
[1.029s] -- Up-to-date: /home/auguste/Code/Stage/Stage_Univ_S1/ws/install/realsense2_camera_msgs/include/realsense2_camera_msgs/realsense2_camera_msgs/srv/detail/application_config_read__struct.h
[1.029s] -- Up-to-date: /home/auguste/Code/Stage/Stage_Univ_S1/ws/install/realsense2_camera_msgs/include/realsense2_camera_msgs/realsense2_camera_msgs/srv/detail/application_config_read__description.c
[1.029s] -- Up-to-date: /home/auguste/Code/Stage/Stage_Univ_S1/ws/install/realsense2_camera_msgs/include/realsense2_camera_msgs/realsense2_camera_msgs/srv/detail/device_info__functions.h
[1.029s] -- Installing: /home/auguste/Code/Stage/Stage_Univ_S1/ws/install/realsense2_camera_msgs/include/realsense2_camera_msgs/realsense2_camera_msgs/srv/detail/application_config_read__type_support.c
[1.029s] -- Installing: /home/auguste/Code/Stage/Stage_Univ_S1/ws/install/realsense2_camera_msgs/include/realsense2_camera_msgs/realsense2_camera_msgs/srv/detail/safety_interface_config_write__type_support.c
[1.030s] -- Up-to-date: /home/auguste/Code/Stage/Stage_Univ_S1/ws/install/realsense2_camera_msgs/include/realsense2_camera_msgs/realsense2_camera_msgs/srv/detail/safety_preset_read__type_support.h
[1.030s] -- Up-to-date: /home/auguste/Code/Stage/Stage_Univ_S1/ws/install/realsense2_camera_msgs/include/realsense2_camera_msgs/realsense2_camera_msgs/srv/detail/device_info__type_support.h
[1.030s] -- Up-to-date: /home/auguste/Code/Stage/Stage_Univ_S1/ws/install/realsense2_camera_msgs/include/realsense2_camera_msgs/realsense2_camera_msgs/srv/detail/safety_interface_config_write__struct.h
[1.030s] -- Up-to-date: /home/auguste/Code/Stage/Stage_Univ_S1/ws/install/realsense2_camera_msgs/include/realsense2_camera_msgs/realsense2_camera_msgs/srv/detail/calib_config_read__description.c
[1.030s] -- Up-to-date: /home/auguste/Code/Stage/Stage_Univ_S1/ws/install/realsense2_camera_msgs/include/realsense2_camera_msgs/realsense2_camera_msgs/srv/detail/hardware_monitor_command_send__functions.c
[1.030s] -- Up-to-date: /home/auguste/Code/Stage/Stage_Univ_S1/ws/install/realsense2_camera_msgs/include/realsense2_camera_msgs/realsense2_camera_msgs/srv/detail/safety_interface_config_read__struct.h
[1.030s] -- Up-to-date: /home/auguste/Code/Stage/Stage_Univ_S1/ws/install/realsense2_camera_msgs/include/realsense2_camera_msgs/realsense2_camera_msgs/srv/detail/calib_config_write__functions.c
[1.030s] -- Up-to-date: /home/auguste/Code/Stage/Stage_Univ_S1/ws/install/realsense2_camera_msgs/include/realsense2_camera_msgs/realsense2_camera_msgs/srv/detail/device_info__description.c
[1.031s] -- Up-to-date: /home/auguste/Code/Stage/Stage_Univ_S1/ws/install/realsense2_camera_msgs/include/realsense2_camera_msgs/realsense2_camera_msgs/srv/detail/application_config_write__type_support.h
[1.031s] -- Up-to-date: /home/auguste/Code/Stage/Stage_Univ_S1/ws/install/realsense2_camera_msgs/include/realsense2_camera_msgs/realsense2_camera_msgs/srv/detail/application_config_write__description.c
[1.031s] -- Up-to-date: /home/auguste/Code/Stage/Stage_Univ_S1/ws/install/realsense2_camera_msgs/include/realsense2_camera_msgs/realsense2_camera_msgs/srv/detail/application_config_read__type_support.h
[1.032s] -- Installing: /home/auguste/Code/Stage/Stage_Univ_S1/ws/install/realsense2_camera_msgs/include/realsense2_camera_msgs/realsense2_camera_msgs/srv/detail/calib_config_write__type_support.c
[1.032s] -- Up-to-date: /home/auguste/Code/Stage/Stage_Univ_S1/ws/install/realsense2_camera_msgs/include/realsense2_camera_msgs/realsense2_camera_msgs/srv/detail/safety_interface_config_read__functions.h
[1.032s] -- Up-to-date: /home/auguste/Code/Stage/Stage_Univ_S1/ws/install/realsense2_camera_msgs/include/realsense2_camera_msgs/realsense2_camera_msgs/srv/detail/calib_config_read__type_support.h
[1.032s] -- Installing: /home/auguste/Code/Stage/Stage_Univ_S1/ws/install/realsense2_camera_msgs/include/realsense2_camera_msgs/realsense2_camera_msgs/srv/detail/safety_interface_config_read__type_support.c
[1.032s] -- Up-to-date: /home/auguste/Code/Stage/Stage_Univ_S1/ws/install/realsense2_camera_msgs/include/realsense2_camera_msgs/realsense2_camera_msgs/srv/detail/application_config_write__functions.c
[1.032s] -- Up-to-date: /home/auguste/Code/Stage/Stage_Univ_S1/ws/install/realsense2_camera_msgs/include/realsense2_camera_msgs/realsense2_camera_msgs/srv/detail/application_config_read__functions.h
[1.032s] -- Up-to-date: /home/auguste/Code/Stage/Stage_Univ_S1/ws/install/realsense2_camera_msgs/include/realsense2_camera_msgs/realsense2_camera_msgs/srv/detail/calib_config_write__functions.h
[1.032s] -- Up-to-date: /home/auguste/Code/Stage/Stage_Univ_S1/ws/install/realsense2_camera_msgs/include/realsense2_camera_msgs/realsense2_camera_msgs/srv/detail/safety_interface_config_write__description.c
[1.033s] -- Up-to-date: /home/auguste/Code/Stage/Stage_Univ_S1/ws/install/realsense2_camera_msgs/include/realsense2_camera_msgs/realsense2_camera_msgs/srv/detail/safety_interface_config_read__functions.c
[1.033s] -- Up-to-date: /home/auguste/Code/Stage/Stage_Univ_S1/ws/install/realsense2_camera_msgs/include/realsense2_camera_msgs/realsense2_camera_msgs/srv/detail/safety_preset_write__functions.h
[1.033s] -- Up-to-date: /home/auguste/Code/Stage/Stage_Univ_S1/ws/install/realsense2_camera_msgs/include/realsense2_camera_msgs/realsense2_camera_msgs/srv/detail/device_info__functions.c
[1.033s] -- Up-to-date: /home/auguste/Code/Stage/Stage_Univ_S1/ws/install/realsense2_camera_msgs/include/realsense2_camera_msgs/realsense2_camera_msgs/srv/detail/safety_interface_config_read__description.c
[1.033s] -- Up-to-date: /home/auguste/Code/Stage/Stage_Univ_S1/ws/install/realsense2_camera_msgs/include/realsense2_camera_msgs/realsense2_camera_msgs/srv/detail/application_config_write__struct.h
[1.034s] -- Up-to-date: /home/auguste/Code/Stage/Stage_Univ_S1/ws/install/realsense2_camera_msgs/include/realsense2_camera_msgs/realsense2_camera_msgs/srv/detail/safety_interface_config_write__functions.c
[1.034s] -- Up-to-date: /home/auguste/Code/Stage/Stage_Univ_S1/ws/install/realsense2_camera_msgs/include/realsense2_camera_msgs/realsense2_camera_msgs/srv/detail/safety_preset_write__struct.h
[1.034s] -- Up-to-date: /home/auguste/Code/Stage/Stage_Univ_S1/ws/install/realsense2_camera_msgs/include/realsense2_camera_msgs/realsense2_camera_msgs/srv/detail/calib_config_read__functions.h
[1.034s] -- Up-to-date: /home/auguste/Code/Stage/Stage_Univ_S1/ws/install/realsense2_camera_msgs/include/realsense2_camera_msgs/realsense2_camera_msgs/srv/detail/hardware_monitor_command_send__type_support.h
[1.034s] -- Installing: /home/auguste/Code/Stage/Stage_Univ_S1/ws/install/realsense2_camera_msgs/include/realsense2_camera_msgs/realsense2_camera_msgs/srv/detail/safety_preset_write__type_support.c
[1.034s] -- Up-to-date: /home/auguste/Code/Stage/Stage_Univ_S1/ws/install/realsense2_camera_msgs/include/realsense2_camera_msgs/realsense2_camera_msgs/srv/detail/safety_preset_write__description.c
[1.034s] -- Up-to-date: /home/auguste/Code/Stage/Stage_Univ_S1/ws/install/realsense2_camera_msgs/include/realsense2_camera_msgs/realsense2_camera_msgs/srv/detail/safety_preset_read__functions.c
[1.034s] -- Up-to-date: /home/auguste/Code/Stage/Stage_Univ_S1/ws/install/realsense2_camera_msgs/include/realsense2_camera_msgs/realsense2_camera_msgs/srv/detail/application_config_write__functions.h
[1.034s] -- Installing: /home/auguste/Code/Stage/Stage_Univ_S1/ws/install/realsense2_camera_msgs/include/realsense2_camera_msgs/realsense2_camera_msgs/srv/detail/calib_config_read__type_support.c
[1.034s] -- Up-to-date: /home/auguste/Code/Stage/Stage_Univ_S1/ws/install/realsense2_camera_msgs/include/realsense2_camera_msgs/realsense2_camera_msgs/srv/detail/safety_interface_config_write__functions.h
[1.034s] -- Up-to-date: /home/auguste/Code/Stage/Stage_Univ_S1/ws/install/realsense2_camera_msgs/include/realsense2_camera_msgs/realsense2_camera_msgs/srv/detail/calib_config_read__struct.h
[1.035s] -- Up-to-date: /home/auguste/Code/Stage/Stage_Univ_S1/ws/install/realsense2_camera_msgs/include/realsense2_camera_msgs/realsense2_camera_msgs/srv/detail/hardware_monitor_command_send__functions.h
[1.035s] -- Up-to-date: /home/auguste/Code/Stage/Stage_Univ_S1/ws/install/realsense2_camera_msgs/include/realsense2_camera_msgs/realsense2_camera_msgs/srv/detail/safety_preset_read__functions.h
[1.035s] -- Up-to-date: /home/auguste/Code/Stage/Stage_Univ_S1/ws/install/realsense2_camera_msgs/include/realsense2_camera_msgs/realsense2_camera_msgs/srv/detail/hardware_monitor_command_send__struct.h
[1.035s] -- Installing: /home/auguste/Code/Stage/Stage_Univ_S1/ws/install/realsense2_camera_msgs/include/realsense2_camera_msgs/realsense2_camera_msgs/srv/detail/safety_preset_read__type_support.c
[1.035s] -- Up-to-date: /home/auguste/Code/Stage/Stage_Univ_S1/ws/install/realsense2_camera_msgs/include/realsense2_camera_msgs/realsense2_camera_msgs/srv/detail/safety_preset_write__type_support.h
[1.035s] -- Up-to-date: /home/auguste/Code/Stage/Stage_Univ_S1/ws/install/realsense2_camera_msgs/include/realsense2_camera_msgs/realsense2_camera_msgs/srv/detail/safety_preset_write__functions.c
[1.035s] -- Up-to-date: /home/auguste/Code/Stage/Stage_Univ_S1/ws/install/realsense2_camera_msgs/include/realsense2_camera_msgs/realsense2_camera_msgs/srv/detail/safety_preset_read__description.c
[1.036s] -- Up-to-date: /home/auguste/Code/Stage/Stage_Univ_S1/ws/install/realsense2_camera_msgs/include/realsense2_camera_msgs/realsense2_camera_msgs/srv/detail/calib_config_write__type_support.h
[1.036s] -- Installing: /home/auguste/Code/Stage/Stage_Univ_S1/ws/install/realsense2_camera_msgs/include/realsense2_camera_msgs/realsense2_camera_msgs/srv/detail/device_info__type_support.c
[1.036s] -- Up-to-date: /home/auguste/Code/Stage/Stage_Univ_S1/ws/install/realsense2_camera_msgs/include/realsense2_camera_msgs/realsense2_camera_msgs/srv/application_config_read.h
[1.036s] -- Up-to-date: /home/auguste/Code/Stage/Stage_Univ_S1/ws/install/realsense2_camera_msgs/include/realsense2_camera_msgs/realsense2_camera_msgs/srv/application_config_write.h
[1.036s] -- Up-to-date: /home/auguste/Code/Stage/Stage_Univ_S1/ws/install/realsense2_camera_msgs/include/realsense2_camera_msgs/realsense2_camera_msgs/action
[1.036s] -- Up-to-date: /home/auguste/Code/Stage/Stage_Univ_S1/ws/install/realsense2_camera_msgs/include/realsense2_camera_msgs/realsense2_camera_msgs/action/triggered_calibration.h
[1.036s] -- Up-to-date: /home/auguste/Code/Stage/Stage_Univ_S1/ws/install/realsense2_camera_msgs/include/realsense2_camera_msgs/realsense2_camera_msgs/action/detail
[1.036s] -- Up-to-date: /home/auguste/Code/Stage/Stage_Univ_S1/ws/install/realsense2_camera_msgs/include/realsense2_camera_msgs/realsense2_camera_msgs/action/detail/triggered_calibration__functions.h
[1.036s] -- Up-to-date: /home/auguste/Code/Stage/Stage_Univ_S1/ws/install/realsense2_camera_msgs/include/realsense2_camera_msgs/realsense2_camera_msgs/action/detail/triggered_calibration__functions.c
[1.036s] -- Up-to-date: /home/auguste/Code/Stage/Stage_Univ_S1/ws/install/realsense2_camera_msgs/include/realsense2_camera_msgs/realsense2_camera_msgs/action/detail/triggered_calibration__struct.h
[1.037s] -- Up-to-date: /home/auguste/Code/Stage/Stage_Univ_S1/ws/install/realsense2_camera_msgs/include/realsense2_camera_msgs/realsense2_camera_msgs/action/detail/triggered_calibration__type_support.h
[1.037s] -- Installing: /home/auguste/Code/Stage/Stage_Univ_S1/ws/install/realsense2_camera_msgs/include/realsense2_camera_msgs/realsense2_camera_msgs/action/detail/triggered_calibration__type_support.c
[1.037s] -- Up-to-date: /home/auguste/Code/Stage/Stage_Univ_S1/ws/install/realsense2_camera_msgs/include/realsense2_camera_msgs/realsense2_camera_msgs/action/detail/triggered_calibration__description.c
[1.037s] -- Up-to-date: /home/auguste/Code/Stage/Stage_Univ_S1/ws/install/realsense2_camera_msgs/include/realsense2_camera_msgs/realsense2_camera_msgs/msg
[1.037s] -- Up-to-date: /home/auguste/Code/Stage/Stage_Univ_S1/ws/install/realsense2_camera_msgs/include/realsense2_camera_msgs/realsense2_camera_msgs/msg/extrinsics.h
[1.037s] -- Up-to-date: /home/auguste/Code/Stage/Stage_Univ_S1/ws/install/realsense2_camera_msgs/include/realsense2_camera_msgs/realsense2_camera_msgs/msg/rosidl_generator_c__visibility_control.h
[1.037s] -- Up-to-date: /home/auguste/Code/Stage/Stage_Univ_S1/ws/install/realsense2_camera_msgs/include/realsense2_camera_msgs/realsense2_camera_msgs/msg/imu_info.h
[1.037s] -- Up-to-date: /home/auguste/Code/Stage/Stage_Univ_S1/ws/install/realsense2_camera_msgs/include/realsense2_camera_msgs/realsense2_camera_msgs/msg/rgbd.h
[1.037s] -- Up-to-date: /home/auguste/Code/Stage/Stage_Univ_S1/ws/install/realsense2_camera_msgs/include/realsense2_camera_msgs/realsense2_camera_msgs/msg/detail
[1.037s] -- Up-to-date: /home/auguste/Code/Stage/Stage_Univ_S1/ws/install/realsense2_camera_msgs/include/realsense2_camera_msgs/realsense2_camera_msgs/msg/detail/imu_info__functions.h
[1.037s] -- Up-to-date: /home/auguste/Code/Stage/Stage_Univ_S1/ws/install/realsense2_camera_msgs/include/realsense2_camera_msgs/realsense2_camera_msgs/msg/detail/extrinsics__description.c
[1.038s] -- Installing: /home/auguste/Code/Stage/Stage_Univ_S1/ws/install/realsense2_camera_msgs/include/realsense2_camera_msgs/realsense2_camera_msgs/msg/detail/imu_info__type_support.c
[1.038s] -- Up-to-date: /home/auguste/Code/Stage/Stage_Univ_S1/ws/install/realsense2_camera_msgs/include/realsense2_camera_msgs/realsense2_camera_msgs/msg/detail/rgbd__type_support.h
[1.038s] -- Up-to-date: /home/auguste/Code/Stage/Stage_Univ_S1/ws/install/realsense2_camera_msgs/include/realsense2_camera_msgs/realsense2_camera_msgs/msg/detail/extrinsics__type_support.h
[1.038s] -- Up-to-date: /home/auguste/Code/Stage/Stage_Univ_S1/ws/install/realsense2_camera_msgs/include/realsense2_camera_msgs/realsense2_camera_msgs/msg/detail/rgbd__functions.h
[1.038s] -- Up-to-date: /home/auguste/Code/Stage/Stage_Univ_S1/ws/install/realsense2_camera_msgs/include/realsense2_camera_msgs/realsense2_camera_msgs/msg/detail/extrinsics__functions.c
[1.038s] -- Up-to-date: /home/auguste/Code/Stage/Stage_Univ_S1/ws/install/realsense2_camera_msgs/include/realsense2_camera_msgs/realsense2_camera_msgs/msg/detail/rgbd__description.c
[1.038s] -- Up-to-date: /home/auguste/Code/Stage/Stage_Univ_S1/ws/install/realsense2_camera_msgs/include/realsense2_camera_msgs/realsense2_camera_msgs/msg/detail/extrinsics__functions.h
[1.038s] -- Up-to-date: /home/auguste/Code/Stage/Stage_Univ_S1/ws/install/realsense2_camera_msgs/include/realsense2_camera_msgs/realsense2_camera_msgs/msg/detail/rgbd__struct.h
[1.038s] -- Installing: /home/auguste/Code/Stage/Stage_Univ_S1/ws/install/realsense2_camera_msgs/include/realsense2_camera_msgs/realsense2_camera_msgs/msg/detail/extrinsics__type_support.c
[1.038s] -- Up-to-date: /home/auguste/Code/Stage/Stage_Univ_S1/ws/install/realsense2_camera_msgs/include/realsense2_camera_msgs/realsense2_camera_msgs/msg/detail/metadata__struct.h
[1.038s] -- Up-to-date: /home/auguste/Code/Stage/Stage_Univ_S1/ws/install/realsense2_camera_msgs/include/realsense2_camera_msgs/realsense2_camera_msgs/msg/detail/imu_info__functions.c
[1.038s] -- Up-to-date: /home/auguste/Code/Stage/Stage_Univ_S1/ws/install/realsense2_camera_msgs/include/realsense2_camera_msgs/realsense2_camera_msgs/msg/detail/rgbd__functions.c
[1.039s] -- Up-to-date: /home/auguste/Code/Stage/Stage_Univ_S1/ws/install/realsense2_camera_msgs/include/realsense2_camera_msgs/realsense2_camera_msgs/msg/detail/imu_info__struct.h
[1.039s] -- Up-to-date: /home/auguste/Code/Stage/Stage_Univ_S1/ws/install/realsense2_camera_msgs/include/realsense2_camera_msgs/realsense2_camera_msgs/msg/detail/metadata__functions.c
[1.039s] -- Up-to-date: /home/auguste/Code/Stage/Stage_Univ_S1/ws/install/realsense2_camera_msgs/include/realsense2_camera_msgs/realsense2_camera_msgs/msg/detail/metadata__type_support.h
[1.039s] -- Up-to-date: /home/auguste/Code/Stage/Stage_Univ_S1/ws/install/realsense2_camera_msgs/include/realsense2_camera_msgs/realsense2_camera_msgs/msg/detail/imu_info__description.c
[1.039s] -- Installing: /home/auguste/Code/Stage/Stage_Univ_S1/ws/install/realsense2_camera_msgs/include/realsense2_camera_msgs/realsense2_camera_msgs/msg/detail/metadata__type_support.c
[1.039s] -- Installing: /home/auguste/Code/Stage/Stage_Univ_S1/ws/install/realsense2_camera_msgs/include/realsense2_camera_msgs/realsense2_camera_msgs/msg/detail/rgbd__type_support.c
[1.039s] -- Up-to-date: /home/auguste/Code/Stage/Stage_Univ_S1/ws/install/realsense2_camera_msgs/include/realsense2_camera_msgs/realsense2_camera_msgs/msg/detail/metadata__description.c
[1.039s] -- Up-to-date: /home/auguste/Code/Stage/Stage_Univ_S1/ws/install/realsense2_camera_msgs/include/realsense2_camera_msgs/realsense2_camera_msgs/msg/detail/extrinsics__struct.h
[1.039s] -- Up-to-date: /home/auguste/Code/Stage/Stage_Univ_S1/ws/install/realsense2_camera_msgs/include/realsense2_camera_msgs/realsense2_camera_msgs/msg/detail/metadata__functions.h
[1.039s] -- Up-to-date: /home/auguste/Code/Stage/Stage_Univ_S1/ws/install/realsense2_camera_msgs/include/realsense2_camera_msgs/realsense2_camera_msgs/msg/detail/imu_info__type_support.h
[1.039s] -- Up-to-date: /home/auguste/Code/Stage/Stage_Univ_S1/ws/install/realsense2_camera_msgs/include/realsense2_camera_msgs/realsense2_camera_msgs/msg/metadata.h
[1.039s] -- Up-to-date: /home/auguste/Code/Stage/Stage_Univ_S1/ws/install/realsense2_camera_msgs/share/realsense2_camera_msgs/environment/library_path.sh
[1.040s] -- Up-to-date: /home/auguste/Code/Stage/Stage_Univ_S1/ws/install/realsense2_camera_msgs/share/realsense2_camera_msgs/environment/library_path.dsv
[1.040s] -- Up-to-date: /home/auguste/Code/Stage/Stage_Univ_S1/ws/install/realsense2_camera_msgs/lib/librealsense2_camera_msgs__rosidl_generator_c.so
[1.040s] -- Up-to-date: /home/auguste/Code/Stage/Stage_Univ_S1/ws/install/realsense2_camera_msgs/include/realsense2_camera_msgs/realsense2_camera_msgs
[1.040s] -- Up-to-date: /home/auguste/Code/Stage/Stage_Univ_S1/ws/install/realsense2_camera_msgs/include/realsense2_camera_msgs/realsense2_camera_msgs/srv
[1.040s] -- Up-to-date: /home/auguste/Code/Stage/Stage_Univ_S1/ws/install/realsense2_camera_msgs/include/realsense2_camera_msgs/realsense2_camera_msgs/srv/detail
[1.040s] -- Up-to-date: /home/auguste/Code/Stage/Stage_Univ_S1/ws/install/realsense2_camera_msgs/include/realsense2_camera_msgs/realsense2_camera_msgs/srv/detail/calib_config_read__rosidl_typesupport_fastrtps_c.h
[1.040s] -- Up-to-date: /home/auguste/Code/Stage/Stage_Univ_S1/ws/install/realsense2_camera_msgs/include/realsense2_camera_msgs/realsense2_camera_msgs/srv/detail/application_config_read__rosidl_typesupport_fastrtps_c.h
[1.040s] -- Up-to-date: /home/auguste/Code/Stage/Stage_Univ_S1/ws/install/realsense2_camera_msgs/include/realsense2_camera_msgs/realsense2_camera_msgs/srv/detail/calib_config_write__rosidl_typesupport_fastrtps_c.h
[1.041s] -- Up-to-date: /home/auguste/Code/Stage/Stage_Univ_S1/ws/install/realsense2_camera_msgs/include/realsense2_camera_msgs/realsense2_camera_msgs/srv/detail/application_config_write__rosidl_typesupport_fastrtps_c.h
[1.041s] -- Up-to-date: /home/auguste/Code/Stage/Stage_Univ_S1/ws/install/realsense2_camera_msgs/include/realsense2_camera_msgs/realsense2_camera_msgs/srv/detail/safety_interface_config_read__rosidl_typesupport_fastrtps_c.h
[1.041s] -- Up-to-date: /home/auguste/Code/Stage/Stage_Univ_S1/ws/install/realsense2_camera_msgs/include/realsense2_camera_msgs/realsense2_camera_msgs/srv/detail/safety_interface_config_write__rosidl_typesupport_fastrtps_c.h
[1.041s] -- Up-to-date: /home/auguste/Code/Stage/Stage_Univ_S1/ws/install/realsense2_camera_msgs/include/realsense2_camera_msgs/realsense2_camera_msgs/srv/detail/safety_preset_write__rosidl_typesupport_fastrtps_c.h
[1.041s] -- Up-to-date: /home/auguste/Code/Stage/Stage_Univ_S1/ws/install/realsense2_camera_msgs/include/realsense2_camera_msgs/realsense2_camera_msgs/srv/detail/hardware_monitor_command_send__rosidl_typesupport_fastrtps_c.h
[1.041s] -- Up-to-date: /home/auguste/Code/Stage/Stage_Univ_S1/ws/install/realsense2_camera_msgs/include/realsense2_camera_msgs/realsense2_camera_msgs/srv/detail/device_info__rosidl_typesupport_fastrtps_c.h
[1.041s] -- Up-to-date: /home/auguste/Code/Stage/Stage_Univ_S1/ws/install/realsense2_camera_msgs/include/realsense2_camera_msgs/realsense2_camera_msgs/srv/detail/safety_preset_read__rosidl_typesupport_fastrtps_c.h
[1.041s] -- Up-to-date: /home/auguste/Code/Stage/Stage_Univ_S1/ws/install/realsense2_camera_msgs/include/realsense2_camera_msgs/realsense2_camera_msgs/action
[1.041s] -- Up-to-date: /home/auguste/Code/Stage/Stage_Univ_S1/ws/install/realsense2_camera_msgs/include/realsense2_camera_msgs/realsense2_camera_msgs/action/detail
[1.041s] -- Up-to-date: /home/auguste/Code/Stage/Stage_Univ_S1/ws/install/realsense2_camera_msgs/include/realsense2_camera_msgs/realsense2_camera_msgs/action/detail/triggered_calibration__rosidl_typesupport_fastrtps_c.h
[1.041s] -- Up-to-date: /home/auguste/Code/Stage/Stage_Univ_S1/ws/install/realsense2_camera_msgs/include/realsense2_camera_msgs/realsense2_camera_msgs/msg
[1.041s] -- Up-to-date: /home/auguste/Code/Stage/Stage_Univ_S1/ws/install/realsense2_camera_msgs/include/realsense2_camera_msgs/realsense2_camera_msgs/msg/rosidl_typesupport_fastrtps_c__visibility_control.h
[1.041s] -- Up-to-date: /home/auguste/Code/Stage/Stage_Univ_S1/ws/install/realsense2_camera_msgs/include/realsense2_camera_msgs/realsense2_camera_msgs/msg/detail
[1.041s] -- Up-to-date: /home/auguste/Code/Stage/Stage_Univ_S1/ws/install/realsense2_camera_msgs/include/realsense2_camera_msgs/realsense2_camera_msgs/msg/detail/rgbd__rosidl_typesupport_fastrtps_c.h
[1.042s] -- Up-to-date: /home/auguste/Code/Stage/Stage_Univ_S1/ws/install/realsense2_camera_msgs/include/realsense2_camera_msgs/realsense2_camera_msgs/msg/detail/metadata__rosidl_typesupport_fastrtps_c.h
[1.042s] -- Up-to-date: /home/auguste/Code/Stage/Stage_Univ_S1/ws/install/realsense2_camera_msgs/include/realsense2_camera_msgs/realsense2_camera_msgs/msg/detail/imu_info__rosidl_typesupport_fastrtps_c.h
[1.042s] -- Up-to-date: /home/auguste/Code/Stage/Stage_Univ_S1/ws/install/realsense2_camera_msgs/include/realsense2_camera_msgs/realsense2_camera_msgs/msg/detail/extrinsics__rosidl_typesupport_fastrtps_c.h
[1.042s] -- Up-to-date: /home/auguste/Code/Stage/Stage_Univ_S1/ws/install/realsense2_camera_msgs/lib/librealsense2_camera_msgs__rosidl_typesupport_fastrtps_c.so
[1.042s] -- Up-to-date: /home/auguste/Code/Stage/Stage_Univ_S1/ws/install/realsense2_camera_msgs/include/realsense2_camera_msgs/realsense2_camera_msgs
[1.042s] -- Up-to-date: /home/auguste/Code/Stage/Stage_Univ_S1/ws/install/realsense2_camera_msgs/include/realsense2_camera_msgs/realsense2_camera_msgs/srv
[1.042s] -- Up-to-date: /home/auguste/Code/Stage/Stage_Univ_S1/ws/install/realsense2_camera_msgs/include/realsense2_camera_msgs/realsense2_camera_msgs/srv/detail
[1.042s] -- Up-to-date: /home/auguste/Code/Stage/Stage_Univ_S1/ws/install/realsense2_camera_msgs/include/realsense2_camera_msgs/realsense2_camera_msgs/srv/detail/safety_interface_config_write__rosidl_typesupport_introspection_c.h
[1.042s] -- Installing: /home/auguste/Code/Stage/Stage_Univ_S1/ws/install/realsense2_camera_msgs/include/realsense2_camera_msgs/realsense2_camera_msgs/srv/detail/application_config_write__type_support.c
[1.042s] -- Up-to-date: /home/auguste/Code/Stage/Stage_Univ_S1/ws/install/realsense2_camera_msgs/include/realsense2_camera_msgs/realsense2_camera_msgs/srv/detail/safety_preset_write__rosidl_typesupport_introspection_c.h
[1.042s] -- Installing: /home/auguste/Code/Stage/Stage_Univ_S1/ws/install/realsense2_camera_msgs/include/realsense2_camera_msgs/realsense2_camera_msgs/srv/detail/hardware_monitor_command_send__type_support.c
[1.042s] -- Installing: /home/auguste/Code/Stage/Stage_Univ_S1/ws/install/realsense2_camera_msgs/include/realsense2_camera_msgs/realsense2_camera_msgs/srv/detail/application_config_read__type_support.c
[1.043s] -- Up-to-date: /home/auguste/Code/Stage/Stage_Univ_S1/ws/install/realsense2_camera_msgs/include/realsense2_camera_msgs/realsense2_camera_msgs/srv/detail/calib_config_write__rosidl_typesupport_introspection_c.h
[1.043s] -- Installing: /home/auguste/Code/Stage/Stage_Univ_S1/ws/install/realsense2_camera_msgs/include/realsense2_camera_msgs/realsense2_camera_msgs/srv/detail/safety_interface_config_write__type_support.c
[1.043s] -- Up-to-date: /home/auguste/Code/Stage/Stage_Univ_S1/ws/install/realsense2_camera_msgs/include/realsense2_camera_msgs/realsense2_camera_msgs/srv/detail/calib_config_read__rosidl_typesupport_introspection_c.h
[1.043s] -- Up-to-date: /home/auguste/Code/Stage/Stage_Univ_S1/ws/install/realsense2_camera_msgs/include/realsense2_camera_msgs/realsense2_camera_msgs/srv/detail/device_info__rosidl_typesupport_introspection_c.h
[1.043s] -- Installing: /home/auguste/Code/Stage/Stage_Univ_S1/ws/install/realsense2_camera_msgs/include/realsense2_camera_msgs/realsense2_camera_msgs/srv/detail/calib_config_write__type_support.c
[1.043s] -- Installing: /home/auguste/Code/Stage/Stage_Univ_S1/ws/install/realsense2_camera_msgs/include/realsense2_camera_msgs/realsense2_camera_msgs/srv/detail/safety_interface_config_read__type_support.c
[1.043s] -- Up-to-date: /home/auguste/Code/Stage/Stage_Univ_S1/ws/install/realsense2_camera_msgs/include/realsense2_camera_msgs/realsense2_camera_msgs/srv/detail/application_config_read__rosidl_typesupport_introspection_c.h
[1.043s] -- Installing: /home/auguste/Code/Stage/Stage_Univ_S1/ws/install/realsense2_camera_msgs/include/realsense2_camera_msgs/realsense2_camera_msgs/srv/detail/safety_preset_write__type_support.c
[1.043s] -- Up-to-date: /home/auguste/Code/Stage/Stage_Univ_S1/ws/install/realsense2_camera_msgs/include/realsense2_camera_msgs/realsense2_camera_msgs/srv/detail/safety_interface_config_read__rosidl_typesupport_introspection_c.h
[1.043s] -- Installing: /home/auguste/Code/Stage/Stage_Univ_S1/ws/install/realsense2_camera_msgs/include/realsense2_camera_msgs/realsense2_camera_msgs/srv/detail/calib_config_read__type_support.c
[1.043s] -- Up-to-date: /home/auguste/Code/Stage/Stage_Univ_S1/ws/install/realsense2_camera_msgs/include/realsense2_camera_msgs/realsense2_camera_msgs/srv/detail/hardware_monitor_command_send__rosidl_typesupport_introspection_c.h
[1.043s] -- Up-to-date: /home/auguste/Code/Stage/Stage_Univ_S1/ws/install/realsense2_camera_msgs/include/realsense2_camera_msgs/realsense2_camera_msgs/srv/detail/safety_preset_read__rosidl_typesupport_introspection_c.h
[1.044s] -- Up-to-date: /home/auguste/Code/Stage/Stage_Univ_S1/ws/install/realsense2_camera_msgs/include/realsense2_camera_msgs/realsense2_camera_msgs/srv/detail/application_config_write__rosidl_typesupport_introspection_c.h
[1.044s] -- Installing: /home/auguste/Code/Stage/Stage_Univ_S1/ws/install/realsense2_camera_msgs/include/realsense2_camera_msgs/realsense2_camera_msgs/srv/detail/safety_preset_read__type_support.c
[1.044s] -- Installing: /home/auguste/Code/Stage/Stage_Univ_S1/ws/install/realsense2_camera_msgs/include/realsense2_camera_msgs/realsense2_camera_msgs/srv/detail/device_info__type_support.c
[1.044s] -- Up-to-date: /home/auguste/Code/Stage/Stage_Univ_S1/ws/install/realsense2_camera_msgs/include/realsense2_camera_msgs/realsense2_camera_msgs/action
[1.044s] -- Up-to-date: /home/auguste/Code/Stage/Stage_Univ_S1/ws/install/realsense2_camera_msgs/include/realsense2_camera_msgs/realsense2_camera_msgs/action/detail
[1.044s] -- Up-to-date: /home/auguste/Code/Stage/Stage_Univ_S1/ws/install/realsense2_camera_msgs/include/realsense2_camera_msgs/realsense2_camera_msgs/action/detail/triggered_calibration__rosidl_typesupport_introspection_c.h
[1.044s] -- Installing: /home/auguste/Code/Stage/Stage_Univ_S1/ws/install/realsense2_camera_msgs/include/realsense2_camera_msgs/realsense2_camera_msgs/action/detail/triggered_calibration__type_support.c
[1.044s] -- Up-to-date: /home/auguste/Code/Stage/Stage_Univ_S1/ws/install/realsense2_camera_msgs/include/realsense2_camera_msgs/realsense2_camera_msgs/msg
[1.044s] -- Up-to-date: /home/auguste/Code/Stage/Stage_Univ_S1/ws/install/realsense2_camera_msgs/include/realsense2_camera_msgs/realsense2_camera_msgs/msg/rosidl_typesupport_introspection_c__visibility_control.h
[1.045s] -- Up-to-date: /home/auguste/Code/Stage/Stage_Univ_S1/ws/install/realsense2_camera_msgs/include/realsense2_camera_msgs/realsense2_camera_msgs/msg/detail
[1.045s] -- Up-to-date: /home/auguste/Code/Stage/Stage_Univ_S1/ws/install/realsense2_camera_msgs/include/realsense2_camera_msgs/realsense2_camera_msgs/msg/detail/extrinsics__rosidl_typesupport_introspection_c.h
[1.045s] -- Installing: /home/auguste/Code/Stage/Stage_Univ_S1/ws/install/realsense2_camera_msgs/include/realsense2_camera_msgs/realsense2_camera_msgs/msg/detail/imu_info__type_support.c
[1.045s] -- Installing: /home/auguste/Code/Stage/Stage_Univ_S1/ws/install/realsense2_camera_msgs/include/realsense2_camera_msgs/realsense2_camera_msgs/msg/detail/extrinsics__type_support.c
[1.045s] -- Installing: /home/auguste/Code/Stage/Stage_Univ_S1/ws/install/realsense2_camera_msgs/include/realsense2_camera_msgs/realsense2_camera_msgs/msg/detail/metadata__type_support.c
[1.045s] -- Up-to-date: /home/auguste/Code/Stage/Stage_Univ_S1/ws/install/realsense2_camera_msgs/include/realsense2_camera_msgs/realsense2_camera_msgs/msg/detail/rgbd__rosidl_typesupport_introspection_c.h
[1.045s] -- Installing: /home/auguste/Code/Stage/Stage_Univ_S1/ws/install/realsense2_camera_msgs/include/realsense2_camera_msgs/realsense2_camera_msgs/msg/detail/rgbd__type_support.c
[1.045s] -- Up-to-date: /home/auguste/Code/Stage/Stage_Univ_S1/ws/install/realsense2_camera_msgs/include/realsense2_camera_msgs/realsense2_camera_msgs/msg/detail/metadata__rosidl_typesupport_introspection_c.h
[1.045s] -- Up-to-date: /home/auguste/Code/Stage/Stage_Univ_S1/ws/install/realsense2_camera_msgs/include/realsense2_camera_msgs/realsense2_camera_msgs/msg/detail/imu_info__rosidl_typesupport_introspection_c.h
[1.045s] -- Up-to-date: /home/auguste/Code/Stage/Stage_Univ_S1/ws/install/realsense2_camera_msgs/lib/librealsense2_camera_msgs__rosidl_typesupport_introspection_c.so
[1.045s] -- Up-to-date: /home/auguste/Code/Stage/Stage_Univ_S1/ws/install/realsense2_camera_msgs/lib/librealsense2_camera_msgs__rosidl_typesupport_c.so
[1.045s] -- Up-to-date: /home/auguste/Code/Stage/Stage_Univ_S1/ws/install/realsense2_camera_msgs/include/realsense2_camera_msgs/realsense2_camera_msgs
[1.045s] -- Up-to-date: /home/auguste/Code/Stage/Stage_Univ_S1/ws/install/realsense2_camera_msgs/include/realsense2_camera_msgs/realsense2_camera_msgs/srv
[1.045s] -- Up-to-date: /home/auguste/Code/Stage/Stage_Univ_S1/ws/install/realsense2_camera_msgs/include/realsense2_camera_msgs/realsense2_camera_msgs/srv/safety_preset_write.hpp
[1.046s] -- Up-to-date: /home/auguste/Code/Stage/Stage_Univ_S1/ws/install/realsense2_camera_msgs/include/realsense2_camera_msgs/realsense2_camera_msgs/srv/device_info.hpp
[1.046s] -- Up-to-date: /home/auguste/Code/Stage/Stage_Univ_S1/ws/install/realsense2_camera_msgs/include/realsense2_camera_msgs/realsense2_camera_msgs/srv/safety_interface_config_write.hpp
[1.046s] -- Up-to-date: /home/auguste/Code/Stage/Stage_Univ_S1/ws/install/realsense2_camera_msgs/include/realsense2_camera_msgs/realsense2_camera_msgs/srv/safety_interface_config_read.hpp
[1.046s] -- Up-to-date: /home/auguste/Code/Stage/Stage_Univ_S1/ws/install/realsense2_camera_msgs/include/realsense2_camera_msgs/realsense2_camera_msgs/srv/application_config_read.hpp
[1.046s] -- Up-to-date: /home/auguste/Code/Stage/Stage_Univ_S1/ws/install/realsense2_camera_msgs/include/realsense2_camera_msgs/realsense2_camera_msgs/srv/calib_config_read.hpp
[1.046s] -- Up-to-date: /home/auguste/Code/Stage/Stage_Univ_S1/ws/install/realsense2_camera_msgs/include/realsense2_camera_msgs/realsense2_camera_msgs/srv/safety_preset_read.hpp
[1.046s] -- Up-to-date: /home/auguste/Code/Stage/Stage_Univ_S1/ws/install/realsense2_camera_msgs/include/realsense2_camera_msgs/realsense2_camera_msgs/srv/calib_config_write.hpp
[1.046s] -- Up-to-date: /home/auguste/Code/Stage/Stage_Univ_S1/ws/install/realsense2_camera_msgs/include/realsense2_camera_msgs/realsense2_camera_msgs/srv/hardware_monitor_command_send.hpp
[1.046s] -- Up-to-date: /home/auguste/Code/Stage/Stage_Univ_S1/ws/install/realsense2_camera_msgs/include/realsense2_camera_msgs/realsense2_camera_msgs/srv/application_config_write.hpp
[1.046s] -- Up-to-date: /home/auguste/Code/Stage/Stage_Univ_S1/ws/install/realsense2_camera_msgs/include/realsense2_camera_msgs/realsense2_camera_msgs/srv/detail
[1.046s] -- Up-to-date: /home/auguste/Code/Stage/Stage_Univ_S1/ws/install/realsense2_camera_msgs/include/realsense2_camera_msgs/realsense2_camera_msgs/srv/detail/calib_config_read__builder.hpp
[1.046s] -- Up-to-date: /home/auguste/Code/Stage/Stage_Univ_S1/ws/install/realsense2_camera_msgs/include/realsense2_camera_msgs/realsense2_camera_msgs/srv/detail/safety_preset_read__traits.hpp
[1.046s] -- Up-to-date: /home/auguste/Code/Stage/Stage_Univ_S1/ws/install/realsense2_camera_msgs/include/realsense2_camera_msgs/realsense2_camera_msgs/srv/detail/application_config_write__traits.hpp
[1.046s] -- Up-to-date: /home/auguste/Code/Stage/Stage_Univ_S1/ws/install/realsense2_camera_msgs/include/realsense2_camera_msgs/realsense2_camera_msgs/srv/detail/hardware_monitor_command_send__builder.hpp
[1.046s] -- Up-to-date: /home/auguste/Code/Stage/Stage_Univ_S1/ws/install/realsense2_camera_msgs/include/realsense2_camera_msgs/realsense2_camera_msgs/srv/detail/safety_preset_read__struct.hpp
[1.046s] -- Up-to-date: /home/auguste/Code/Stage/Stage_Univ_S1/ws/install/realsense2_camera_msgs/include/realsense2_camera_msgs/realsense2_camera_msgs/srv/detail/application_config_read__traits.hpp
[1.047s] -- Up-to-date: /home/auguste/Code/Stage/Stage_Univ_S1/ws/install/realsense2_camera_msgs/include/realsense2_camera_msgs/realsense2_camera_msgs/srv/detail/application_config_write__type_support.hpp
[1.047s] -- Up-to-date: /home/auguste/Code/Stage/Stage_Univ_S1/ws/install/realsense2_camera_msgs/include/realsense2_camera_msgs/realsense2_camera_msgs/srv/detail/calib_config_read__traits.hpp
[1.047s] -- Up-to-date: /home/auguste/Code/Stage/Stage_Univ_S1/ws/install/realsense2_camera_msgs/include/realsense2_camera_msgs/realsense2_camera_msgs/srv/detail/safety_interface_config_write__struct.hpp
[1.047s] -- Up-to-date: /home/auguste/Code/Stage/Stage_Univ_S1/ws/install/realsense2_camera_msgs/include/realsense2_camera_msgs/realsense2_camera_msgs/srv/detail/device_info__builder.hpp
[1.047s] -- Up-to-date: /home/auguste/Code/Stage/Stage_Univ_S1/ws/install/realsense2_camera_msgs/include/realsense2_camera_msgs/realsense2_camera_msgs/srv/detail/hardware_monitor_command_send__struct.hpp
[1.047s] -- Up-to-date: /home/auguste/Code/Stage/Stage_Univ_S1/ws/install/realsense2_camera_msgs/include/realsense2_camera_msgs/realsense2_camera_msgs/srv/detail/calib_config_read__type_support.hpp
[1.047s] -- Up-to-date: /home/auguste/Code/Stage/Stage_Univ_S1/ws/install/realsense2_camera_msgs/include/realsense2_camera_msgs/realsense2_camera_msgs/srv/detail/safety_interface_config_write__traits.hpp
[1.047s] -- Up-to-date: /home/auguste/Code/Stage/Stage_Univ_S1/ws/install/realsense2_camera_msgs/include/realsense2_camera_msgs/realsense2_camera_msgs/srv/detail/device_info__type_support.hpp
[1.048s] -- Up-to-date: /home/auguste/Code/Stage/Stage_Univ_S1/ws/install/realsense2_camera_msgs/include/realsense2_camera_msgs/realsense2_camera_msgs/srv/detail/safety_preset_write__traits.hpp
[1.048s] -- Up-to-date: /home/auguste/Code/Stage/Stage_Univ_S1/ws/install/realsense2_camera_msgs/include/realsense2_camera_msgs/realsense2_camera_msgs/srv/detail/safety_interface_config_write__type_support.hpp
[1.048s] -- Up-to-date: /home/auguste/Code/Stage/Stage_Univ_S1/ws/install/realsense2_camera_msgs/include/realsense2_camera_msgs/realsense2_camera_msgs/srv/detail/safety_interface_config_read__type_support.hpp
[1.048s] -- Up-to-date: /home/auguste/Code/Stage/Stage_Univ_S1/ws/install/realsense2_camera_msgs/include/realsense2_camera_msgs/realsense2_camera_msgs/srv/detail/safety_interface_config_write__builder.hpp
[1.048s] -- Up-to-date: /home/auguste/Code/Stage/Stage_Univ_S1/ws/install/realsense2_camera_msgs/include/realsense2_camera_msgs/realsense2_camera_msgs/srv/detail/application_config_write__builder.hpp
[1.048s] -- Up-to-date: /home/auguste/Code/Stage/Stage_Univ_S1/ws/install/realsense2_camera_msgs/include/realsense2_camera_msgs/realsense2_camera_msgs/srv/detail/calib_config_read__struct.hpp
[1.048s] -- Up-to-date: /home/auguste/Code/Stage/Stage_Univ_S1/ws/install/realsense2_camera_msgs/include/realsense2_camera_msgs/realsense2_camera_msgs/srv/detail/safety_preset_write__type_support.hpp
[1.048s] -- Up-to-date: /home/auguste/Code/Stage/Stage_Univ_S1/ws/install/realsense2_camera_msgs/include/realsense2_camera_msgs/realsense2_camera_msgs/srv/detail/device_info__struct.hpp
[1.048s] -- Up-to-date: /home/auguste/Code/Stage/Stage_Univ_S1/ws/install/realsense2_camera_msgs/include/realsense2_camera_msgs/realsense2_camera_msgs/srv/detail/device_info__traits.hpp
[1.048s] -- Up-to-date: /home/auguste/Code/Stage/Stage_Univ_S1/ws/install/realsense2_camera_msgs/include/realsense2_camera_msgs/realsense2_camera_msgs/srv/detail/safety_interface_config_read__traits.hpp
[1.048s] -- Up-to-date: /home/auguste/Code/Stage/Stage_Univ_S1/ws/install/realsense2_camera_msgs/include/realsense2_camera_msgs/realsense2_camera_msgs/srv/detail/safety_preset_write__builder.hpp
[1.048s] -- Up-to-date: /home/auguste/Code/Stage/Stage_Univ_S1/ws/install/realsense2_camera_msgs/include/realsense2_camera_msgs/realsense2_camera_msgs/srv/detail/safety_interface_config_read__builder.hpp
[1.048s] -- Up-to-date: /home/auguste/Code/Stage/Stage_Univ_S1/ws/install/realsense2_camera_msgs/include/realsense2_camera_msgs/realsense2_camera_msgs/srv/detail/safety_interface_config_read__struct.hpp
[1.048s] -- Up-to-date: /home/auguste/Code/Stage/Stage_Univ_S1/ws/install/realsense2_camera_msgs/include/realsense2_camera_msgs/realsense2_camera_msgs/srv/detail/safety_preset_read__type_support.hpp
[1.049s] -- Up-to-date: /home/auguste/Code/Stage/Stage_Univ_S1/ws/install/realsense2_camera_msgs/include/realsense2_camera_msgs/realsense2_camera_msgs/srv/detail/calib_config_write__builder.hpp
[1.049s] -- Up-to-date: /home/auguste/Code/Stage/Stage_Univ_S1/ws/install/realsense2_camera_msgs/include/realsense2_camera_msgs/realsense2_camera_msgs/srv/detail/hardware_monitor_command_send__type_support.hpp
[1.049s] -- Up-to-date: /home/auguste/Code/Stage/Stage_Univ_S1/ws/install/realsense2_camera_msgs/include/realsense2_camera_msgs/realsense2_camera_msgs/srv/detail/calib_config_write__type_support.hpp
[1.049s] -- Up-to-date: /home/auguste/Code/Stage/Stage_Univ_S1/ws/install/realsense2_camera_msgs/include/realsense2_camera_msgs/realsense2_camera_msgs/srv/detail/application_config_read__struct.hpp
[1.049s] -- Up-to-date: /home/auguste/Code/Stage/Stage_Univ_S1/ws/install/realsense2_camera_msgs/include/realsense2_camera_msgs/realsense2_camera_msgs/srv/detail/safety_preset_read__builder.hpp
[1.049s] -- Up-to-date: /home/auguste/Code/Stage/Stage_Univ_S1/ws/install/realsense2_camera_msgs/include/realsense2_camera_msgs/realsense2_camera_msgs/srv/detail/safety_preset_write__struct.hpp
[1.049s] -- Up-to-date: /home/auguste/Code/Stage/Stage_Univ_S1/ws/install/realsense2_camera_msgs/include/realsense2_camera_msgs/realsense2_camera_msgs/srv/detail/hardware_monitor_command_send__traits.hpp
[1.049s] -- Up-to-date: /home/auguste/Code/Stage/Stage_Univ_S1/ws/install/realsense2_camera_msgs/include/realsense2_camera_msgs/realsense2_camera_msgs/srv/detail/application_config_read__type_support.hpp
[1.049s] -- Up-to-date: /home/auguste/Code/Stage/Stage_Univ_S1/ws/install/realsense2_camera_msgs/include/realsense2_camera_msgs/realsense2_camera_msgs/srv/detail/application_config_write__struct.hpp
[1.049s] -- Up-to-date: /home/auguste/Code/Stage/Stage_Univ_S1/ws/install/realsense2_camera_msgs/include/realsense2_camera_msgs/realsense2_camera_msgs/srv/detail/calib_config_write__traits.hpp
[1.049s] -- Up-to-date: /home/auguste/Code/Stage/Stage_Univ_S1/ws/install/realsense2_camera_msgs/include/realsense2_camera_msgs/realsense2_camera_msgs/srv/detail/application_config_read__builder.hpp
[1.049s] -- Up-to-date: /home/auguste/Code/Stage/Stage_Univ_S1/ws/install/realsense2_camera_msgs/include/realsense2_camera_msgs/realsense2_camera_msgs/srv/detail/calib_config_write__struct.hpp
[1.049s] -- Up-to-date: /home/auguste/Code/Stage/Stage_Univ_S1/ws/install/realsense2_camera_msgs/include/realsense2_camera_msgs/realsense2_camera_msgs/action
[1.049s] -- Up-to-date: /home/auguste/Code/Stage/Stage_Univ_S1/ws/install/realsense2_camera_msgs/include/realsense2_camera_msgs/realsense2_camera_msgs/action/triggered_calibration.hpp
[1.049s] -- Up-to-date: /home/auguste/Code/Stage/Stage_Univ_S1/ws/install/realsense2_camera_msgs/include/realsense2_camera_msgs/realsense2_camera_msgs/action/detail
[1.049s] -- Up-to-date: /home/auguste/Code/Stage/Stage_Univ_S1/ws/install/realsense2_camera_msgs/include/realsense2_camera_msgs/realsense2_camera_msgs/action/detail/triggered_calibration__struct.hpp
[1.049s] -- Up-to-date: /home/auguste/Code/Stage/Stage_Univ_S1/ws/install/realsense2_camera_msgs/include/realsense2_camera_msgs/realsense2_camera_msgs/action/detail/triggered_calibration__traits.hpp
[1.050s] -- Up-to-date: /home/auguste/Code/Stage/Stage_Univ_S1/ws/install/realsense2_camera_msgs/include/realsense2_camera_msgs/realsense2_camera_msgs/action/detail/triggered_calibration__builder.hpp
[1.050s] -- Up-to-date: /home/auguste/Code/Stage/Stage_Univ_S1/ws/install/realsense2_camera_msgs/include/realsense2_camera_msgs/realsense2_camera_msgs/action/detail/triggered_calibration__type_support.hpp
[1.050s] -- Up-to-date: /home/auguste/Code/Stage/Stage_Univ_S1/ws/install/realsense2_camera_msgs/include/realsense2_camera_msgs/realsense2_camera_msgs/msg
[1.050s] -- Up-to-date: /home/auguste/Code/Stage/Stage_Univ_S1/ws/install/realsense2_camera_msgs/include/realsense2_camera_msgs/realsense2_camera_msgs/msg/metadata.hpp
[1.050s] -- Up-to-date: /home/auguste/Code/Stage/Stage_Univ_S1/ws/install/realsense2_camera_msgs/include/realsense2_camera_msgs/realsense2_camera_msgs/msg/extrinsics.hpp
[1.050s] -- Up-to-date: /home/auguste/Code/Stage/Stage_Univ_S1/ws/install/realsense2_camera_msgs/include/realsense2_camera_msgs/realsense2_camera_msgs/msg/rgbd.hpp
[1.050s] -- Up-to-date: /home/auguste/Code/Stage/Stage_Univ_S1/ws/install/realsense2_camera_msgs/include/realsense2_camera_msgs/realsense2_camera_msgs/msg/rosidl_generator_cpp__visibility_control.hpp
[1.050s] -- Up-to-date: /home/auguste/Code/Stage/Stage_Univ_S1/ws/install/realsense2_camera_msgs/include/realsense2_camera_msgs/realsense2_camera_msgs/msg/imu_info.hpp
[1.050s] -- Up-to-date: /home/auguste/Code/Stage/Stage_Univ_S1/ws/install/realsense2_camera_msgs/include/realsense2_camera_msgs/realsense2_camera_msgs/msg/detail
[1.050s] -- Up-to-date: /home/auguste/Code/Stage/Stage_Univ_S1/ws/install/realsense2_camera_msgs/include/realsense2_camera_msgs/realsense2_camera_msgs/msg/detail/rgbd__struct.hpp
[1.050s] -- Up-to-date: /home/auguste/Code/Stage/Stage_Univ_S1/ws/install/realsense2_camera_msgs/include/realsense2_camera_msgs/realsense2_camera_msgs/msg/detail/imu_info__traits.hpp
[1.050s] -- Up-to-date: /home/auguste/Code/Stage/Stage_Univ_S1/ws/install/realsense2_camera_msgs/include/realsense2_camera_msgs/realsense2_camera_msgs/msg/detail/imu_info__type_support.hpp
[1.050s] -- Up-to-date: /home/auguste/Code/Stage/Stage_Univ_S1/ws/install/realsense2_camera_msgs/include/realsense2_camera_msgs/realsense2_camera_msgs/msg/detail/imu_info__struct.hpp
[1.050s] -- Up-to-date: /home/auguste/Code/Stage/Stage_Univ_S1/ws/install/realsense2_camera_msgs/include/realsense2_camera_msgs/realsense2_camera_msgs/msg/detail/rgbd__type_support.hpp
[1.050s] -- Up-to-date: /home/auguste/Code/Stage/Stage_Univ_S1/ws/install/realsense2_camera_msgs/include/realsense2_camera_msgs/realsense2_camera_msgs/msg/detail/extrinsics__traits.hpp
[1.050s] -- Up-to-date: /home/auguste/Code/Stage/Stage_Univ_S1/ws/install/realsense2_camera_msgs/include/realsense2_camera_msgs/realsense2_camera_msgs/msg/detail/extrinsics__type_support.hpp
[1.050s] -- Up-to-date: /home/auguste/Code/Stage/Stage_Univ_S1/ws/install/realsense2_camera_msgs/include/realsense2_camera_msgs/realsense2_camera_msgs/msg/detail/extrinsics__builder.hpp
[1.050s] -- Up-to-date: /home/auguste/Code/Stage/Stage_Univ_S1/ws/install/realsense2_camera_msgs/include/realsense2_camera_msgs/realsense2_camera_msgs/msg/detail/metadata__type_support.hpp
[1.051s] -- Up-to-date: /home/auguste/Code/Stage/Stage_Univ_S1/ws/install/realsense2_camera_msgs/include/realsense2_camera_msgs/realsense2_camera_msgs/msg/detail/rgbd__traits.hpp
[1.051s] -- Up-to-date: /home/auguste/Code/Stage/Stage_Univ_S1/ws/install/realsense2_camera_msgs/include/realsense2_camera_msgs/realsense2_camera_msgs/msg/detail/extrinsics__struct.hpp
[1.051s] -- Up-to-date: /home/auguste/Code/Stage/Stage_Univ_S1/ws/install/realsense2_camera_msgs/include/realsense2_camera_msgs/realsense2_camera_msgs/msg/detail/rgbd__builder.hpp
[1.051s] -- Up-to-date: /home/auguste/Code/Stage/Stage_Univ_S1/ws/install/realsense2_camera_msgs/include/realsense2_camera_msgs/realsense2_camera_msgs/msg/detail/metadata__struct.hpp
[1.051s] -- Up-to-date: /home/auguste/Code/Stage/Stage_Univ_S1/ws/install/realsense2_camera_msgs/include/realsense2_camera_msgs/realsense2_camera_msgs/msg/detail/imu_info__builder.hpp
[1.051s] -- Up-to-date: /home/auguste/Code/Stage/Stage_Univ_S1/ws/install/realsense2_camera_msgs/include/realsense2_camera_msgs/realsense2_camera_msgs/msg/detail/metadata__builder.hpp
[1.051s] -- Up-to-date: /home/auguste/Code/Stage/Stage_Univ_S1/ws/install/realsense2_camera_msgs/include/realsense2_camera_msgs/realsense2_camera_msgs/msg/detail/metadata__traits.hpp
[1.051s] -- Up-to-date: /home/auguste/Code/Stage/Stage_Univ_S1/ws/install/realsense2_camera_msgs/include/realsense2_camera_msgs/realsense2_camera_msgs
[1.051s] -- Up-to-date: /home/auguste/Code/Stage/Stage_Univ_S1/ws/install/realsense2_camera_msgs/include/realsense2_camera_msgs/realsense2_camera_msgs/srv
[1.051s] -- Up-to-date: /home/auguste/Code/Stage/Stage_Univ_S1/ws/install/realsense2_camera_msgs/include/realsense2_camera_msgs/realsense2_camera_msgs/srv/detail
[1.051s] -- Up-to-date: /home/auguste/Code/Stage/Stage_Univ_S1/ws/install/realsense2_camera_msgs/include/realsense2_camera_msgs/realsense2_camera_msgs/srv/detail/calib_config_read__rosidl_typesupport_fastrtps_cpp.hpp
[1.051s] -- Up-to-date: /home/auguste/Code/Stage/Stage_Univ_S1/ws/install/realsense2_camera_msgs/include/realsense2_camera_msgs/realsense2_camera_msgs/srv/detail/safety_interface_config_write__rosidl_typesupport_fastrtps_cpp.hpp
[1.051s] -- Up-to-date: /home/auguste/Code/Stage/Stage_Univ_S1/ws/install/realsense2_camera_msgs/include/realsense2_camera_msgs/realsense2_camera_msgs/srv/detail/application_config_write__rosidl_typesupport_fastrtps_cpp.hpp
[1.051s] -- Up-to-date: /home/auguste/Code/Stage/Stage_Univ_S1/ws/install/realsense2_camera_msgs/include/realsense2_camera_msgs/realsense2_camera_msgs/srv/detail/safety_preset_read__rosidl_typesupport_fastrtps_cpp.hpp
[1.051s] -- Up-to-date: /home/auguste/Code/Stage/Stage_Univ_S1/ws/install/realsense2_camera_msgs/include/realsense2_camera_msgs/realsense2_camera_msgs/srv/detail/device_info__rosidl_typesupport_fastrtps_cpp.hpp
[1.051s] -- Up-to-date: /home/auguste/Code/Stage/Stage_Univ_S1/ws/install/realsense2_camera_msgs/include/realsense2_camera_msgs/realsense2_camera_msgs/srv/detail/safety_preset_write__rosidl_typesupport_fastrtps_cpp.hpp
[1.051s] -- Up-to-date: /home/auguste/Code/Stage/Stage_Univ_S1/ws/install/realsense2_camera_msgs/include/realsense2_camera_msgs/realsense2_camera_msgs/srv/detail/safety_interface_config_read__rosidl_typesupport_fastrtps_cpp.hpp
[1.051s] -- Up-to-date: /home/auguste/Code/Stage/Stage_Univ_S1/ws/install/realsense2_camera_msgs/include/realsense2_camera_msgs/realsense2_camera_msgs/srv/detail/hardware_monitor_command_send__rosidl_typesupport_fastrtps_cpp.hpp
[1.052s] -- Up-to-date: /home/auguste/Code/Stage/Stage_Univ_S1/ws/install/realsense2_camera_msgs/include/realsense2_camera_msgs/realsense2_camera_msgs/srv/detail/application_config_read__rosidl_typesupport_fastrtps_cpp.hpp
[1.052s] -- Up-to-date: /home/auguste/Code/Stage/Stage_Univ_S1/ws/install/realsense2_camera_msgs/include/realsense2_camera_msgs/realsense2_camera_msgs/srv/detail/dds_fastrtps
[1.052s] -- Up-to-date: /home/auguste/Code/Stage/Stage_Univ_S1/ws/install/realsense2_camera_msgs/include/realsense2_camera_msgs/realsense2_camera_msgs/srv/detail/calib_config_write__rosidl_typesupport_fastrtps_cpp.hpp
[1.052s] -- Up-to-date: /home/auguste/Code/Stage/Stage_Univ_S1/ws/install/realsense2_camera_msgs/include/realsense2_camera_msgs/realsense2_camera_msgs/action
[1.052s] -- Up-to-date: /home/auguste/Code/Stage/Stage_Univ_S1/ws/install/realsense2_camera_msgs/include/realsense2_camera_msgs/realsense2_camera_msgs/action/detail
[1.052s] -- Up-to-date: /home/auguste/Code/Stage/Stage_Univ_S1/ws/install/realsense2_camera_msgs/include/realsense2_camera_msgs/realsense2_camera_msgs/action/detail/triggered_calibration__rosidl_typesupport_fastrtps_cpp.hpp
[1.052s] -- Up-to-date: /home/auguste/Code/Stage/Stage_Univ_S1/ws/install/realsense2_camera_msgs/include/realsense2_camera_msgs/realsense2_camera_msgs/action/detail/dds_fastrtps
[1.052s] -- Up-to-date: /home/auguste/Code/Stage/Stage_Univ_S1/ws/install/realsense2_camera_msgs/include/realsense2_camera_msgs/realsense2_camera_msgs/msg
[1.052s] -- Up-to-date: /home/auguste/Code/Stage/Stage_Univ_S1/ws/install/realsense2_camera_msgs/include/realsense2_camera_msgs/realsense2_camera_msgs/msg/rosidl_typesupport_fastrtps_cpp__visibility_control.h
[1.052s] -- Up-to-date: /home/auguste/Code/Stage/Stage_Univ_S1/ws/install/realsense2_camera_msgs/include/realsense2_camera_msgs/realsense2_camera_msgs/msg/detail
[1.052s] -- Up-to-date: /home/auguste/Code/Stage/Stage_Univ_S1/ws/install/realsense2_camera_msgs/include/realsense2_camera_msgs/realsense2_camera_msgs/msg/detail/imu_info__rosidl_typesupport_fastrtps_cpp.hpp
[1.052s] -- Up-to-date: /home/auguste/Code/Stage/Stage_Univ_S1/ws/install/realsense2_camera_msgs/include/realsense2_camera_msgs/realsense2_camera_msgs/msg/detail/rgbd__rosidl_typesupport_fastrtps_cpp.hpp
[1.052s] -- Up-to-date: /home/auguste/Code/Stage/Stage_Univ_S1/ws/install/realsense2_camera_msgs/include/realsense2_camera_msgs/realsense2_camera_msgs/msg/detail/metadata__rosidl_typesupport_fastrtps_cpp.hpp
[1.052s] -- Up-to-date: /home/auguste/Code/Stage/Stage_Univ_S1/ws/install/realsense2_camera_msgs/include/realsense2_camera_msgs/realsense2_camera_msgs/msg/detail/extrinsics__rosidl_typesupport_fastrtps_cpp.hpp
[1.052s] -- Up-to-date: /home/auguste/Code/Stage/Stage_Univ_S1/ws/install/realsense2_camera_msgs/include/realsense2_camera_msgs/realsense2_camera_msgs/msg/detail/dds_fastrtps
[1.052s] -- Up-to-date: /home/auguste/Code/Stage/Stage_Univ_S1/ws/install/realsense2_camera_msgs/lib/librealsense2_camera_msgs__rosidl_typesupport_fastrtps_cpp.so
[1.052s] -- Up-to-date: /home/auguste/Code/Stage/Stage_Univ_S1/ws/install/realsense2_camera_msgs/include/realsense2_camera_msgs/realsense2_camera_msgs
[1.052s] -- Up-to-date: /home/auguste/Code/Stage/Stage_Univ_S1/ws/install/realsense2_camera_msgs/include/realsense2_camera_msgs/realsense2_camera_msgs/srv
[1.053s] -- Up-to-date: /home/auguste/Code/Stage/Stage_Univ_S1/ws/install/realsense2_camera_msgs/include/realsense2_camera_msgs/realsense2_camera_msgs/srv/detail
[1.053s] -- Up-to-date: /home/auguste/Code/Stage/Stage_Univ_S1/ws/install/realsense2_camera_msgs/include/realsense2_camera_msgs/realsense2_camera_msgs/srv/detail/calib_config_read__type_support.cpp
[1.053s] -- Up-to-date: /home/auguste/Code/Stage/Stage_Univ_S1/ws/install/realsense2_camera_msgs/include/realsense2_camera_msgs/realsense2_camera_msgs/srv/detail/application_config_read__rosidl_typesupport_introspection_cpp.hpp
[1.053s] -- Up-to-date: /home/auguste/Code/Stage/Stage_Univ_S1/ws/install/realsense2_camera_msgs/include/realsense2_camera_msgs/realsense2_camera_msgs/srv/detail/calib_config_write__rosidl_typesupport_introspection_cpp.hpp
[1.053s] -- Up-to-date: /home/auguste/Code/Stage/Stage_Univ_S1/ws/install/realsense2_camera_msgs/include/realsense2_camera_msgs/realsense2_camera_msgs/srv/detail/safety_preset_write__type_support.cpp
[1.053s] -- Up-to-date: /home/auguste/Code/Stage/Stage_Univ_S1/ws/install/realsense2_camera_msgs/include/realsense2_camera_msgs/realsense2_camera_msgs/srv/detail/calib_config_write__type_support.cpp
[1.053s] -- Up-to-date: /home/auguste/Code/Stage/Stage_Univ_S1/ws/install/realsense2_camera_msgs/include/realsense2_camera_msgs/realsense2_camera_msgs/srv/detail/safety_interface_config_write__type_support.cpp
[1.053s] -- Up-to-date: /home/auguste/Code/Stage/Stage_Univ_S1/ws/install/realsense2_camera_msgs/include/realsense2_camera_msgs/realsense2_camera_msgs/srv/detail/device_info__type_support.cpp
[1.053s] -- Up-to-date: /home/auguste/Code/Stage/Stage_Univ_S1/ws/install/realsense2_camera_msgs/include/realsense2_camera_msgs/realsense2_camera_msgs/srv/detail/application_config_write__type_support.cpp
[1.053s] -- Up-to-date: /home/auguste/Code/Stage/Stage_Univ_S1/ws/install/realsense2_camera_msgs/include/realsense2_camera_msgs/realsense2_camera_msgs/srv/detail/hardware_monitor_command_send__type_support.cpp
[1.053s] -- Up-to-date: /home/auguste/Code/Stage/Stage_Univ_S1/ws/install/realsense2_camera_msgs/include/realsense2_camera_msgs/realsense2_camera_msgs/srv/detail/safety_preset_read__type_support.cpp
[1.053s] -- Up-to-date: /home/auguste/Code/Stage/Stage_Univ_S1/ws/install/realsense2_camera_msgs/include/realsense2_camera_msgs/realsense2_camera_msgs/srv/detail/safety_preset_read__rosidl_typesupport_introspection_cpp.hpp
[1.053s] -- Up-to-date: /home/auguste/Code/Stage/Stage_Univ_S1/ws/install/realsense2_camera_msgs/include/realsense2_camera_msgs/realsense2_camera_msgs/srv/detail/safety_interface_config_write__rosidl_typesupport_introspection_cpp.hpp
[1.053s] -- Up-to-date: /home/auguste/Code/Stage/Stage_Univ_S1/ws/install/realsense2_camera_msgs/include/realsense2_camera_msgs/realsense2_camera_msgs/srv/detail/safety_interface_config_read__rosidl_typesupport_introspection_cpp.hpp
[1.053s] -- Up-to-date: /home/auguste/Code/Stage/Stage_Univ_S1/ws/install/realsense2_camera_msgs/include/realsense2_camera_msgs/realsense2_camera_msgs/srv/detail/calib_config_read__rosidl_typesupport_introspection_cpp.hpp
[1.053s] -- Up-to-date: /home/auguste/Code/Stage/Stage_Univ_S1/ws/install/realsense2_camera_msgs/include/realsense2_camera_msgs/realsense2_camera_msgs/srv/detail/device_info__rosidl_typesupport_introspection_cpp.hpp
[1.053s] -- Up-to-date: /home/auguste/Code/Stage/Stage_Univ_S1/ws/install/realsense2_camera_msgs/include/realsense2_camera_msgs/realsense2_camera_msgs/srv/detail/application_config_write__rosidl_typesupport_introspection_cpp.hpp
[1.054s] -- Up-to-date: /home/auguste/Code/Stage/Stage_Univ_S1/ws/install/realsense2_camera_msgs/include/realsense2_camera_msgs/realsense2_camera_msgs/srv/detail/hardware_monitor_command_send__rosidl_typesupport_introspection_cpp.hpp
[1.054s] -- Up-to-date: /home/auguste/Code/Stage/Stage_Univ_S1/ws/install/realsense2_camera_msgs/include/realsense2_camera_msgs/realsense2_camera_msgs/srv/detail/safety_interface_config_read__type_support.cpp
[1.054s] -- Up-to-date: /home/auguste/Code/Stage/Stage_Univ_S1/ws/install/realsense2_camera_msgs/include/realsense2_camera_msgs/realsense2_camera_msgs/srv/detail/application_config_read__type_support.cpp
[1.054s] -- Up-to-date: /home/auguste/Code/Stage/Stage_Univ_S1/ws/install/realsense2_camera_msgs/include/realsense2_camera_msgs/realsense2_camera_msgs/srv/detail/safety_preset_write__rosidl_typesupport_introspection_cpp.hpp
[1.054s] -- Up-to-date: /home/auguste/Code/Stage/Stage_Univ_S1/ws/install/realsense2_camera_msgs/include/realsense2_camera_msgs/realsense2_camera_msgs/action
[1.054s] -- Up-to-date: /home/auguste/Code/Stage/Stage_Univ_S1/ws/install/realsense2_camera_msgs/include/realsense2_camera_msgs/realsense2_camera_msgs/action/detail
[1.054s] -- Up-to-date: /home/auguste/Code/Stage/Stage_Univ_S1/ws/install/realsense2_camera_msgs/include/realsense2_camera_msgs/realsense2_camera_msgs/action/detail/triggered_calibration__rosidl_typesupport_introspection_cpp.hpp
[1.054s] -- Up-to-date: /home/auguste/Code/Stage/Stage_Univ_S1/ws/install/realsense2_camera_msgs/include/realsense2_camera_msgs/realsense2_camera_msgs/action/detail/triggered_calibration__type_support.cpp
[1.054s] -- Up-to-date: /home/auguste/Code/Stage/Stage_Univ_S1/ws/install/realsense2_camera_msgs/include/realsense2_camera_msgs/realsense2_camera_msgs/msg
[1.054s] -- Up-to-date: /home/auguste/Code/Stage/Stage_Univ_S1/ws/install/realsense2_camera_msgs/include/realsense2_camera_msgs/realsense2_camera_msgs/msg/detail
[1.054s] -- Up-to-date: /home/auguste/Code/Stage/Stage_Univ_S1/ws/install/realsense2_camera_msgs/include/realsense2_camera_msgs/realsense2_camera_msgs/msg/detail/imu_info__type_support.cpp
[1.054s] -- Up-to-date: /home/auguste/Code/Stage/Stage_Univ_S1/ws/install/realsense2_camera_msgs/include/realsense2_camera_msgs/realsense2_camera_msgs/msg/detail/metadata__type_support.cpp
[1.054s] -- Up-to-date: /home/auguste/Code/Stage/Stage_Univ_S1/ws/install/realsense2_camera_msgs/include/realsense2_camera_msgs/realsense2_camera_msgs/msg/detail/imu_info__rosidl_typesupport_introspection_cpp.hpp
[1.054s] -- Up-to-date: /home/auguste/Code/Stage/Stage_Univ_S1/ws/install/realsense2_camera_msgs/include/realsense2_camera_msgs/realsense2_camera_msgs/msg/detail/extrinsics__rosidl_typesupport_introspection_cpp.hpp
[1.054s] -- Up-to-date: /home/auguste/Code/Stage/Stage_Univ_S1/ws/install/realsense2_camera_msgs/include/realsense2_camera_msgs/realsense2_camera_msgs/msg/detail/rgbd__type_support.cpp
[1.054s] -- Up-to-date: /home/auguste/Code/Stage/Stage_Univ_S1/ws/install/realsense2_camera_msgs/include/realsense2_camera_msgs/realsense2_camera_msgs/msg/detail/rgbd__rosidl_typesupport_introspection_cpp.hpp
[1.054s] -- Up-to-date: /home/auguste/Code/Stage/Stage_Univ_S1/ws/install/realsense2_camera_msgs/include/realsense2_camera_msgs/realsense2_camera_msgs/msg/detail/extrinsics__type_support.cpp
[1.054s] -- Up-to-date: /home/auguste/Code/Stage/Stage_Univ_S1/ws/install/realsense2_camera_msgs/include/realsense2_camera_msgs/realsense2_camera_msgs/msg/detail/metadata__rosidl_typesupport_introspection_cpp.hpp
[1.055s] -- Up-to-date: /home/auguste/Code/Stage/Stage_Univ_S1/ws/install/realsense2_camera_msgs/lib/librealsense2_camera_msgs__rosidl_typesupport_introspection_cpp.so
[1.055s] -- Up-to-date: /home/auguste/Code/Stage/Stage_Univ_S1/ws/install/realsense2_camera_msgs/lib/librealsense2_camera_msgs__rosidl_typesupport_cpp.so
[1.055s] -- Up-to-date: /home/auguste/Code/Stage/Stage_Univ_S1/ws/install/realsense2_camera_msgs/share/realsense2_camera_msgs/environment/pythonpath.sh
[1.055s] -- Up-to-date: /home/auguste/Code/Stage/Stage_Univ_S1/ws/install/realsense2_camera_msgs/share/realsense2_camera_msgs/environment/pythonpath.dsv
[1.055s] -- Up-to-date: /home/auguste/Code/Stage/Stage_Univ_S1/ws/install/realsense2_camera_msgs/lib/python3.12/site-packages/realsense2_camera_msgs-4.57.7-py3.12.egg-info
[1.055s] -- Installing: /home/auguste/Code/Stage/Stage_Univ_S1/ws/install/realsense2_camera_msgs/lib/python3.12/site-packages/realsense2_camera_msgs-4.57.7-py3.12.egg-info/dependency_links.txt
[1.055s] -- Installing: /home/auguste/Code/Stage/Stage_Univ_S1/ws/install/realsense2_camera_msgs/lib/python3.12/site-packages/realsense2_camera_msgs-4.57.7-py3.12.egg-info/PKG-INFO
[1.055s] -- Installing: /home/auguste/Code/Stage/Stage_Univ_S1/ws/install/realsense2_camera_msgs/lib/python3.12/site-packages/realsense2_camera_msgs-4.57.7-py3.12.egg-info/SOURCES.txt
[1.055s] -- Installing: /home/auguste/Code/Stage/Stage_Univ_S1/ws/install/realsense2_camera_msgs/lib/python3.12/site-packages/realsense2_camera_msgs-4.57.7-py3.12.egg-info/top_level.txt
[1.055s] -- Up-to-date: /home/auguste/Code/Stage/Stage_Univ_S1/ws/install/realsense2_camera_msgs/lib/python3.12/site-packages/realsense2_camera_msgs
[1.055s] -- Up-to-date: /home/auguste/Code/Stage/Stage_Univ_S1/ws/install/realsense2_camera_msgs/lib/python3.12/site-packages/realsense2_camera_msgs/realsense2_camera_msgs_s__rosidl_typesupport_introspection_c.so
[1.055s] -- Up-to-date: /home/auguste/Code/Stage/Stage_Univ_S1/ws/install/realsense2_camera_msgs/lib/python3.12/site-packages/realsense2_camera_msgs/__init__.py
[1.055s] -- Up-to-date: /home/auguste/Code/Stage/Stage_Univ_S1/ws/install/realsense2_camera_msgs/lib/python3.12/site-packages/realsense2_camera_msgs/_realsense2_camera_msgs_s.ep.rosidl_typesupport_fastrtps_c.c
[1.055s] -- Up-to-date: /home/auguste/Code/Stage/Stage_Univ_S1/ws/install/realsense2_camera_msgs/lib/python3.12/site-packages/realsense2_camera_msgs/_realsense2_camera_msgs_s.ep.rosidl_typesupport_c.c
[1.055s] -- Up-to-date: /home/auguste/Code/Stage/Stage_Univ_S1/ws/install/realsense2_camera_msgs/lib/python3.12/site-packages/realsense2_camera_msgs/srv
[1.055s] -- Up-to-date: /home/auguste/Code/Stage/Stage_Univ_S1/ws/install/realsense2_camera_msgs/lib/python3.12/site-packages/realsense2_camera_msgs/srv/_calib_config_read_s.c
[1.055s] -- Up-to-date: /home/auguste/Code/Stage/Stage_Univ_S1/ws/install/realsense2_camera_msgs/lib/python3.12/site-packages/realsense2_camera_msgs/srv/_calib_config_write_s.c
[1.055s] -- Up-to-date: /home/auguste/Code/Stage/Stage_Univ_S1/ws/install/realsense2_camera_msgs/lib/python3.12/site-packages/realsense2_camera_msgs/srv/_device_info.py
[1.056s] -- Up-to-date: /home/auguste/Code/Stage/Stage_Univ_S1/ws/install/realsense2_camera_msgs/lib/python3.12/site-packages/realsense2_camera_msgs/srv/__init__.py
[1.056s] -- Up-to-date: /home/auguste/Code/Stage/Stage_Univ_S1/ws/install/realsense2_camera_msgs/lib/python3.12/site-packages/realsense2_camera_msgs/srv/_safety_preset_write.py
[1.056s] -- Up-to-date: /home/auguste/Code/Stage/Stage_Univ_S1/ws/install/realsense2_camera_msgs/lib/python3.12/site-packages/realsense2_camera_msgs/srv/_hardware_monitor_command_send_s.c
[1.056s] -- Up-to-date: /home/auguste/Code/Stage/Stage_Univ_S1/ws/install/realsense2_camera_msgs/lib/python3.12/site-packages/realsense2_camera_msgs/srv/_safety_preset_write_s.c
[1.056s] -- Up-to-date: /home/auguste/Code/Stage/Stage_Univ_S1/ws/install/realsense2_camera_msgs/lib/python3.12/site-packages/realsense2_camera_msgs/srv/_application_config_write_s.c
[1.056s] -- Up-to-date: /home/auguste/Code/Stage/Stage_Univ_S1/ws/install/realsense2_camera_msgs/lib/python3.12/site-packages/realsense2_camera_msgs/srv/_device_info_s.c
[1.056s] -- Up-to-date: /home/auguste/Code/Stage/Stage_Univ_S1/ws/install/realsense2_camera_msgs/lib/python3.12/site-packages/realsense2_camera_msgs/srv/_safety_interface_config_read.py
[1.056s] -- Up-to-date: /home/auguste/Code/Stage/Stage_Univ_S1/ws/install/realsense2_camera_msgs/lib/python3.12/site-packages/realsense2_camera_msgs/srv/_safety_interface_config_write.py
[1.056s] -- Up-to-date: /home/auguste/Code/Stage/Stage_Univ_S1/ws/install/realsense2_camera_msgs/lib/python3.12/site-packages/realsense2_camera_msgs/srv/_calib_config_write.py
[1.056s] -- Up-to-date: /home/auguste/Code/Stage/Stage_Univ_S1/ws/install/realsense2_camera_msgs/lib/python3.12/site-packages/realsense2_camera_msgs/srv/_application_config_write.py
[1.056s] -- Up-to-date: /home/auguste/Code/Stage/Stage_Univ_S1/ws/install/realsense2_camera_msgs/lib/python3.12/site-packages/realsense2_camera_msgs/srv/_safety_preset_read_s.c
[1.056s] -- Up-to-date: /home/auguste/Code/Stage/Stage_Univ_S1/ws/install/realsense2_camera_msgs/lib/python3.12/site-packages/realsense2_camera_msgs/srv/_hardware_monitor_command_send.py
[1.056s] -- Up-to-date: /home/auguste/Code/Stage/Stage_Univ_S1/ws/install/realsense2_camera_msgs/lib/python3.12/site-packages/realsense2_camera_msgs/srv/_safety_interface_config_write_s.c
[1.056s] -- Up-to-date: /home/auguste/Code/Stage/Stage_Univ_S1/ws/install/realsense2_camera_msgs/lib/python3.12/site-packages/realsense2_camera_msgs/srv/_safety_preset_read.py
[1.056s] -- Up-to-date: /home/auguste/Code/Stage/Stage_Univ_S1/ws/install/realsense2_camera_msgs/lib/python3.12/site-packages/realsense2_camera_msgs/srv/_application_config_read.py
[1.056s] -- Up-to-date: /home/auguste/Code/Stage/Stage_Univ_S1/ws/install/realsense2_camera_msgs/lib/python3.12/site-packages/realsense2_camera_msgs/srv/_application_config_read_s.c
[1.056s] -- Up-to-date: /home/auguste/Code/Stage/Stage_Univ_S1/ws/install/realsense2_camera_msgs/lib/python3.12/site-packages/realsense2_camera_msgs/srv/_calib_config_read.py
[1.057s] -- Up-to-date: /home/auguste/Code/Stage/Stage_Univ_S1/ws/install/realsense2_camera_msgs/lib/python3.12/site-packages/realsense2_camera_msgs/srv/_safety_interface_config_read_s.c
[1.057s] -- Up-to-date: /home/auguste/Code/Stage/Stage_Univ_S1/ws/install/realsense2_camera_msgs/lib/python3.12/site-packages/realsense2_camera_msgs/action
[1.057s] -- Up-to-date: /home/auguste/Code/Stage/Stage_Univ_S1/ws/install/realsense2_camera_msgs/lib/python3.12/site-packages/realsense2_camera_msgs/action/__init__.py
[1.057s] -- Up-to-date: /home/auguste/Code/Stage/Stage_Univ_S1/ws/install/realsense2_camera_msgs/lib/python3.12/site-packages/realsense2_camera_msgs/action/_triggered_calibration_s.c
[1.057s] -- Up-to-date: /home/auguste/Code/Stage/Stage_Univ_S1/ws/install/realsense2_camera_msgs/lib/python3.12/site-packages/realsense2_camera_msgs/action/_triggered_calibration.py
[1.057s] -- Up-to-date: /home/auguste/Code/Stage/Stage_Univ_S1/ws/install/realsense2_camera_msgs/lib/python3.12/site-packages/realsense2_camera_msgs/realsense2_camera_msgs_s__rosidl_typesupport_fastrtps_c.so
[1.057s] -- Up-to-date: /home/auguste/Code/Stage/Stage_Univ_S1/ws/install/realsense2_camera_msgs/lib/python3.12/site-packages/realsense2_camera_msgs/msg
[1.057s] -- Up-to-date: /home/auguste/Code/Stage/Stage_Univ_S1/ws/install/realsense2_camera_msgs/lib/python3.12/site-packages/realsense2_camera_msgs/msg/__init__.py
[1.057s] -- Up-to-date: /home/auguste/Code/Stage/Stage_Univ_S1/ws/install/realsense2_camera_msgs/lib/python3.12/site-packages/realsense2_camera_msgs/msg/_rgbd_s.c
[1.057s] -- Up-to-date: /home/auguste/Code/Stage/Stage_Univ_S1/ws/install/realsense2_camera_msgs/lib/python3.12/site-packages/realsense2_camera_msgs/msg/_extrinsics.py
[1.057s] -- Up-to-date: /home/auguste/Code/Stage/Stage_Univ_S1/ws/install/realsense2_camera_msgs/lib/python3.12/site-packages/realsense2_camera_msgs/msg/_extrinsics_s.c
[1.057s] -- Up-to-date: /home/auguste/Code/Stage/Stage_Univ_S1/ws/install/realsense2_camera_msgs/lib/python3.12/site-packages/realsense2_camera_msgs/msg/_rgbd.py
[1.057s] -- Up-to-date: /home/auguste/Code/Stage/Stage_Univ_S1/ws/install/realsense2_camera_msgs/lib/python3.12/site-packages/realsense2_camera_msgs/msg/_imu_info.py
[1.057s] -- Up-to-date: /home/auguste/Code/Stage/Stage_Univ_S1/ws/install/realsense2_camera_msgs/lib/python3.12/site-packages/realsense2_camera_msgs/msg/_metadata.py
[1.057s] -- Up-to-date: /home/auguste/Code/Stage/Stage_Univ_S1/ws/install/realsense2_camera_msgs/lib/python3.12/site-packages/realsense2_camera_msgs/msg/_metadata_s.c
[1.057s] -- Up-to-date: /home/auguste/Code/Stage/Stage_Univ_S1/ws/install/realsense2_camera_msgs/lib/python3.12/site-packages/realsense2_camera_msgs/msg/_imu_info_s.c
[1.057s] -- Up-to-date: /home/auguste/Code/Stage/Stage_Univ_S1/ws/install/realsense2_camera_msgs/lib/python3.12/site-packages/realsense2_camera_msgs/realsense2_camera_msgs_s__rosidl_typesupport_c.so
[1.057s] -- Up-to-date: /home/auguste/Code/Stage/Stage_Univ_S1/ws/install/realsense2_camera_msgs/lib/python3.12/site-packages/realsense2_camera_msgs/_realsense2_camera_msgs_s.ep.rosidl_typesupport_introspection_c.c
[1.075s] Listing '/home/auguste/Code/Stage/Stage_Univ_S1/ws/install/realsense2_camera_msgs/lib/python3.12/site-packages/realsense2_camera_msgs'...
[1.075s] Listing '/home/auguste/Code/Stage/Stage_Univ_S1/ws/install/realsense2_camera_msgs/lib/python3.12/site-packages/realsense2_camera_msgs/action'...
[1.075s] Listing '/home/auguste/Code/Stage/Stage_Univ_S1/ws/install/realsense2_camera_msgs/lib/python3.12/site-packages/realsense2_camera_msgs/msg'...
[1.075s] Listing '/home/auguste/Code/Stage/Stage_Univ_S1/ws/install/realsense2_camera_msgs/lib/python3.12/site-packages/realsense2_camera_msgs/srv'...
[1.082s] -- Up-to-date: /home/auguste/Code/Stage/Stage_Univ_S1/ws/install/realsense2_camera_msgs/lib/python3.12/site-packages/realsense2_camera_msgs/realsense2_camera_msgs_s__rosidl_typesupport_fastrtps_c.so
[1.082s] -- Up-to-date: /home/auguste/Code/Stage/Stage_Univ_S1/ws/install/realsense2_camera_msgs/lib/python3.12/site-packages/realsense2_camera_msgs/realsense2_camera_msgs_s__rosidl_typesupport_introspection_c.so
[1.083s] -- Up-to-date: /home/auguste/Code/Stage/Stage_Univ_S1/ws/install/realsense2_camera_msgs/lib/python3.12/site-packages/realsense2_camera_msgs/realsense2_camera_msgs_s__rosidl_typesupport_c.so
[1.083s] -- Up-to-date: /home/auguste/Code/Stage/Stage_Univ_S1/ws/install/realsense2_camera_msgs/lib/librealsense2_camera_msgs__rosidl_generator_py.so
[1.084s] -- Up-to-date: /home/auguste/Code/Stage/Stage_Univ_S1/ws/install/realsense2_camera_msgs/share/ament_index/resource_index/rust_packages/realsense2_camera_msgs
[1.084s] -- Up-to-date: /home/auguste/Code/Stage/Stage_Univ_S1/ws/install/realsense2_camera_msgs/share/realsense2_camera_msgs/rust
[1.084s] -- Up-to-date: /home/auguste/Code/Stage/Stage_Univ_S1/ws/install/realsense2_camera_msgs/share/realsense2_camera_msgs/rust/src
[1.084s] -- Up-to-date: /home/auguste/Code/Stage/Stage_Univ_S1/ws/install/realsense2_camera_msgs/share/realsense2_camera_msgs/rust/src/action.rs
[1.084s] -- Up-to-date: /home/auguste/Code/Stage/Stage_Univ_S1/ws/install/realsense2_camera_msgs/share/realsense2_camera_msgs/rust/src/srv
[1.084s] -- Up-to-date: /home/auguste/Code/Stage/Stage_Univ_S1/ws/install/realsense2_camera_msgs/share/realsense2_camera_msgs/rust/src/srv/rmw.rs
[1.084s] -- Up-to-date: /home/auguste/Code/Stage/Stage_Univ_S1/ws/install/realsense2_camera_msgs/share/realsense2_camera_msgs/rust/src/action
[1.084s] -- Up-to-date: /home/auguste/Code/Stage/Stage_Univ_S1/ws/install/realsense2_camera_msgs/share/realsense2_camera_msgs/rust/src/action/rmw.rs
[1.085s] -- Up-to-date: /home/auguste/Code/Stage/Stage_Univ_S1/ws/install/realsense2_camera_msgs/share/realsense2_camera_msgs/rust/src/msg
[1.085s] -- Up-to-date: /home/auguste/Code/Stage/Stage_Univ_S1/ws/install/realsense2_camera_msgs/share/realsense2_camera_msgs/rust/src/msg/rmw.rs
[1.085s] -- Up-to-date: /home/auguste/Code/Stage/Stage_Univ_S1/ws/install/realsense2_camera_msgs/share/realsense2_camera_msgs/rust/src/msg.rs
[1.085s] -- Up-to-date: /home/auguste/Code/Stage/Stage_Univ_S1/ws/install/realsense2_camera_msgs/share/realsense2_camera_msgs/rust/src/lib.rs
[1.085s] -- Up-to-date: /home/auguste/Code/Stage/Stage_Univ_S1/ws/install/realsense2_camera_msgs/share/realsense2_camera_msgs/rust/src/srv.rs
[1.085s] -- Up-to-date: /home/auguste/Code/Stage/Stage_Univ_S1/ws/install/realsense2_camera_msgs/share/realsense2_camera_msgs/rust/Cargo.toml
[1.086s] -- Up-to-date: /home/auguste/Code/Stage/Stage_Univ_S1/ws/install/realsense2_camera_msgs/share/realsense2_camera_msgs/rust/build.rs
[1.086s] -- Up-to-date: /home/auguste/Code/Stage/Stage_Univ_S1/ws/install/realsense2_camera_msgs/share/realsense2_camera_msgs/msg/IMUInfo.idl
[1.086s] -- Up-to-date: /home/auguste/Code/Stage/Stage_Univ_S1/ws/install/realsense2_camera_msgs/share/realsense2_camera_msgs/msg/Extrinsics.idl
[1.086s] -- Up-to-date: /home/auguste/Code/Stage/Stage_Univ_S1/ws/install/realsense2_camera_msgs/share/realsense2_camera_msgs/msg/Metadata.idl
[1.086s] -- Up-to-date: /home/auguste/Code/Stage/Stage_Univ_S1/ws/install/realsense2_camera_msgs/share/realsense2_camera_msgs/msg/RGBD.idl
[1.086s] -- Up-to-date: /home/auguste/Code/Stage/Stage_Univ_S1/ws/install/realsense2_camera_msgs/share/realsense2_camera_msgs/srv/DeviceInfo.idl
[1.086s] -- Up-to-date: /home/auguste/Code/Stage/Stage_Univ_S1/ws/install/realsense2_camera_msgs/share/realsense2_camera_msgs/srv/SafetyPresetRead.idl
[1.087s] -- Up-to-date: /home/auguste/Code/Stage/Stage_Univ_S1/ws/install/realsense2_camera_msgs/share/realsense2_camera_msgs/srv/SafetyPresetWrite.idl
[1.087s] -- Up-to-date: /home/auguste/Code/Stage/Stage_Univ_S1/ws/install/realsense2_camera_msgs/share/realsense2_camera_msgs/srv/SafetyInterfaceConfigRead.idl
[1.087s] -- Up-to-date: /home/auguste/Code/Stage/Stage_Univ_S1/ws/install/realsense2_camera_msgs/share/realsense2_camera_msgs/srv/SafetyInterfaceConfigWrite.idl
[1.087s] -- Up-to-date: /home/auguste/Code/Stage/Stage_Univ_S1/ws/install/realsense2_camera_msgs/share/realsense2_camera_msgs/srv/CalibConfigRead.idl
[1.087s] -- Up-to-date: /home/auguste/Code/Stage/Stage_Univ_S1/ws/install/realsense2_camera_msgs/share/realsense2_camera_msgs/srv/CalibConfigWrite.idl
[1.087s] -- Up-to-date: /home/auguste/Code/Stage/Stage_Univ_S1/ws/install/realsense2_camera_msgs/share/realsense2_camera_msgs/srv/ApplicationConfigRead.idl
[1.087s] -- Up-to-date: /home/auguste/Code/Stage/Stage_Univ_S1/ws/install/realsense2_camera_msgs/share/realsense2_camera_msgs/srv/ApplicationConfigWrite.idl
[1.088s] -- Up-to-date: /home/auguste/Code/Stage/Stage_Univ_S1/ws/install/realsense2_camera_msgs/share/realsense2_camera_msgs/srv/HardwareMonitorCommandSend.idl
[1.088s] -- Up-to-date: /home/auguste/Code/Stage/Stage_Univ_S1/ws/install/realsense2_camera_msgs/share/realsense2_camera_msgs/action/TriggeredCalibration.idl
[1.088s] -- Up-to-date: /home/auguste/Code/Stage/Stage_Univ_S1/ws/install/realsense2_camera_msgs/share/realsense2_camera_msgs/msg/IMUInfo.msg
[1.088s] -- Up-to-date: /home/auguste/Code/Stage/Stage_Univ_S1/ws/install/realsense2_camera_msgs/share/realsense2_camera_msgs/msg/Extrinsics.msg
[1.088s] -- Up-to-date: /home/auguste/Code/Stage/Stage_Univ_S1/ws/install/realsense2_camera_msgs/share/realsense2_camera_msgs/msg/Metadata.msg
[1.088s] -- Up-to-date: /home/auguste/Code/Stage/Stage_Univ_S1/ws/install/realsense2_camera_msgs/share/realsense2_camera_msgs/msg/RGBD.msg
[1.088s] -- Up-to-date: /home/auguste/Code/Stage/Stage_Univ_S1/ws/install/realsense2_camera_msgs/share/realsense2_camera_msgs/srv/DeviceInfo.srv
[1.088s] -- Up-to-date: /home/auguste/Code/Stage/Stage_Univ_S1/ws/install/realsense2_camera_msgs/share/realsense2_camera_msgs/srv/SafetyPresetRead.srv
[1.089s] -- Up-to-date: /home/auguste/Code/Stage/Stage_Univ_S1/ws/install/realsense2_camera_msgs/share/realsense2_camera_msgs/srv/SafetyPresetWrite.srv
[1.089s] -- Up-to-date: /home/auguste/Code/Stage/Stage_Univ_S1/ws/install/realsense2_camera_msgs/share/realsense2_camera_msgs/srv/SafetyInterfaceConfigRead.srv
[1.089s] -- Up-to-date: /home/auguste/Code/Stage/Stage_Univ_S1/ws/install/realsense2_camera_msgs/share/realsense2_camera_msgs/srv/SafetyInterfaceConfigWrite.srv
[1.089s] -- Up-to-date: /home/auguste/Code/Stage/Stage_Univ_S1/ws/install/realsense2_camera_msgs/share/realsense2_camera_msgs/srv/CalibConfigRead.srv
[1.089s] -- Up-to-date: /home/auguste/Code/Stage/Stage_Univ_S1/ws/install/realsense2_camera_msgs/share/realsense2_camera_msgs/srv/CalibConfigWrite.srv
[1.089s] -- Up-to-date: /home/auguste/Code/Stage/Stage_Univ_S1/ws/install/realsense2_camera_msgs/share/realsense2_camera_msgs/srv/ApplicationConfigRead.srv
[1.089s] -- Up-to-date: /home/auguste/Code/Stage/Stage_Univ_S1/ws/install/realsense2_camera_msgs/share/realsense2_camera_msgs/srv/ApplicationConfigWrite.srv
[1.090s] -- Up-to-date: /home/auguste/Code/Stage/Stage_Univ_S1/ws/install/realsense2_camera_msgs/share/realsense2_camera_msgs/srv/HardwareMonitorCommandSend.srv
[1.090s] -- Up-to-date: /home/auguste/Code/Stage/Stage_Univ_S1/ws/install/realsense2_camera_msgs/share/realsense2_camera_msgs/action/TriggeredCalibration.action
[1.090s] -- Up-to-date: /home/auguste/Code/Stage/Stage_Univ_S1/ws/install/realsense2_camera_msgs/share/ament_index/resource_index/package_run_dependencies/realsense2_camera_msgs
[1.090s] -- Up-to-date: /home/auguste/Code/Stage/Stage_Univ_S1/ws/install/realsense2_camera_msgs/share/ament_index/resource_index/parent_prefix_path/realsense2_camera_msgs
[1.090s] -- Up-to-date: /home/auguste/Code/Stage/Stage_Univ_S1/ws/install/realsense2_camera_msgs/share/realsense2_camera_msgs/environment/ament_prefix_path.sh
[1.090s] -- Up-to-date: /home/auguste/Code/Stage/Stage_Univ_S1/ws/install/realsense2_camera_msgs/share/realsense2_camera_msgs/environment/ament_prefix_path.dsv
[1.090s] -- Up-to-date: /home/auguste/Code/Stage/Stage_Univ_S1/ws/install/realsense2_camera_msgs/share/realsense2_camera_msgs/environment/path.sh
[1.090s] -- Up-to-date: /home/auguste/Code/Stage/Stage_Univ_S1/ws/install/realsense2_camera_msgs/share/realsense2_camera_msgs/environment/path.dsv
[1.091s] -- Up-to-date: /home/auguste/Code/Stage/Stage_Univ_S1/ws/install/realsense2_camera_msgs/share/realsense2_camera_msgs/local_setup.bash
[1.091s] -- Up-to-date: /home/auguste/Code/Stage/Stage_Univ_S1/ws/install/realsense2_camera_msgs/share/realsense2_camera_msgs/local_setup.sh
[1.091s] -- Up-to-date: /home/auguste/Code/Stage/Stage_Univ_S1/ws/install/realsense2_camera_msgs/share/realsense2_camera_msgs/local_setup.zsh
[1.091s] -- Up-to-date: /home/auguste/Code/Stage/Stage_Univ_S1/ws/install/realsense2_camera_msgs/share/realsense2_camera_msgs/local_setup.dsv
[1.091s] -- Installing: /home/auguste/Code/Stage/Stage_Univ_S1/ws/install/realsense2_camera_msgs/share/realsense2_camera_msgs/package.dsv
[1.091s] -- Up-to-date: /home/auguste/Code/Stage/Stage_Univ_S1/ws/install/realsense2_camera_msgs/share/ament_index/resource_index/packages/realsense2_camera_msgs
[1.091s] -- Up-to-date: /home/auguste/Code/Stage/Stage_Univ_S1/ws/install/realsense2_camera_msgs/share/realsense2_camera_msgs/cmake/export_realsense2_camera_msgs__rosidl_generator_cExport.cmake
[1.091s] -- Up-to-date: /home/auguste/Code/Stage/Stage_Univ_S1/ws/install/realsense2_camera_msgs/share/realsense2_camera_msgs/cmake/export_realsense2_camera_msgs__rosidl_generator_cExport-noconfig.cmake
[1.092s] -- Up-to-date: /home/auguste/Code/Stage/Stage_Univ_S1/ws/install/realsense2_camera_msgs/share/realsense2_camera_msgs/cmake/export_realsense2_camera_msgs__rosidl_typesupport_fastrtps_cExport.cmake
[1.092s] -- Up-to-date: /home/auguste/Code/Stage/Stage_Univ_S1/ws/install/realsense2_camera_msgs/share/realsense2_camera_msgs/cmake/export_realsense2_camera_msgs__rosidl_typesupport_fastrtps_cExport-noconfig.cmake
[1.092s] -- Up-to-date: /home/auguste/Code/Stage/Stage_Univ_S1/ws/install/realsense2_camera_msgs/share/realsense2_camera_msgs/cmake/realsense2_camera_msgs__rosidl_typesupport_introspection_cExport.cmake
[1.092s] -- Up-to-date: /home/auguste/Code/Stage/Stage_Univ_S1/ws/install/realsense2_camera_msgs/share/realsense2_camera_msgs/cmake/realsense2_camera_msgs__rosidl_typesupport_introspection_cExport-noconfig.cmake
[1.092s] -- Up-to-date: /home/auguste/Code/Stage/Stage_Univ_S1/ws/install/realsense2_camera_msgs/share/realsense2_camera_msgs/cmake/realsense2_camera_msgs__rosidl_typesupport_cExport.cmake
[1.092s] -- Up-to-date: /home/auguste/Code/Stage/Stage_Univ_S1/ws/install/realsense2_camera_msgs/share/realsense2_camera_msgs/cmake/realsense2_camera_msgs__rosidl_typesupport_cExport-noconfig.cmake
[1.092s] -- Up-to-date: /home/auguste/Code/Stage/Stage_Univ_S1/ws/install/realsense2_camera_msgs/share/realsense2_camera_msgs/cmake/export_realsense2_camera_msgs__rosidl_generator_cppExport.cmake
[1.093s] -- Up-to-date: /home/auguste/Code/Stage/Stage_Univ_S1/ws/install/realsense2_camera_msgs/share/realsense2_camera_msgs/cmake/export_realsense2_camera_msgs__rosidl_typesupport_fastrtps_cppExport.cmake
[1.093s] -- Up-to-date: /home/auguste/Code/Stage/Stage_Univ_S1/ws/install/realsense2_camera_msgs/share/realsense2_camera_msgs/cmake/export_realsense2_camera_msgs__rosidl_typesupport_fastrtps_cppExport-noconfig.cmake
[1.093s] -- Up-to-date: /home/auguste/Code/Stage/Stage_Univ_S1/ws/install/realsense2_camera_msgs/share/realsense2_camera_msgs/cmake/realsense2_camera_msgs__rosidl_typesupport_introspection_cppExport.cmake
[1.093s] -- Up-to-date: /home/auguste/Code/Stage/Stage_Univ_S1/ws/install/realsense2_camera_msgs/share/realsense2_camera_msgs/cmake/realsense2_camera_msgs__rosidl_typesupport_introspection_cppExport-noconfig.cmake
[1.093s] -- Up-to-date: /home/auguste/Code/Stage/Stage_Univ_S1/ws/install/realsense2_camera_msgs/share/realsense2_camera_msgs/cmake/realsense2_camera_msgs__rosidl_typesupport_cppExport.cmake
[1.093s] -- Up-to-date: /home/auguste/Code/Stage/Stage_Univ_S1/ws/install/realsense2_camera_msgs/share/realsense2_camera_msgs/cmake/realsense2_camera_msgs__rosidl_typesupport_cppExport-noconfig.cmake
[1.093s] -- Up-to-date: /home/auguste/Code/Stage/Stage_Univ_S1/ws/install/realsense2_camera_msgs/share/realsense2_camera_msgs/cmake/export_realsense2_camera_msgs__rosidl_generator_pyExport.cmake
[1.094s] -- Up-to-date: /home/auguste/Code/Stage/Stage_Univ_S1/ws/install/realsense2_camera_msgs/share/realsense2_camera_msgs/cmake/export_realsense2_camera_msgs__rosidl_generator_pyExport-noconfig.cmake
[1.094s] -- Up-to-date: /home/auguste/Code/Stage/Stage_Univ_S1/ws/install/realsense2_camera_msgs/share/realsense2_camera_msgs/cmake/rosidl_cmake-extras.cmake
[1.094s] -- Up-to-date: /home/auguste/Code/Stage/Stage_Univ_S1/ws/install/realsense2_camera_msgs/share/realsense2_camera_msgs/cmake/ament_cmake_export_dependencies-extras.cmake
[1.094s] -- Up-to-date: /home/auguste/Code/Stage/Stage_Univ_S1/ws/install/realsense2_camera_msgs/share/realsense2_camera_msgs/cmake/ament_cmake_export_include_directories-extras.cmake
[1.094s] -- Up-to-date: /home/auguste/Code/Stage/Stage_Univ_S1/ws/install/realsense2_camera_msgs/share/realsense2_camera_msgs/cmake/ament_cmake_export_libraries-extras.cmake
[1.094s] -- Up-to-date: /home/auguste/Code/Stage/Stage_Univ_S1/ws/install/realsense2_camera_msgs/share/realsense2_camera_msgs/cmake/ament_cmake_export_targets-extras.cmake
[1.094s] -- Up-to-date: /home/auguste/Code/Stage/Stage_Univ_S1/ws/install/realsense2_camera_msgs/share/realsense2_camera_msgs/cmake/rosidl_cmake_export_typesupport_targets-extras.cmake
[1.094s] -- Up-to-date: /home/auguste/Code/Stage/Stage_Univ_S1/ws/install/realsense2_camera_msgs/share/realsense2_camera_msgs/cmake/rosidl_cmake_export_typesupport_libraries-extras.cmake
[1.095s] -- Up-to-date: /home/auguste/Code/Stage/Stage_Univ_S1/ws/install/realsense2_camera_msgs/share/realsense2_camera_msgs/cmake/realsense2_camera_msgsConfig.cmake
[1.095s] -- Up-to-date: /home/auguste/Code/Stage/Stage_Univ_S1/ws/install/realsense2_camera_msgs/share/realsense2_camera_msgs/cmake/realsense2_camera_msgsConfig-version.cmake
[1.095s] -- Up-to-date: /home/auguste/Code/Stage/Stage_Univ_S1/ws/install/realsense2_camera_msgs/share/realsense2_camera_msgs/package.xml
[1.098s] Invoked command in '/home/auguste/Code/Stage/Stage_Univ_S1/ws/build/realsense2_camera_msgs' returned '0': CMAKE_PREFIX_PATH=${CMAKE_PREFIX_PATH}:/home/auguste/Code/Stage/Stage_Univ_S1/ws/install/ur_safety_monitor:/home/auguste/Code/Stage/Stage_Univ_S1/ws/install/ur_motion_manager:/home/auguste/Code/Stage/Stage_Univ_S1/ws/install/ur_force_controller:/home/auguste/Code/Stage/Stage_Univ_S1/ws/install/realsense2_ros_mqtt_bridge:/home/auguste/Code/Stage/Stage_Univ_S1/ws/install/pose_to_moveit:/opt/ros/jazzy DEBUGINFOD_URLS=https://debuginfod.archlinux.org /usr/bin/cmake --install /home/auguste/Code/Stage/Stage_Univ_S1/ws/build/realsense2_camera_msgs
