[0.017s] Invoking command in '/home/auguste/Code/Stage/Stage_Univ_S1/ws/build/realsense2_description': CMAKE_PREFIX_PATH=/home/auguste/Code/Stage/Stage_Univ_S1/ws/install/realsense2_camera_msgs:/home/auguste/Code/Stage/Stage_Univ_S1/ws/install/realsense2_rviz_plugin:/home/auguste/Code/Stage/Stage_Univ_S1/ws/install/realsense2_description:/home/auguste/Code/Stage/Stage_Univ_S1/ws/install/realsense2_camera:/opt/ros/jazzy/opt/sdformat_vendor:/opt/ros/jazzy/opt/gz_math_vendor:/opt/ros/jazzy/opt/gz_utils_vendor:/opt/ros/jazzy/opt/gz_tools_vendor:/opt/ros/jazzy/opt/gz_cmake_vendor:/home/auguste/Code/Stage/Stage_Univ_S1/ws/install/ur_safety_monitor:/home/auguste/Code/Stage/Stage_Univ_S1/ws/install/ur_motion_manager:/home/auguste/Code/Stage/Stage_Univ_S1/ws/install/ur_force_controller:/home/auguste/Code/Stage/Stage_Univ_S1/ws/install/realsense2_ros_mqtt_bridge:/home/auguste/Code/Stage/Stage_Univ_S1/ws/install/pose_to_moveit:/opt/ros/jazzy DEBUGINFOD_URLS=https://debuginfod.archlinux.org LD_LIBRARY_PATH=/home/auguste/Code/Stage/Stage_Univ_S1/ws/install/realsense2_camera_msgs/lib:/home/auguste/Code/Stage/Stage_Univ_S1/ws/install/realsense2_camera/lib:/opt/ros/jazzy/opt/sdformat_vendor/lib:/opt/ros/jazzy/opt/rviz_ogre_vendor/lib:/opt/ros/jazzy/lib/x86_64-linux-gnu:/opt/ros/jazzy/opt/gz_math_vendor/lib:/opt/ros/jazzy/opt/gz_utils_vendor/lib:/opt/ros/jazzy/opt/gz_tools_vendor/lib:/opt/ros/jazzy/opt/gz_cmake_vendor/lib:/opt/ros/jazzy/lib PYTHONPATH=/home/auguste/Code/Stage/Stage_Univ_S1/ws/install/realsense2_camera_msgs/lib/python3.12/site-packages:/home/auguste/Code/Stage/Stage_Univ_S1/ws/install/ur_safety_monitor/lib/python3.12/site-packages:/home/auguste/Code/Stage/Stage_Univ_S1/ws/install/ur_motion_manager/lib/python3.12/site-packages:/home/auguste/Code/Stage/Stage_Univ_S1/ws/install/ur_force_controller/lib/python3.12/site-packages:/home/auguste/Code/Stage/Stage_Univ_S1/ws/install/realsense2_ros_mqtt_bridge/lib/python3.12/site-packages:/home/auguste/Code/Stage/Stage_Univ_S1/ws/install/pose_to_moveit/lib/python3.12/site-packages:/opt/ros/jazzy/lib/python3.12/site-packages /usr/bin/cmake --build /home/auguste/Code/Stage/Stage_Univ_S1/ws/build/realsense2_description -- -j16 -l16
[0.064s] Invoked command in '/home/auguste/Code/Stage/Stage_Univ_S1/ws/build/realsense2_description' returned '0': CMAKE_PREFIX_PATH=/home/auguste/Code/Stage/Stage_Univ_S1/ws/install/realsense2_camera_msgs:/home/auguste/Code/Stage/Stage_Univ_S1/ws/install/realsense2_rviz_plugin:/home/auguste/Code/Stage/Stage_Univ_S1/ws/install/realsense2_description:/home/auguste/Code/Stage/Stage_Univ_S1/ws/install/realsense2_camera:/opt/ros/jazzy/opt/sdformat_vendor:/opt/ros/jazzy/opt/gz_math_vendor:/opt/ros/jazzy/opt/gz_utils_vendor:/opt/ros/jazzy/opt/gz_tools_vendor:/opt/ros/jazzy/opt/gz_cmake_vendor:/home/auguste/Code/Stage/Stage_Univ_S1/ws/install/ur_safety_monitor:/home/auguste/Code/Stage/Stage_Univ_S1/ws/install/ur_motion_manager:/home/auguste/Code/Stage/Stage_Univ_S1/ws/install/ur_force_controller:/home/auguste/Code/Stage/Stage_Univ_S1/ws/install/realsense2_ros_mqtt_bridge:/home/auguste/Code/Stage/Stage_Univ_S1/ws/install/pose_to_moveit:/opt/ros/jazzy DEBUGINFOD_URLS=https://debuginfod.archlinux.org LD_LIBRARY_PATH=/home/auguste/Code/Stage/Stage_Univ_S1/ws/install/realsense2_camera_msgs/lib:/home/auguste/Code/Stage/Stage_Univ_S1/ws/install/realsense2_camera/lib:/opt/ros/jazzy/opt/sdformat_vendor/lib:/opt/ros/jazzy/opt/rviz_ogre_vendor/lib:/opt/ros/jazzy/lib/x86_64-linux-gnu:/opt/ros/jazzy/opt/gz_math_vendor/lib:/opt/ros/jazzy/opt/gz_utils_vendor/lib:/opt/ros/jazzy/opt/gz_tools_vendor/lib:/opt/ros/jazzy/opt/gz_cmake_vendor/lib:/opt/ros/jazzy/lib PYTHONPATH=/home/auguste/Code/Stage/Stage_Univ_S1/ws/install/realsense2_camera_msgs/lib/python3.12/site-packages:/home/auguste/Code/Stage/Stage_Univ_S1/ws/install/ur_safety_monitor/lib/python3.12/site-packages:/home/auguste/Code/Stage/Stage_Univ_S1/ws/install/ur_motion_manager/lib/python3.12/site-packages:/home/auguste/Code/Stage/Stage_Univ_S1/ws/install/ur_force_controller/lib/python3.12/site-packages:/home/auguste/Code/Stage/Stage_Univ_S1/ws/install/realsense2_ros_mqtt_bridge/lib/python3.12/site-packages:/home/auguste/Code/Stage/Stage_Univ_S1/ws/install/pose_to_moveit/lib/python3.12/site-packages:/opt/ros/jazzy/lib/python3.12/site-packages /usr/bin/cmake --build /home/auguste/Code/Stage/Stage_Univ_S1/ws/build/realsense2_description -- -j16 -l16
[0.066s] Invoking command in '/home/auguste/Code/Stage/Stage_Univ_S1/ws/build/realsense2_description': CMAKE_PREFIX_PATH=/home/auguste/Code/Stage/Stage_Univ_S1/ws/install/realsense2_camera_msgs:/home/auguste/Code/Stage/Stage_Univ_S1/ws/install/realsense2_rviz_plugin:/home/auguste/Code/Stage/Stage_Univ_S1/ws/install/realsense2_description:/home/auguste/Code/Stage/Stage_Univ_S1/ws/install/realsense2_camera:/opt/ros/jazzy/opt/sdformat_vendor:/opt/ros/jazzy/opt/gz_math_vendor:/opt/ros/jazzy/opt/gz_utils_vendor:/opt/ros/jazzy/opt/gz_tools_vendor:/opt/ros/jazzy/opt/gz_cmake_vendor:/home/auguste/Code/Stage/Stage_Univ_S1/ws/install/ur_safety_monitor:/home/auguste/Code/Stage/Stage_Univ_S1/ws/install/ur_motion_manager:/home/auguste/Code/Stage/Stage_Univ_S1/ws/install/ur_force_controller:/home/auguste/Code/Stage/Stage_Univ_S1/ws/install/realsense2_ros_mqtt_bridge:/home/auguste/Code/Stage/Stage_Univ_S1/ws/install/pose_to_moveit:/opt/ros/jazzy DEBUGINFOD_URLS=https://debuginfod.archlinux.org LD_LIBRARY_PATH=/home/auguste/Code/Stage/Stage_Univ_S1/ws/install/realsense2_camera_msgs/lib:/home/auguste/Code/Stage/Stage_Univ_S1/ws/install/realsense2_camera/lib:/opt/ros/jazzy/opt/sdformat_vendor/lib:/opt/ros/jazzy/opt/rviz_ogre_vendor/lib:/opt/ros/jazzy/lib/x86_64-linux-gnu:/opt/ros/jazzy/opt/gz_math_vendor/lib:/opt/ros/jazzy/opt/gz_utils_vendor/lib:/opt/ros/jazzy/opt/gz_tools_vendor/lib:/opt/ros/jazzy/opt/gz_cmake_vendor/lib:/opt/ros/jazzy/lib PYTHONPATH=/home/auguste/Code/Stage/Stage_Univ_S1/ws/install/realsense2_camera_msgs/lib/python3.12/site-packages:/home/auguste/Code/Stage/Stage_Univ_S1/ws/install/ur_safety_monitor/lib/python3.12/site-packages:/home/auguste/Code/Stage/Stage_Univ_S1/ws/install/ur_motion_manager/lib/python3.12/site-packages:/home/auguste/Code/Stage/Stage_Univ_S1/ws/install/ur_force_controller/lib/python3.12/site-packages:/home/auguste/Code/Stage/Stage_Univ_S1/ws/install/realsense2_ros_mqtt_bridge/lib/python3.12/site-packages:/home/auguste/Code/Stage/Stage_Univ_S1/ws/install/pose_to_moveit/lib/python3.12/site-packages:/opt/ros/jazzy/lib/python3.12/site-packages /usr/bin/cmake --install /home/auguste/Code/Stage/Stage_Univ_S1/ws/build/realsense2_description
[0.078s] -- Install configuration: ""
[0.078s] -- Up-to-date: /home/auguste/Code/Stage/Stage_Univ_S1/ws/install/realsense2_description/share/realsense2_description/launch
[0.078s] -- Up-to-date: /home/auguste/Code/Stage/Stage_Univ_S1/ws/install/realsense2_description/share/realsense2_description/launch/launch_utils.py
[0.078s] -- Up-to-date: /home/auguste/Code/Stage/Stage_Univ_S1/ws/install/realsense2_description/share/realsense2_description/launch/view_model.launch.py
[0.078s] -- Up-to-date: /home/auguste/Code/Stage/Stage_Univ_S1/ws/install/realsense2_description/share/realsense2_description/meshes
[0.078s] -- Up-to-date: /home/auguste/Code/Stage/Stage_Univ_S1/ws/install/realsense2_description/share/realsense2_description/meshes/d415.stl
[0.078s] -- Up-to-date: /home/auguste/Code/Stage/Stage_Univ_S1/ws/install/realsense2_description/share/realsense2_description/meshes/d405.stl
[0.078s] -- Up-to-date: /home/auguste/Code/Stage/Stage_Univ_S1/ws/install/realsense2_description/share/realsense2_description/meshes/plug_collision.stl
[0.079s] -- Up-to-date: /home/auguste/Code/Stage/Stage_Univ_S1/ws/install/realsense2_description/share/realsense2_description/meshes/d435.dae
[0.079s] -- Up-to-date: /home/auguste/Code/Stage/Stage_Univ_S1/ws/install/realsense2_description/share/realsense2_description/meshes/plug.stl
[0.079s] -- Up-to-date: /home/auguste/Code/Stage/Stage_Univ_S1/ws/install/realsense2_description/share/realsense2_description/meshes/d585.stl
[0.079s] -- Up-to-date: /home/auguste/Code/Stage/Stage_Univ_S1/ws/install/realsense2_description/share/realsense2_description/meshes/l515.dae
[0.079s] -- Up-to-date: /home/auguste/Code/Stage/Stage_Univ_S1/ws/install/realsense2_description/share/realsense2_description/meshes/d436.dae
[0.079s] -- Up-to-date: /home/auguste/Code/Stage/Stage_Univ_S1/ws/install/realsense2_description/share/realsense2_description/meshes/d455.stl
[0.079s] -- Up-to-date: /home/auguste/Code/Stage/Stage_Univ_S1/ws/install/realsense2_description/share/realsense2_description/rviz
[0.080s] -- Up-to-date: /home/auguste/Code/Stage/Stage_Univ_S1/ws/install/realsense2_description/share/realsense2_description/rviz/urdf.rviz
[0.080s] -- Up-to-date: /home/auguste/Code/Stage/Stage_Univ_S1/ws/install/realsense2_description/share/realsense2_description/urdf
[0.081s] -- Up-to-date: /home/auguste/Code/Stage/Stage_Univ_S1/ws/install/realsense2_description/share/realsense2_description/urdf/_d435.urdf.xacro
[0.082s] -- Up-to-date: /home/auguste/Code/Stage/Stage_Univ_S1/ws/install/realsense2_description/share/realsense2_description/urdf/test_d435_multiple_cameras.urdf.xacro
[0.082s] -- Up-to-date: /home/auguste/Code/Stage/Stage_Univ_S1/ws/install/realsense2_description/share/realsense2_description/urdf/_r410.urdf.xacro
[0.082s] -- Up-to-date: /home/auguste/Code/Stage/Stage_Univ_S1/ws/install/realsense2_description/share/realsense2_description/urdf/test_d436_camera.urdf.xacro
[0.082s] -- Up-to-date: /home/auguste/Code/Stage/Stage_Univ_S1/ws/install/realsense2_description/share/realsense2_description/urdf/test_d455_camera.urdf.xacro
[0.082s] -- Up-to-date: /home/auguste/Code/Stage/Stage_Univ_S1/ws/install/realsense2_description/share/realsense2_description/urdf/_d405.urdf.xacro
[0.082s] -- Up-to-date: /home/auguste/Code/Stage/Stage_Univ_S1/ws/install/realsense2_description/share/realsense2_description/urdf/test_d405_camera.urdf.xacro
[0.082s] -- Up-to-date: /home/auguste/Code/Stage/Stage_Univ_S1/ws/install/realsense2_description/share/realsense2_description/urdf/_r430.urdf.xacro
[0.082s] -- Up-to-date: /home/auguste/Code/Stage/Stage_Univ_S1/ws/install/realsense2_description/share/realsense2_description/urdf/test_d585_camera.urdf.xacro
[0.082s] -- Up-to-date: /home/auguste/Code/Stage/Stage_Univ_S1/ws/install/realsense2_description/share/realsense2_description/urdf/_d435i_imu_modules.urdf.xacro
[0.083s] -- Up-to-date: /home/auguste/Code/Stage/Stage_Univ_S1/ws/install/realsense2_description/share/realsense2_description/urdf/_d585.urdf.xacro
[0.083s] -- Up-to-date: /home/auguste/Code/Stage/Stage_Univ_S1/ws/install/realsense2_description/share/realsense2_description/urdf/_usb_plug.urdf.xacro
[0.083s] -- Up-to-date: /home/auguste/Code/Stage/Stage_Univ_S1/ws/install/realsense2_description/share/realsense2_description/urdf/test_d435_camera.urdf.xacro
[0.083s] -- Up-to-date: /home/auguste/Code/Stage/Stage_Univ_S1/ws/install/realsense2_description/share/realsense2_description/urdf/test_d415_camera.urdf.xacro
[0.083s] -- Up-to-date: /home/auguste/Code/Stage/Stage_Univ_S1/ws/install/realsense2_description/share/realsense2_description/urdf/_d455.urdf.xacro
[0.083s] -- Up-to-date: /home/auguste/Code/Stage/Stage_Univ_S1/ws/install/realsense2_description/share/realsense2_description/urdf/test_r410_camera.urdf.xacro
[0.083s] -- Up-to-date: /home/auguste/Code/Stage/Stage_Univ_S1/ws/install/realsense2_description/share/realsense2_description/urdf/_materials.urdf.xacro
[0.084s] -- Up-to-date: /home/auguste/Code/Stage/Stage_Univ_S1/ws/install/realsense2_description/share/realsense2_description/urdf/test_r430_camera.urdf.xacro
[0.084s] -- Up-to-date: /home/auguste/Code/Stage/Stage_Univ_S1/ws/install/realsense2_description/share/realsense2_description/urdf/_d415.urdf.xacro
[0.084s] -- Up-to-date: /home/auguste/Code/Stage/Stage_Univ_S1/ws/install/realsense2_description/share/realsense2_description/urdf/_d435i.urdf.xacro
[0.084s] -- Up-to-date: /home/auguste/Code/Stage/Stage_Univ_S1/ws/install/realsense2_description/share/realsense2_description/urdf/_d436.urdf.xacro
[0.084s] -- Up-to-date: /home/auguste/Code/Stage/Stage_Univ_S1/ws/install/realsense2_description/share/realsense2_description/urdf/test_d435i_camera.urdf.xacro
[0.084s] -- Up-to-date: /home/auguste/Code/Stage/Stage_Univ_S1/ws/install/realsense2_description/share/ament_index/resource_index/package_run_dependencies/realsense2_description
[0.084s] -- Up-to-date: /home/auguste/Code/Stage/Stage_Univ_S1/ws/install/realsense2_description/share/ament_index/resource_index/parent_prefix_path/realsense2_description
[0.084s] -- Up-to-date: /home/auguste/Code/Stage/Stage_Univ_S1/ws/install/realsense2_description/share/realsense2_description/environment/ament_prefix_path.sh
[0.084s] -- Up-to-date: /home/auguste/Code/Stage/Stage_Univ_S1/ws/install/realsense2_description/share/realsense2_description/environment/ament_prefix_path.dsv
[0.084s] -- Up-to-date: /home/auguste/Code/Stage/Stage_Univ_S1/ws/install/realsense2_description/share/realsense2_description/environment/path.sh
[0.085s] -- Up-to-date: /home/auguste/Code/Stage/Stage_Univ_S1/ws/install/realsense2_description/share/realsense2_description/environment/path.dsv
[0.085s] -- Up-to-date: /home/auguste/Code/Stage/Stage_Univ_S1/ws/install/realsense2_description/share/realsense2_description/local_setup.bash
[0.085s] -- Up-to-date: /home/auguste/Code/Stage/Stage_Univ_S1/ws/install/realsense2_description/share/realsense2_description/local_setup.sh
[0.085s] -- Up-to-date: /home/auguste/Code/Stage/Stage_Univ_S1/ws/install/realsense2_description/share/realsense2_description/local_setup.zsh
[0.085s] -- Up-to-date: /home/auguste/Code/Stage/Stage_Univ_S1/ws/install/realsense2_description/share/realsense2_description/local_setup.dsv
[0.085s] -- Up-to-date: /home/auguste/Code/Stage/Stage_Univ_S1/ws/install/realsense2_description/share/realsense2_description/package.dsv
[0.085s] -- Up-to-date: /home/auguste/Code/Stage/Stage_Univ_S1/ws/install/realsense2_description/share/ament_index/resource_index/packages/realsense2_description
[0.085s] -- Up-to-date: /home/auguste/Code/Stage/Stage_Univ_S1/ws/install/realsense2_description/share/realsense2_description/cmake/realsense2_descriptionConfig.cmake
[0.085s] -- Up-to-date: /home/auguste/Code/Stage/Stage_Univ_S1/ws/install/realsense2_description/share/realsense2_description/cmake/realsense2_descriptionConfig-version.cmake
[0.086s] -- Up-to-date: /home/auguste/Code/Stage/Stage_Univ_S1/ws/install/realsense2_description/share/realsense2_description/package.xml
[0.087s] Invoked command in '/home/auguste/Code/Stage/Stage_Univ_S1/ws/build/realsense2_description' returned '0': CMAKE_PREFIX_PATH=/home/auguste/Code/Stage/Stage_Univ_S1/ws/install/realsense2_camera_msgs:/home/auguste/Code/Stage/Stage_Univ_S1/ws/install/realsense2_rviz_plugin:/home/auguste/Code/Stage/Stage_Univ_S1/ws/install/realsense2_description:/home/auguste/Code/Stage/Stage_Univ_S1/ws/install/realsense2_camera:/opt/ros/jazzy/opt/sdformat_vendor:/opt/ros/jazzy/opt/gz_math_vendor:/opt/ros/jazzy/opt/gz_utils_vendor:/opt/ros/jazzy/opt/gz_tools_vendor:/opt/ros/jazzy/opt/gz_cmake_vendor:/home/auguste/Code/Stage/Stage_Univ_S1/ws/install/ur_safety_monitor:/home/auguste/Code/Stage/Stage_Univ_S1/ws/install/ur_motion_manager:/home/auguste/Code/Stage/Stage_Univ_S1/ws/install/ur_force_controller:/home/auguste/Code/Stage/Stage_Univ_S1/ws/install/realsense2_ros_mqtt_bridge:/home/auguste/Code/Stage/Stage_Univ_S1/ws/install/pose_to_moveit:/opt/ros/jazzy DEBUGINFOD_URLS=https://debuginfod.archlinux.org LD_LIBRARY_PATH=/home/auguste/Code/Stage/Stage_Univ_S1/ws/install/realsense2_camera_msgs/lib:/home/auguste/Code/Stage/Stage_Univ_S1/ws/install/realsense2_camera/lib:/opt/ros/jazzy/opt/sdformat_vendor/lib:/opt/ros/jazzy/opt/rviz_ogre_vendor/lib:/opt/ros/jazzy/lib/x86_64-linux-gnu:/opt/ros/jazzy/opt/gz_math_vendor/lib:/opt/ros/jazzy/opt/gz_utils_vendor/lib:/opt/ros/jazzy/opt/gz_tools_vendor/lib:/opt/ros/jazzy/opt/gz_cmake_vendor/lib:/opt/ros/jazzy/lib PYTHONPATH=/home/auguste/Code/Stage/Stage_Univ_S1/ws/install/realsense2_camera_msgs/lib/python3.12/site-packages:/home/auguste/Code/Stage/Stage_Univ_S1/ws/install/ur_safety_monitor/lib/python3.12/site-packages:/home/auguste/Code/Stage/Stage_Univ_S1/ws/install/ur_motion_manager/lib/python3.12/site-packages:/home/auguste/Code/Stage/Stage_Univ_S1/ws/install/ur_force_controller/lib/python3.12/site-packages:/home/auguste/Code/Stage/Stage_Univ_S1/ws/install/realsense2_ros_mqtt_bridge/lib/python3.12/site-packages:/home/auguste/Code/Stage/Stage_Univ_S1/ws/install/pose_to_moveit/lib/python3.12/site-packages:/opt/ros/jazzy/lib/python3.12/site-packages /usr/bin/cmake --install /home/auguste/Code/Stage/Stage_Univ_S1/ws/build/realsense2_description
