[0.019s] Invoking command in '/home/auguste/Code/Stage/Stage_Univ_S1/ws/build/realsense2_camera': CMAKE_PREFIX_PATH=/home/auguste/Code/Stage/Stage_Univ_S1/ws/install/realsense2_camera_msgs:/home/auguste/Code/Stage/Stage_Univ_S1/ws/install/realsense2_rviz_plugin:/home/auguste/Code/Stage/Stage_Univ_S1/ws/install/realsense2_description:/home/auguste/Code/Stage/Stage_Univ_S1/ws/install/realsense2_camera:/opt/ros/jazzy/opt/sdformat_vendor:/opt/ros/jazzy/opt/gz_math_vendor:/opt/ros/jazzy/opt/gz_utils_vendor:/opt/ros/jazzy/opt/gz_tools_vendor:/opt/ros/jazzy/opt/gz_cmake_vendor:/home/auguste/Code/Stage/Stage_Univ_S1/ws/install/ur_safety_monitor:/home/auguste/Code/Stage/Stage_Univ_S1/ws/install/ur_motion_manager:/home/auguste/Code/Stage/Stage_Univ_S1/ws/install/ur_force_controller:/home/auguste/Code/Stage/Stage_Univ_S1/ws/install/realsense2_ros_mqtt_bridge:/home/auguste/Code/Stage/Stage_Univ_S1/ws/install/pose_to_moveit:/opt/ros/jazzy DEBUGINFOD_URLS=https://debuginfod.archlinux.org LD_LIBRARY_PATH=/home/auguste/Code/Stage/Stage_Univ_S1/ws/install/realsense2_camera_msgs/lib:/home/auguste/Code/Stage/Stage_Univ_S1/ws/install/realsense2_camera/lib:/opt/ros/jazzy/opt/sdformat_vendor/lib:/opt/ros/jazzy/opt/rviz_ogre_vendor/lib:/opt/ros/jazzy/lib/x86_64-linux-gnu:/opt/ros/jazzy/opt/gz_math_vendor/lib:/opt/ros/jazzy/opt/gz_utils_vendor/lib:/opt/ros/jazzy/opt/gz_tools_vendor/lib:/opt/ros/jazzy/opt/gz_cmake_vendor/lib:/opt/ros/jazzy/lib PYTHONPATH=/home/auguste/Code/Stage/Stage_Univ_S1/ws/install/realsense2_camera_msgs/lib/python3.12/site-packages:/home/auguste/Code/Stage/Stage_Univ_S1/ws/install/ur_safety_monitor/lib/python3.12/site-packages:/home/auguste/Code/Stage/Stage_Univ_S1/ws/install/ur_motion_manager/lib/python3.12/site-packages:/home/auguste/Code/Stage/Stage_Univ_S1/ws/install/ur_force_controller/lib/python3.12/site-packages:/home/auguste/Code/Stage/Stage_Univ_S1/ws/install/realsense2_ros_mqtt_bridge/lib/python3.12/site-packages:/home/auguste/Code/Stage/Stage_Univ_S1/ws/install/pose_to_moveit/lib/python3.12/site-packages:/opt/ros/jazzy/lib/python3.12/site-packages /usr/bin/cmake --build /home/auguste/Code/Stage/Stage_Univ_S1/ws/build/realsense2_camera -- -j16 -l16
[0.101s] [  7%] Built target gtest
[0.106s] [ 15%] Built target gtest_main
[0.112s] [ 23%] Built target realsense2_camera_node
[0.135s] [ 30%] Built target gtest_template
[0.184s] [100%] Built target realsense2_camera
[0.198s] Invoked command in '/home/auguste/Code/Stage/Stage_Univ_S1/ws/build/realsense2_camera' returned '0': CMAKE_PREFIX_PATH=/home/auguste/Code/Stage/Stage_Univ_S1/ws/install/realsense2_camera_msgs:/home/auguste/Code/Stage/Stage_Univ_S1/ws/install/realsense2_rviz_plugin:/home/auguste/Code/Stage/Stage_Univ_S1/ws/install/realsense2_description:/home/auguste/Code/Stage/Stage_Univ_S1/ws/install/realsense2_camera:/opt/ros/jazzy/opt/sdformat_vendor:/opt/ros/jazzy/opt/gz_math_vendor:/opt/ros/jazzy/opt/gz_utils_vendor:/opt/ros/jazzy/opt/gz_tools_vendor:/opt/ros/jazzy/opt/gz_cmake_vendor:/home/auguste/Code/Stage/Stage_Univ_S1/ws/install/ur_safety_monitor:/home/auguste/Code/Stage/Stage_Univ_S1/ws/install/ur_motion_manager:/home/auguste/Code/Stage/Stage_Univ_S1/ws/install/ur_force_controller:/home/auguste/Code/Stage/Stage_Univ_S1/ws/install/realsense2_ros_mqtt_bridge:/home/auguste/Code/Stage/Stage_Univ_S1/ws/install/pose_to_moveit:/opt/ros/jazzy DEBUGINFOD_URLS=https://debuginfod.archlinux.org LD_LIBRARY_PATH=/home/auguste/Code/Stage/Stage_Univ_S1/ws/install/realsense2_camera_msgs/lib:/home/auguste/Code/Stage/Stage_Univ_S1/ws/install/realsense2_camera/lib:/opt/ros/jazzy/opt/sdformat_vendor/lib:/opt/ros/jazzy/opt/rviz_ogre_vendor/lib:/opt/ros/jazzy/lib/x86_64-linux-gnu:/opt/ros/jazzy/opt/gz_math_vendor/lib:/opt/ros/jazzy/opt/gz_utils_vendor/lib:/opt/ros/jazzy/opt/gz_tools_vendor/lib:/opt/ros/jazzy/opt/gz_cmake_vendor/lib:/opt/ros/jazzy/lib PYTHONPATH=/home/auguste/Code/Stage/Stage_Univ_S1/ws/install/realsense2_camera_msgs/lib/python3.12/site-packages:/home/auguste/Code/Stage/Stage_Univ_S1/ws/install/ur_safety_monitor/lib/python3.12/site-packages:/home/auguste/Code/Stage/Stage_Univ_S1/ws/install/ur_motion_manager/lib/python3.12/site-packages:/home/auguste/Code/Stage/Stage_Univ_S1/ws/install/ur_force_controller/lib/python3.12/site-packages:/home/auguste/Code/Stage/Stage_Univ_S1/ws/install/realsense2_ros_mqtt_bridge/lib/python3.12/site-packages:/home/auguste/Code/Stage/Stage_Univ_S1/ws/install/pose_to_moveit/lib/python3.12/site-packages:/opt/ros/jazzy/lib/python3.12/site-packages /usr/bin/cmake --build /home/auguste/Code/Stage/Stage_Univ_S1/ws/build/realsense2_camera -- -j16 -l16
[0.200s] Invoking command in '/home/auguste/Code/Stage/Stage_Univ_S1/ws/build/realsense2_camera': CMAKE_PREFIX_PATH=/home/auguste/Code/Stage/Stage_Univ_S1/ws/install/realsense2_camera_msgs:/home/auguste/Code/Stage/Stage_Univ_S1/ws/install/realsense2_rviz_plugin:/home/auguste/Code/Stage/Stage_Univ_S1/ws/install/realsense2_description:/home/auguste/Code/Stage/Stage_Univ_S1/ws/install/realsense2_camera:/opt/ros/jazzy/opt/sdformat_vendor:/opt/ros/jazzy/opt/gz_math_vendor:/opt/ros/jazzy/opt/gz_utils_vendor:/opt/ros/jazzy/opt/gz_tools_vendor:/opt/ros/jazzy/opt/gz_cmake_vendor:/home/auguste/Code/Stage/Stage_Univ_S1/ws/install/ur_safety_monitor:/home/auguste/Code/Stage/Stage_Univ_S1/ws/install/ur_motion_manager:/home/auguste/Code/Stage/Stage_Univ_S1/ws/install/ur_force_controller:/home/auguste/Code/Stage/Stage_Univ_S1/ws/install/realsense2_ros_mqtt_bridge:/home/auguste/Code/Stage/Stage_Univ_S1/ws/install/pose_to_moveit:/opt/ros/jazzy DEBUGINFOD_URLS=https://debuginfod.archlinux.org LD_LIBRARY_PATH=/home/auguste/Code/Stage/Stage_Univ_S1/ws/install/realsense2_camera_msgs/lib:/home/auguste/Code/Stage/Stage_Univ_S1/ws/install/realsense2_camera/lib:/opt/ros/jazzy/opt/sdformat_vendor/lib:/opt/ros/jazzy/opt/rviz_ogre_vendor/lib:/opt/ros/jazzy/lib/x86_64-linux-gnu:/opt/ros/jazzy/opt/gz_math_vendor/lib:/opt/ros/jazzy/opt/gz_utils_vendor/lib:/opt/ros/jazzy/opt/gz_tools_vendor/lib:/opt/ros/jazzy/opt/gz_cmake_vendor/lib:/opt/ros/jazzy/lib PYTHONPATH=/home/auguste/Code/Stage/Stage_Univ_S1/ws/install/realsense2_camera_msgs/lib/python3.12/site-packages:/home/auguste/Code/Stage/Stage_Univ_S1/ws/install/ur_safety_monitor/lib/python3.12/site-packages:/home/auguste/Code/Stage/Stage_Univ_S1/ws/install/ur_motion_manager/lib/python3.12/site-packages:/home/auguste/Code/Stage/Stage_Univ_S1/ws/install/ur_force_controller/lib/python3.12/site-packages:/home/auguste/Code/Stage/Stage_Univ_S1/ws/install/realsense2_ros_mqtt_bridge/lib/python3.12/site-packages:/home/auguste/Code/Stage/Stage_Univ_S1/ws/install/pose_to_moveit/lib/python3.12/site-packages:/opt/ros/jazzy/lib/python3.12/site-packages /usr/bin/cmake --install /home/auguste/Code/Stage/Stage_Univ_S1/ws/build/realsense2_camera
[0.208s] -- Install configuration: "Release"
[0.209s] -- Up-to-date: /home/auguste/Code/Stage/Stage_Univ_S1/ws/install/realsense2_camera/share/realsense2_camera/config/global_settings.yaml
[0.209s] -- Up-to-date: /home/auguste/Code/Stage/Stage_Univ_S1/ws/install/realsense2_camera/lib/realsense2_camera/realsense2_camera_node
[0.209s] -- Up-to-date: /home/auguste/Code/Stage/Stage_Univ_S1/ws/install/realsense2_camera/lib/librealsense2_camera.so
[0.209s] -- Up-to-date: /home/auguste/Code/Stage/Stage_Univ_S1/ws/install/realsense2_camera/include
[0.210s] -- Up-to-date: /home/auguste/Code/Stage/Stage_Univ_S1/ws/install/realsense2_camera/include/dynamic_params.h
[0.210s] -- Up-to-date: /home/auguste/Code/Stage/Stage_Univ_S1/ws/install/realsense2_camera/include/constants.h
[0.210s] -- Up-to-date: /home/auguste/Code/Stage/Stage_Univ_S1/ws/install/realsense2_camera/include/align_depth_filter.h
[0.210s] -- Up-to-date: /home/auguste/Code/Stage/Stage_Univ_S1/ws/install/realsense2_camera/include/ros_utils.h
[0.210s] -- Up-to-date: /home/auguste/Code/Stage/Stage_Univ_S1/ws/install/realsense2_camera/include/sensor_params.h
[0.210s] -- Up-to-date: /home/auguste/Code/Stage/Stage_Univ_S1/ws/install/realsense2_camera/include/realsense_node_factory.h
[0.210s] -- Up-to-date: /home/auguste/Code/Stage/Stage_Univ_S1/ws/install/realsense2_camera/include/profile_manager.h
[0.211s] -- Up-to-date: /home/auguste/Code/Stage/Stage_Univ_S1/ws/install/realsense2_camera/include/ros_sensor.h
[0.211s] -- Up-to-date: /home/auguste/Code/Stage/Stage_Univ_S1/ws/install/realsense2_camera/include/base_realsense_node.h
[0.211s] -- Up-to-date: /home/auguste/Code/Stage/Stage_Univ_S1/ws/install/realsense2_camera/include/gl_window.h
[0.211s] -- Up-to-date: /home/auguste/Code/Stage/Stage_Univ_S1/ws/install/realsense2_camera/include/image_publisher.h
[0.211s] -- Up-to-date: /home/auguste/Code/Stage/Stage_Univ_S1/ws/install/realsense2_camera/include/ros_param_backend.h
[0.211s] -- Up-to-date: /home/auguste/Code/Stage/Stage_Univ_S1/ws/install/realsense2_camera/include/context_singleton_wrapper.h
[0.211s] -- Up-to-date: /home/auguste/Code/Stage/Stage_Univ_S1/ws/install/realsense2_camera/include/pointcloud_filter.h
[0.211s] -- Up-to-date: /home/auguste/Code/Stage/Stage_Univ_S1/ws/install/realsense2_camera/include/ros_node_base.h
[0.211s] -- Up-to-date: /home/auguste/Code/Stage/Stage_Univ_S1/ws/install/realsense2_camera/include/named_filter.h
[0.211s] -- Up-to-date: /home/auguste/Code/Stage/Stage_Univ_S1/ws/install/realsense2_camera/share/realsense2_camera/launch
[0.211s] -- Up-to-date: /home/auguste/Code/Stage/Stage_Univ_S1/ws/install/realsense2_camera/share/realsense2_camera/launch/rs_launch.py
[0.211s] -- Up-to-date: /home/auguste/Code/Stage/Stage_Univ_S1/ws/install/realsense2_camera/share/realsense2_camera/launch/rs_multi_camera_launch.py
[0.211s] -- Up-to-date: /home/auguste/Code/Stage/Stage_Univ_S1/ws/install/realsense2_camera/share/realsense2_camera/launch/rs_intra_process_demo_launch.py
[0.211s] -- Up-to-date: /home/auguste/Code/Stage/Stage_Univ_S1/ws/install/realsense2_camera/share/realsense2_camera/launch/default.rviz
[0.211s] -- Up-to-date: /home/auguste/Code/Stage/Stage_Univ_S1/ws/install/realsense2_camera/share/realsense2_camera/launch/rs_multi_camera_launch_sync.py
[0.211s] -- Up-to-date: /home/auguste/Code/Stage/Stage_Univ_S1/ws/install/realsense2_camera/share/realsense2_camera/examples
[0.212s] -- Up-to-date: /home/auguste/Code/Stage/Stage_Univ_S1/ws/install/realsense2_camera/share/realsense2_camera/examples/launch_params_from_file
[0.212s] -- Up-to-date: /home/auguste/Code/Stage/Stage_Univ_S1/ws/install/realsense2_camera/share/realsense2_camera/examples/launch_params_from_file/config
[0.212s] -- Up-to-date: /home/auguste/Code/Stage/Stage_Univ_S1/ws/install/realsense2_camera/share/realsense2_camera/examples/launch_params_from_file/config/config.yaml
[0.212s] -- Up-to-date: /home/auguste/Code/Stage/Stage_Univ_S1/ws/install/realsense2_camera/share/realsense2_camera/examples/launch_params_from_file/README.md
[0.212s] -- Up-to-date: /home/auguste/Code/Stage/Stage_Univ_S1/ws/install/realsense2_camera/share/realsense2_camera/examples/launch_params_from_file/rs_launch_get_params_from_yaml.py
[0.212s] -- Up-to-date: /home/auguste/Code/Stage/Stage_Univ_S1/ws/install/realsense2_camera/share/realsense2_camera/examples/pointcloud
[0.212s] -- Up-to-date: /home/auguste/Code/Stage/Stage_Univ_S1/ws/install/realsense2_camera/share/realsense2_camera/examples/pointcloud/rs_pointcloud_launch.py
[0.212s] -- Up-to-date: /home/auguste/Code/Stage/Stage_Univ_S1/ws/install/realsense2_camera/share/realsense2_camera/examples/pointcloud/rs_d455_pointcloud_launch.py
[0.212s] -- Up-to-date: /home/auguste/Code/Stage/Stage_Univ_S1/ws/install/realsense2_camera/share/realsense2_camera/examples/pointcloud/README.md
[0.212s] -- Up-to-date: /home/auguste/Code/Stage/Stage_Univ_S1/ws/install/realsense2_camera/share/realsense2_camera/examples/pointcloud/rviz
[0.212s] -- Up-to-date: /home/auguste/Code/Stage/Stage_Univ_S1/ws/install/realsense2_camera/share/realsense2_camera/examples/pointcloud/rviz/urdf_pointcloud.rviz
[0.212s] -- Up-to-date: /home/auguste/Code/Stage/Stage_Univ_S1/ws/install/realsense2_camera/share/realsense2_camera/examples/pointcloud/rviz/pointcloud.rviz
[0.212s] -- Up-to-date: /home/auguste/Code/Stage/Stage_Univ_S1/ws/install/realsense2_camera/share/realsense2_camera/examples/pointcloud/rs_pointcloud_infra_launch.py
[0.212s] -- Up-to-date: /home/auguste/Code/Stage/Stage_Univ_S1/ws/install/realsense2_camera/share/realsense2_camera/examples/pointcloud/rs_d405_pointcloud_launch.py
[0.213s] -- Up-to-date: /home/auguste/Code/Stage/Stage_Univ_S1/ws/install/realsense2_camera/share/realsense2_camera/examples/d500_tables
[0.213s] -- Up-to-date: /home/auguste/Code/Stage/Stage_Univ_S1/ws/install/realsense2_camera/share/realsense2_camera/examples/d500_tables/safety_interface_config_example.json
[0.213s] -- Up-to-date: /home/auguste/Code/Stage/Stage_Univ_S1/ws/install/realsense2_camera/share/realsense2_camera/examples/d500_tables/safety_preset_example.json
[0.213s] -- Up-to-date: /home/auguste/Code/Stage/Stage_Univ_S1/ws/install/realsense2_camera/share/realsense2_camera/examples/d500_tables/calib_config_example.json
[0.213s] -- Up-to-date: /home/auguste/Code/Stage/Stage_Univ_S1/ws/install/realsense2_camera/share/realsense2_camera/examples/d500_tables/application_config_example.json
[0.213s] -- Up-to-date: /home/auguste/Code/Stage/Stage_Univ_S1/ws/install/realsense2_camera/share/realsense2_camera/examples/launch_from_rosbag
[0.213s] -- Up-to-date: /home/auguste/Code/Stage/Stage_Univ_S1/ws/install/realsense2_camera/share/realsense2_camera/examples/launch_from_rosbag/README.md
[0.213s] -- Up-to-date: /home/auguste/Code/Stage/Stage_Univ_S1/ws/install/realsense2_camera/share/realsense2_camera/examples/launch_from_rosbag/rs_launch_from_rosbag.py
[0.213s] -- Up-to-date: /home/auguste/Code/Stage/Stage_Univ_S1/ws/install/realsense2_camera/share/realsense2_camera/examples/dual_camera
[0.213s] -- Up-to-date: /home/auguste/Code/Stage/Stage_Univ_S1/ws/install/realsense2_camera/share/realsense2_camera/examples/dual_camera/README.md
[0.213s] -- Up-to-date: /home/auguste/Code/Stage/Stage_Univ_S1/ws/install/realsense2_camera/share/realsense2_camera/examples/dual_camera/rviz
[0.213s] -- Up-to-date: /home/auguste/Code/Stage/Stage_Univ_S1/ws/install/realsense2_camera/share/realsense2_camera/examples/dual_camera/rviz/dual_camera_pointcloud.rviz
[0.213s] -- Up-to-date: /home/auguste/Code/Stage/Stage_Univ_S1/ws/install/realsense2_camera/share/realsense2_camera/examples/dual_camera/rs_dual_camera_launch.py
[0.213s] -- Up-to-date: /home/auguste/Code/Stage/Stage_Univ_S1/ws/install/realsense2_camera/share/realsense2_camera/examples/align_depth
[0.213s] -- Up-to-date: /home/auguste/Code/Stage/Stage_Univ_S1/ws/install/realsense2_camera/share/realsense2_camera/examples/align_depth/rs_align_depth_launch.py
[0.213s] -- Up-to-date: /home/auguste/Code/Stage/Stage_Univ_S1/ws/install/realsense2_camera/share/realsense2_camera/examples/align_depth/README.md
[0.213s] -- Up-to-date: /home/auguste/Code/Stage/Stage_Univ_S1/ws/install/realsense2_camera/share/realsense2_camera/environment/library_path.sh
[0.214s] -- Up-to-date: /home/auguste/Code/Stage/Stage_Univ_S1/ws/install/realsense2_camera/share/realsense2_camera/environment/library_path.dsv
[0.214s] -- Up-to-date: /home/auguste/Code/Stage/Stage_Univ_S1/ws/install/realsense2_camera/share/ament_index/resource_index/package_run_dependencies/realsense2_camera
[0.214s] -- Up-to-date: /home/auguste/Code/Stage/Stage_Univ_S1/ws/install/realsense2_camera/share/ament_index/resource_index/parent_prefix_path/realsense2_camera
[0.214s] -- Up-to-date: /home/auguste/Code/Stage/Stage_Univ_S1/ws/install/realsense2_camera/share/realsense2_camera/environment/ament_prefix_path.sh
[0.214s] -- Up-to-date: /home/auguste/Code/Stage/Stage_Univ_S1/ws/install/realsense2_camera/share/realsense2_camera/environment/ament_prefix_path.dsv
[0.214s] -- Up-to-date: /home/auguste/Code/Stage/Stage_Univ_S1/ws/install/realsense2_camera/share/realsense2_camera/environment/path.sh
[0.214s] -- Up-to-date: /home/auguste/Code/Stage/Stage_Univ_S1/ws/install/realsense2_camera/share/realsense2_camera/environment/path.dsv
[0.214s] -- Up-to-date: /home/auguste/Code/Stage/Stage_Univ_S1/ws/install/realsense2_camera/share/realsense2_camera/local_setup.bash
[0.214s] -- Up-to-date: /home/auguste/Code/Stage/Stage_Univ_S1/ws/install/realsense2_camera/share/realsense2_camera/local_setup.sh
[0.214s] -- Up-to-date: /home/auguste/Code/Stage/Stage_Univ_S1/ws/install/realsense2_camera/share/realsense2_camera/local_setup.zsh
[0.214s] -- Up-to-date: /home/auguste/Code/Stage/Stage_Univ_S1/ws/install/realsense2_camera/share/realsense2_camera/local_setup.dsv
[0.215s] -- Installing: /home/auguste/Code/Stage/Stage_Univ_S1/ws/install/realsense2_camera/share/realsense2_camera/package.dsv
[0.215s] -- Up-to-date: /home/auguste/Code/Stage/Stage_Univ_S1/ws/install/realsense2_camera/share/ament_index/resource_index/packages/realsense2_camera
[0.215s] -- Up-to-date: /home/auguste/Code/Stage/Stage_Univ_S1/ws/install/realsense2_camera/share/ament_index/resource_index/rclcpp_components/realsense2_camera
[0.216s] -- Up-to-date: /home/auguste/Code/Stage/Stage_Univ_S1/ws/install/realsense2_camera/share/realsense2_camera/cmake/ament_cmake_export_include_directories-extras.cmake
[0.216s] -- Up-to-date: /home/auguste/Code/Stage/Stage_Univ_S1/ws/install/realsense2_camera/share/realsense2_camera/cmake/ament_cmake_export_libraries-extras.cmake
[0.216s] -- Up-to-date: /home/auguste/Code/Stage/Stage_Univ_S1/ws/install/realsense2_camera/share/realsense2_camera/cmake/ament_cmake_export_dependencies-extras.cmake
[0.216s] -- Up-to-date: /home/auguste/Code/Stage/Stage_Univ_S1/ws/install/realsense2_camera/share/realsense2_camera/cmake/realsense2_cameraConfig.cmake
[0.216s] -- Up-to-date: /home/auguste/Code/Stage/Stage_Univ_S1/ws/install/realsense2_camera/share/realsense2_camera/cmake/realsense2_cameraConfig-version.cmake
[0.217s] -- Up-to-date: /home/auguste/Code/Stage/Stage_Univ_S1/ws/install/realsense2_camera/share/realsense2_camera/package.xml
[0.217s] Invoked command in '/home/auguste/Code/Stage/Stage_Univ_S1/ws/build/realsense2_camera' returned '0': CMAKE_PREFIX_PATH=/home/auguste/Code/Stage/Stage_Univ_S1/ws/install/realsense2_camera_msgs:/home/auguste/Code/Stage/Stage_Univ_S1/ws/install/realsense2_rviz_plugin:/home/auguste/Code/Stage/Stage_Univ_S1/ws/install/realsense2_description:/home/auguste/Code/Stage/Stage_Univ_S1/ws/install/realsense2_camera:/opt/ros/jazzy/opt/sdformat_vendor:/opt/ros/jazzy/opt/gz_math_vendor:/opt/ros/jazzy/opt/gz_utils_vendor:/opt/ros/jazzy/opt/gz_tools_vendor:/opt/ros/jazzy/opt/gz_cmake_vendor:/home/auguste/Code/Stage/Stage_Univ_S1/ws/install/ur_safety_monitor:/home/auguste/Code/Stage/Stage_Univ_S1/ws/install/ur_motion_manager:/home/auguste/Code/Stage/Stage_Univ_S1/ws/install/ur_force_controller:/home/auguste/Code/Stage/Stage_Univ_S1/ws/install/realsense2_ros_mqtt_bridge:/home/auguste/Code/Stage/Stage_Univ_S1/ws/install/pose_to_moveit:/opt/ros/jazzy DEBUGINFOD_URLS=https://debuginfod.archlinux.org LD_LIBRARY_PATH=/home/auguste/Code/Stage/Stage_Univ_S1/ws/install/realsense2_camera_msgs/lib:/home/auguste/Code/Stage/Stage_Univ_S1/ws/install/realsense2_camera/lib:/opt/ros/jazzy/opt/sdformat_vendor/lib:/opt/ros/jazzy/opt/rviz_ogre_vendor/lib:/opt/ros/jazzy/lib/x86_64-linux-gnu:/opt/ros/jazzy/opt/gz_math_vendor/lib:/opt/ros/jazzy/opt/gz_utils_vendor/lib:/opt/ros/jazzy/opt/gz_tools_vendor/lib:/opt/ros/jazzy/opt/gz_cmake_vendor/lib:/opt/ros/jazzy/lib PYTHONPATH=/home/auguste/Code/Stage/Stage_Univ_S1/ws/install/realsense2_camera_msgs/lib/python3.12/site-packages:/home/auguste/Code/Stage/Stage_Univ_S1/ws/install/ur_safety_monitor/lib/python3.12/site-packages:/home/auguste/Code/Stage/Stage_Univ_S1/ws/install/ur_motion_manager/lib/python3.12/site-packages:/home/auguste/Code/Stage/Stage_Univ_S1/ws/install/ur_force_controller/lib/python3.12/site-packages:/home/auguste/Code/Stage/Stage_Univ_S1/ws/install/realsense2_ros_mqtt_bridge/lib/python3.12/site-packages:/home/auguste/Code/Stage/Stage_Univ_S1/ws/install/pose_to_moveit/lib/python3.12/site-packages:/opt/ros/jazzy/lib/python3.12/site-packages /usr/bin/cmake --install /home/auguste/Code/Stage/Stage_Univ_S1/ws/build/realsense2_camera
