[0.013s] Invoking command in '/home/auguste/Code/Stage/Stage_Univ_S1/ws/build/realsense2_camera': CMAKE_PREFIX_PATH=/home/auguste/Code/Stage/Stage_Univ_S1/ws/install/realsense2_camera_msgs:/home/auguste/Code/Stage/Stage_Univ_S1/ws/install/realsense2_rviz_plugin:/home/auguste/Code/Stage/Stage_Univ_S1/ws/install/realsense2_description:/home/auguste/Code/Stage/Stage_Univ_S1/ws/install/realsense2_camera:/home/auguste/Code/Stage/Stage_Univ_S1/ws/install/pose_to_moveit_interfaces:/opt/ros/jazzy/opt/sdformat_vendor:/opt/ros/jazzy/opt/gz_math_vendor:/opt/ros/jazzy/opt/gz_utils_vendor:/opt/ros/jazzy/opt/gz_tools_vendor:/opt/ros/jazzy/opt/gz_cmake_vendor:/home/auguste/Code/Stage/Stage_Univ_S1/ws/install/ur_safety_monitor:/home/auguste/Code/Stage/Stage_Univ_S1/ws/install/ur_motion_manager:/home/auguste/Code/Stage/Stage_Univ_S1/ws/install/ur_force_controller:/home/auguste/Code/Stage/Stage_Univ_S1/ws/install/realsense2_ros_mqtt_bridge:/home/auguste/Code/Stage/Stage_Univ_S1/ws/install/pose_to_moveit:/opt/ros/jazzy DEBUGINFOD_URLS=https://debuginfod.archlinux.org LD_LIBRARY_PATH=/home/auguste/Code/Stage/Stage_Univ_S1/ws/install/realsense2_camera_msgs/lib:/home/auguste/Code/Stage/Stage_Univ_S1/ws/install/realsense2_camera/lib:/home/auguste/Code/Stage/Stage_Univ_S1/ws/install/pose_to_moveit_interfaces/lib:/opt/ros/jazzy/opt/sdformat_vendor/lib:/opt/ros/jazzy/opt/rviz_ogre_vendor/lib:/opt/ros/jazzy/lib/x86_64-linux-gnu:/opt/ros/jazzy/opt/gz_math_vendor/lib:/opt/ros/jazzy/opt/gz_utils_vendor/lib:/opt/ros/jazzy/opt/gz_tools_vendor/lib:/opt/ros/jazzy/opt/gz_cmake_vendor/lib:/opt/ros/jazzy/lib PYTHONPATH=/home/auguste/Code/Stage/Stage_Univ_S1/ws/install/realsense2_camera_msgs/lib/python3.12/site-packages:/home/auguste/Code/Stage/Stage_Univ_S1/ws/install/ur_safety_monitor/lib/python3.12/site-packages:/home/auguste/Code/Stage/Stage_Univ_S1/ws/install/ur_motion_manager/lib/python3.12/site-packages:/home/auguste/Code/Stage/Stage_Univ_S1/ws/install/ur_force_controller/lib/python3.12/site-packages:/home/auguste/Code/Stage/Stage_Univ_S1/ws/install/realsense2_ros_mqtt_bridge/lib/python3.12/site-packages:/home/auguste/Code/Stage/Stage_Univ_S1/ws/install/pose_to_moveit/lib/python3.12/site-packages:/home/auguste/Code/Stage/Stage_Univ_S1/ws/install/pose_to_moveit_interfaces/lib/python3.12/site-packages:/opt/ros/jazzy/lib/python3.12/site-packages /usr/bin/cmake /home/auguste/Code/Stage/Stage_Univ_S1/ws/src/realsense-ros/realsense2_camera -DCMAKE_INSTALL_PREFIX=/home/auguste/Code/Stage/Stage_Univ_S1/ws/install/realsense2_camera
[0.065s] -- The C compiler identification is GNU 13.3.0
[0.115s] -- The CXX compiler identification is GNU 13.3.0
[0.130s] -- Detecting C compiler ABI info
[0.213s] -- Detecting C compiler ABI info - done
[0.221s] -- Check for working C compiler: /usr/bin/cc - skipped
[0.221s] -- Detecting C compile features
[0.221s] -- Detecting C compile features - done
[0.229s] -- Detecting CXX compiler ABI info
[0.321s] -- Detecting CXX compiler ABI info - done
[0.328s] -- Check for working CXX compiler: /usr/bin/c++ - skipped
[0.329s] -- Detecting CXX compile features
[0.329s] -- Detecting CXX compile features - done
[0.330s] -- Create Release Build.
[0.333s] -- Found ament_cmake: 2.5.6 (/opt/ros/jazzy/share/ament_cmake/cmake)
[0.484s] -- Found Python3: /usr/bin/python3 (found version "3.12.3") found components: Interpreter 
[0.609s] -- Found builtin_interfaces: 2.0.3 (/opt/ros/jazzy/share/builtin_interfaces/cmake)
[0.656s] -- Found rosidl_generator_c: 4.6.7 (/opt/ros/jazzy/share/rosidl_generator_c/cmake)
[0.673s] -- Found rosidl_generator_cpp: 4.6.7 (/opt/ros/jazzy/share/rosidl_generator_cpp/cmake)
[0.692s] -- Using all available rosidl_typesupport_c: rosidl_typesupport_fastrtps_c;rosidl_typesupport_introspection_c
[0.713s] -- Using all available rosidl_typesupport_cpp: rosidl_typesupport_fastrtps_cpp;rosidl_typesupport_introspection_cpp
[0.734s] -- Found rclcpp: 28.1.18 (/opt/ros/jazzy/share/rclcpp/cmake)
[0.817s] -- Found rmw_implementation_cmake: 7.3.3 (/opt/ros/jazzy/share/rmw_implementation_cmake/cmake)
[0.822s] -- Found rmw_fastrtps_cpp: 8.4.3 (/opt/ros/jazzy/share/rmw_fastrtps_cpp/cmake)
[0.915s] -- Found OpenSSL: /usr/lib/x86_64-linux-gnu/libcrypto.so (found version "3.0.13")  
[0.937s] -- Found FastRTPS: /opt/ros/jazzy/include (Required is at least version "2.13") 
[0.959s] -- Using RMW implementation 'rmw_fastrtps_cpp' as default
[1.046s] -- Found rclcpp_action: 28.1.18 (/opt/ros/jazzy/share/rclcpp_action/cmake)
[1.091s] -- Found realsense2_camera_msgs: 4.57.7 (/home/auguste/Code/Stage/Stage_Univ_S1/ws/install/realsense2_camera_msgs/share/realsense2_camera_msgs/cmake)
[1.190s] -- Found std_srvs: 5.3.7 (/opt/ros/jazzy/share/std_srvs/cmake)
[1.209s] -- Found nav_msgs: 5.3.7 (/opt/ros/jazzy/share/nav_msgs/cmake)
[1.238s] -- Found tf2_ros: 0.36.20 (/opt/ros/jazzy/share/tf2_ros/cmake)
[1.349s] -- Found diagnostic_updater: 4.2.6 (/opt/ros/jazzy/share/diagnostic_updater/cmake)
[1.388s] -- Found OpenCV: /usr (found version "4.6.0") found components: core 
[1.391s] -- Found image_transport: 5.1.7 (/opt/ros/jazzy/share/image_transport/cmake)
[1.406s] -- Found cv_bridge: 4.1.0 (/opt/ros/jazzy/share/cv_bridge/cmake)
[1.412s] -- Build for ROS2 Jazzy
[1.416s] -- Found ament_cmake_gtest: 2.5.6 (/opt/ros/jazzy/share/ament_cmake_gtest/cmake)
[1.420s] -- Found gtest sources under '/opt/ros/jazzy/src/gtest_vendor': C++ tests using 'Google Test' will be built
[1.423s] -- Performing Test CMAKE_HAVE_LIBC_PTHREAD
[1.508s] -- Performing Test CMAKE_HAVE_LIBC_PTHREAD - Success
[1.509s] -- Found Threads: TRUE  
[1.512s] -- Found ament_cmake_pytest: 2.5.6 (/opt/ros/jazzy/share/ament_cmake_pytest/cmake)
[4.722s] -- rs_device_info:
[4.722s] -- No device detected. Is it plugged in?
[4.723s] 
[4.821s] -- Configuring done (4.8s)
[4.848s] -- Generating done (0.0s)
[4.855s] -- Build files have been written to: /home/auguste/Code/Stage/Stage_Univ_S1/ws/build/realsense2_camera
[4.868s] Invoked command in '/home/auguste/Code/Stage/Stage_Univ_S1/ws/build/realsense2_camera' returned '0': CMAKE_PREFIX_PATH=/home/auguste/Code/Stage/Stage_Univ_S1/ws/install/realsense2_camera_msgs:/home/auguste/Code/Stage/Stage_Univ_S1/ws/install/realsense2_rviz_plugin:/home/auguste/Code/Stage/Stage_Univ_S1/ws/install/realsense2_description:/home/auguste/Code/Stage/Stage_Univ_S1/ws/install/realsense2_camera:/home/auguste/Code/Stage/Stage_Univ_S1/ws/install/pose_to_moveit_interfaces:/opt/ros/jazzy/opt/sdformat_vendor:/opt/ros/jazzy/opt/gz_math_vendor:/opt/ros/jazzy/opt/gz_utils_vendor:/opt/ros/jazzy/opt/gz_tools_vendor:/opt/ros/jazzy/opt/gz_cmake_vendor:/home/auguste/Code/Stage/Stage_Univ_S1/ws/install/ur_safety_monitor:/home/auguste/Code/Stage/Stage_Univ_S1/ws/install/ur_motion_manager:/home/auguste/Code/Stage/Stage_Univ_S1/ws/install/ur_force_controller:/home/auguste/Code/Stage/Stage_Univ_S1/ws/install/realsense2_ros_mqtt_bridge:/home/auguste/Code/Stage/Stage_Univ_S1/ws/install/pose_to_moveit:/opt/ros/jazzy DEBUGINFOD_URLS=https://debuginfod.archlinux.org LD_LIBRARY_PATH=/home/auguste/Code/Stage/Stage_Univ_S1/ws/install/realsense2_camera_msgs/lib:/home/auguste/Code/Stage/Stage_Univ_S1/ws/install/realsense2_camera/lib:/home/auguste/Code/Stage/Stage_Univ_S1/ws/install/pose_to_moveit_interfaces/lib:/opt/ros/jazzy/opt/sdformat_vendor/lib:/opt/ros/jazzy/opt/rviz_ogre_vendor/lib:/opt/ros/jazzy/lib/x86_64-linux-gnu:/opt/ros/jazzy/opt/gz_math_vendor/lib:/opt/ros/jazzy/opt/gz_utils_vendor/lib:/opt/ros/jazzy/opt/gz_tools_vendor/lib:/opt/ros/jazzy/opt/gz_cmake_vendor/lib:/opt/ros/jazzy/lib PYTHONPATH=/home/auguste/Code/Stage/Stage_Univ_S1/ws/install/realsense2_camera_msgs/lib/python3.12/site-packages:/home/auguste/Code/Stage/Stage_Univ_S1/ws/install/ur_safety_monitor/lib/python3.12/site-packages:/home/auguste/Code/Stage/Stage_Univ_S1/ws/install/ur_motion_manager/lib/python3.12/site-packages:/home/auguste/Code/Stage/Stage_Univ_S1/ws/install/ur_force_controller/lib/python3.12/site-packages:/home/auguste/Code/Stage/Stage_Univ_S1/ws/install/realsense2_ros_mqtt_bridge/lib/python3.12/site-packages:/home/auguste/Code/Stage/Stage_Univ_S1/ws/install/pose_to_moveit/lib/python3.12/site-packages:/home/auguste/Code/Stage/Stage_Univ_S1/ws/install/pose_to_moveit_interfaces/lib/python3.12/site-packages:/opt/ros/jazzy/lib/python3.12/site-packages /usr/bin/cmake /home/auguste/Code/Stage/Stage_Univ_S1/ws/src/realsense-ros/realsense2_camera -DCMAKE_INSTALL_PREFIX=/home/auguste/Code/Stage/Stage_Univ_S1/ws/install/realsense2_camera
[4.869s] Invoking command in '/home/auguste/Code/Stage/Stage_Univ_S1/ws/build/realsense2_camera': CMAKE_PREFIX_PATH=/home/auguste/Code/Stage/Stage_Univ_S1/ws/install/realsense2_camera_msgs:/home/auguste/Code/Stage/Stage_Univ_S1/ws/install/realsense2_rviz_plugin:/home/auguste/Code/Stage/Stage_Univ_S1/ws/install/realsense2_description:/home/auguste/Code/Stage/Stage_Univ_S1/ws/install/realsense2_camera:/home/auguste/Code/Stage/Stage_Univ_S1/ws/install/pose_to_moveit_interfaces:/opt/ros/jazzy/opt/sdformat_vendor:/opt/ros/jazzy/opt/gz_math_vendor:/opt/ros/jazzy/opt/gz_utils_vendor:/opt/ros/jazzy/opt/gz_tools_vendor:/opt/ros/jazzy/opt/gz_cmake_vendor:/home/auguste/Code/Stage/Stage_Univ_S1/ws/install/ur_safety_monitor:/home/auguste/Code/Stage/Stage_Univ_S1/ws/install/ur_motion_manager:/home/auguste/Code/Stage/Stage_Univ_S1/ws/install/ur_force_controller:/home/auguste/Code/Stage/Stage_Univ_S1/ws/install/realsense2_ros_mqtt_bridge:/home/auguste/Code/Stage/Stage_Univ_S1/ws/install/pose_to_moveit:/opt/ros/jazzy DEBUGINFOD_URLS=https://debuginfod.archlinux.org LD_LIBRARY_PATH=/home/auguste/Code/Stage/Stage_Univ_S1/ws/install/realsense2_camera_msgs/lib:/home/auguste/Code/Stage/Stage_Univ_S1/ws/install/realsense2_camera/lib:/home/auguste/Code/Stage/Stage_Univ_S1/ws/install/pose_to_moveit_interfaces/lib:/opt/ros/jazzy/opt/sdformat_vendor/lib:/opt/ros/jazzy/opt/rviz_ogre_vendor/lib:/opt/ros/jazzy/lib/x86_64-linux-gnu:/opt/ros/jazzy/opt/gz_math_vendor/lib:/opt/ros/jazzy/opt/gz_utils_vendor/lib:/opt/ros/jazzy/opt/gz_tools_vendor/lib:/opt/ros/jazzy/opt/gz_cmake_vendor/lib:/opt/ros/jazzy/lib PYTHONPATH=/home/auguste/Code/Stage/Stage_Univ_S1/ws/install/realsense2_camera_msgs/lib/python3.12/site-packages:/home/auguste/Code/Stage/Stage_Univ_S1/ws/install/ur_safety_monitor/lib/python3.12/site-packages:/home/auguste/Code/Stage/Stage_Univ_S1/ws/install/ur_motion_manager/lib/python3.12/site-packages:/home/auguste/Code/Stage/Stage_Univ_S1/ws/install/ur_force_controller/lib/python3.12/site-packages:/home/auguste/Code/Stage/Stage_Univ_S1/ws/install/realsense2_ros_mqtt_bridge/lib/python3.12/site-packages:/home/auguste/Code/Stage/Stage_Univ_S1/ws/install/pose_to_moveit/lib/python3.12/site-packages:/home/auguste/Code/Stage/Stage_Univ_S1/ws/install/pose_to_moveit_interfaces/lib/python3.12/site-packages:/opt/ros/jazzy/lib/python3.12/site-packages /usr/bin/cmake --build /home/auguste/Code/Stage/Stage_Univ_S1/ws/build/realsense2_camera -- -j16 -l16
[4.928s] [ 19%] [32mBuilding CXX object CMakeFiles/realsense2_camera.dir/src/ros_sensor.cpp.o[0m
[4.928s] [ 26%] [32mBuilding CXX object CMakeFiles/realsense2_camera.dir/src/ros_utils.cpp.o[0m
[4.928s] [ 30%] [32mBuilding CXX object CMakeFiles/realsense2_camera.dir/src/base_realsense_node.cpp.o[0m
[4.929s] [ 19%] [32mBuilding CXX object gtest/CMakeFiles/gtest_main.dir/src/gtest_main.cc.o[0m
[4.929s] [ 19%] [32mBuilding CXX object CMakeFiles/realsense2_camera_node.dir/rclcpp_components/node_main_realsense2_camera_node.cpp.o[0m
[4.929s] [ 34%] [32mBuilding CXX object CMakeFiles/realsense2_camera.dir/src/rs_node_setup.cpp.o[0m
[4.929s] [ 34%] [32mBuilding CXX object CMakeFiles/realsense2_camera.dir/src/parameters.cpp.o[0m
[4.930s] [ 34%] [32mBuilding CXX object gtest/CMakeFiles/gtest.dir/src/gtest-all.cc.o[0m
[4.930s] [ 38%] [32mBuilding CXX object CMakeFiles/realsense2_camera.dir/src/dynamic_params.cpp.o[0m
[4.930s] [ 42%] [32mBuilding CXX object CMakeFiles/realsense2_camera.dir/src/named_filter.cpp.o[0m
[4.930s] [ 53%] [32mBuilding CXX object CMakeFiles/realsense2_camera.dir/src/pointcloud_filter.cpp.o[0m
[4.930s] [ 53%] [32mBuilding CXX object CMakeFiles/realsense2_camera.dir/src/realsense_node_factory.cpp.o[0m
[4.930s] [ 53%] [32mBuilding CXX object CMakeFiles/realsense2_camera.dir/src/align_depth_filter.cpp.o[0m
[4.930s] [ 53%] [32mBuilding CXX object CMakeFiles/realsense2_camera.dir/src/profile_manager.cpp.o[0m
[4.932s] [ 57%] [32mBuilding CXX object CMakeFiles/realsense2_camera.dir/src/sensor_params.cpp.o[0m
[4.941s] [ 61%] [32mBuilding CXX object CMakeFiles/realsense2_camera.dir/src/image_publisher.cpp.o[0m
[6.029s] [ 65%] [32m[1mLinking CXX static library libgtest_main.a[0m
[6.177s] [ 65%] Built target gtest_main
[6.205s] [ 69%] [32mBuilding CXX object CMakeFiles/realsense2_camera.dir/src/tfs.cpp.o[0m
[11.945s] [ 73%] [32m[1mLinking CXX executable realsense2_camera_node[0m
[12.089s] [ 76%] [32mBuilding CXX object CMakeFiles/realsense2_camera.dir/src/actions.cpp.o[0m
[12.310s] [ 80%] [32mBuilding CXX object CMakeFiles/realsense2_camera.dir/src/safety.cpp.o[0m
[12.455s] [ 80%] Built target realsense2_camera_node
[12.499s] [ 84%] [32mBuilding CXX object CMakeFiles/realsense2_camera.dir/src/ros_param_backend.cpp.o[0m
[19.354s] [ 88%] [32m[1mLinking CXX static library libgtest.a[0m
[19.419s] [ 88%] Built target gtest
[19.448s] [ 92%] [32mBuilding CXX object CMakeFiles/gtest_template.dir/test/gtest_template.cpp.o[0m
[20.606s] [ 96%] [32m[1mLinking CXX executable gtest_template[0m
[20.775s] [ 96%] Built target gtest_template
[34.205s] [100%] [32m[1mLinking CXX shared library librealsense2_camera.so[0m
[34.596s] [100%] Built target realsense2_camera
[34.622s] Invoked command in '/home/auguste/Code/Stage/Stage_Univ_S1/ws/build/realsense2_camera' returned '0': CMAKE_PREFIX_PATH=/home/auguste/Code/Stage/Stage_Univ_S1/ws/install/realsense2_camera_msgs:/home/auguste/Code/Stage/Stage_Univ_S1/ws/install/realsense2_rviz_plugin:/home/auguste/Code/Stage/Stage_Univ_S1/ws/install/realsense2_description:/home/auguste/Code/Stage/Stage_Univ_S1/ws/install/realsense2_camera:/home/auguste/Code/Stage/Stage_Univ_S1/ws/install/pose_to_moveit_interfaces:/opt/ros/jazzy/opt/sdformat_vendor:/opt/ros/jazzy/opt/gz_math_vendor:/opt/ros/jazzy/opt/gz_utils_vendor:/opt/ros/jazzy/opt/gz_tools_vendor:/opt/ros/jazzy/opt/gz_cmake_vendor:/home/auguste/Code/Stage/Stage_Univ_S1/ws/install/ur_safety_monitor:/home/auguste/Code/Stage/Stage_Univ_S1/ws/install/ur_motion_manager:/home/auguste/Code/Stage/Stage_Univ_S1/ws/install/ur_force_controller:/home/auguste/Code/Stage/Stage_Univ_S1/ws/install/realsense2_ros_mqtt_bridge:/home/auguste/Code/Stage/Stage_Univ_S1/ws/install/pose_to_moveit:/opt/ros/jazzy DEBUGINFOD_URLS=https://debuginfod.archlinux.org LD_LIBRARY_PATH=/home/auguste/Code/Stage/Stage_Univ_S1/ws/install/realsense2_camera_msgs/lib:/home/auguste/Code/Stage/Stage_Univ_S1/ws/install/realsense2_camera/lib:/home/auguste/Code/Stage/Stage_Univ_S1/ws/install/pose_to_moveit_interfaces/lib:/opt/ros/jazzy/opt/sdformat_vendor/lib:/opt/ros/jazzy/opt/rviz_ogre_vendor/lib:/opt/ros/jazzy/lib/x86_64-linux-gnu:/opt/ros/jazzy/opt/gz_math_vendor/lib:/opt/ros/jazzy/opt/gz_utils_vendor/lib:/opt/ros/jazzy/opt/gz_tools_vendor/lib:/opt/ros/jazzy/opt/gz_cmake_vendor/lib:/opt/ros/jazzy/lib PYTHONPATH=/home/auguste/Code/Stage/Stage_Univ_S1/ws/install/realsense2_camera_msgs/lib/python3.12/site-packages:/home/auguste/Code/Stage/Stage_Univ_S1/ws/install/ur_safety_monitor/lib/python3.12/site-packages:/home/auguste/Code/Stage/Stage_Univ_S1/ws/install/ur_motion_manager/lib/python3.12/site-packages:/home/auguste/Code/Stage/Stage_Univ_S1/ws/install/ur_force_controller/lib/python3.12/site-packages:/home/auguste/Code/Stage/Stage_Univ_S1/ws/install/realsense2_ros_mqtt_bridge/lib/python3.12/site-packages:/home/auguste/Code/Stage/Stage_Univ_S1/ws/install/pose_to_moveit/lib/python3.12/site-packages:/home/auguste/Code/Stage/Stage_Univ_S1/ws/install/pose_to_moveit_interfaces/lib/python3.12/site-packages:/opt/ros/jazzy/lib/python3.12/site-packages /usr/bin/cmake --build /home/auguste/Code/Stage/Stage_Univ_S1/ws/build/realsense2_camera -- -j16 -l16
[34.628s] Invoking command in '/home/auguste/Code/Stage/Stage_Univ_S1/ws/build/realsense2_camera': CMAKE_PREFIX_PATH=/home/auguste/Code/Stage/Stage_Univ_S1/ws/install/realsense2_camera_msgs:/home/auguste/Code/Stage/Stage_Univ_S1/ws/install/realsense2_rviz_plugin:/home/auguste/Code/Stage/Stage_Univ_S1/ws/install/realsense2_description:/home/auguste/Code/Stage/Stage_Univ_S1/ws/install/realsense2_camera:/home/auguste/Code/Stage/Stage_Univ_S1/ws/install/pose_to_moveit_interfaces:/opt/ros/jazzy/opt/sdformat_vendor:/opt/ros/jazzy/opt/gz_math_vendor:/opt/ros/jazzy/opt/gz_utils_vendor:/opt/ros/jazzy/opt/gz_tools_vendor:/opt/ros/jazzy/opt/gz_cmake_vendor:/home/auguste/Code/Stage/Stage_Univ_S1/ws/install/ur_safety_monitor:/home/auguste/Code/Stage/Stage_Univ_S1/ws/install/ur_motion_manager:/home/auguste/Code/Stage/Stage_Univ_S1/ws/install/ur_force_controller:/home/auguste/Code/Stage/Stage_Univ_S1/ws/install/realsense2_ros_mqtt_bridge:/home/auguste/Code/Stage/Stage_Univ_S1/ws/install/pose_to_moveit:/opt/ros/jazzy DEBUGINFOD_URLS=https://debuginfod.archlinux.org LD_LIBRARY_PATH=/home/auguste/Code/Stage/Stage_Univ_S1/ws/install/realsense2_camera_msgs/lib:/home/auguste/Code/Stage/Stage_Univ_S1/ws/install/realsense2_camera/lib:/home/auguste/Code/Stage/Stage_Univ_S1/ws/install/pose_to_moveit_interfaces/lib:/opt/ros/jazzy/opt/sdformat_vendor/lib:/opt/ros/jazzy/opt/rviz_ogre_vendor/lib:/opt/ros/jazzy/lib/x86_64-linux-gnu:/opt/ros/jazzy/opt/gz_math_vendor/lib:/opt/ros/jazzy/opt/gz_utils_vendor/lib:/opt/ros/jazzy/opt/gz_tools_vendor/lib:/opt/ros/jazzy/opt/gz_cmake_vendor/lib:/opt/ros/jazzy/lib PYTHONPATH=/home/auguste/Code/Stage/Stage_Univ_S1/ws/install/realsense2_camera_msgs/lib/python3.12/site-packages:/home/auguste/Code/Stage/Stage_Univ_S1/ws/install/ur_safety_monitor/lib/python3.12/site-packages:/home/auguste/Code/Stage/Stage_Univ_S1/ws/install/ur_motion_manager/lib/python3.12/site-packages:/home/auguste/Code/Stage/Stage_Univ_S1/ws/install/ur_force_controller/lib/python3.12/site-packages:/home/auguste/Code/Stage/Stage_Univ_S1/ws/install/realsense2_ros_mqtt_bridge/lib/python3.12/site-packages:/home/auguste/Code/Stage/Stage_Univ_S1/ws/install/pose_to_moveit/lib/python3.12/site-packages:/home/auguste/Code/Stage/Stage_Univ_S1/ws/install/pose_to_moveit_interfaces/lib/python3.12/site-packages:/opt/ros/jazzy/lib/python3.12/site-packages /usr/bin/cmake --install /home/auguste/Code/Stage/Stage_Univ_S1/ws/build/realsense2_camera
[34.636s] -- Install configuration: "Release"
[34.636s] -- Installing: /home/auguste/Code/Stage/Stage_Univ_S1/ws/install/realsense2_camera/share/realsense2_camera/config/global_settings.yaml
[34.637s] -- Installing: /home/auguste/Code/Stage/Stage_Univ_S1/ws/install/realsense2_camera/lib/realsense2_camera/realsense2_camera_node
[34.637s] -- Set non-toolchain portion of runtime path of "/home/auguste/Code/Stage/Stage_Univ_S1/ws/install/realsense2_camera/lib/realsense2_camera/realsense2_camera_node" to ""
[34.637s] -- Installing: /home/auguste/Code/Stage/Stage_Univ_S1/ws/install/realsense2_camera/lib/librealsense2_camera.so
[34.640s] -- Set non-toolchain portion of runtime path of "/home/auguste/Code/Stage/Stage_Univ_S1/ws/install/realsense2_camera/lib/librealsense2_camera.so" to ""
[34.641s] -- Installing: /home/auguste/Code/Stage/Stage_Univ_S1/ws/install/realsense2_camera/include
[34.641s] -- Installing: /home/auguste/Code/Stage/Stage_Univ_S1/ws/install/realsense2_camera/include/dynamic_params.h
[34.641s] -- Installing: /home/auguste/Code/Stage/Stage_Univ_S1/ws/install/realsense2_camera/include/constants.h
[34.641s] -- Installing: /home/auguste/Code/Stage/Stage_Univ_S1/ws/install/realsense2_camera/include/align_depth_filter.h
[34.641s] -- Installing: /home/auguste/Code/Stage/Stage_Univ_S1/ws/install/realsense2_camera/include/ros_utils.h
[34.641s] -- Installing: /home/auguste/Code/Stage/Stage_Univ_S1/ws/install/realsense2_camera/include/sensor_params.h
[34.641s] -- Installing: /home/auguste/Code/Stage/Stage_Univ_S1/ws/install/realsense2_camera/include/realsense_node_factory.h
[34.641s] -- Installing: /home/auguste/Code/Stage/Stage_Univ_S1/ws/install/realsense2_camera/include/profile_manager.h
[34.641s] -- Installing: /home/auguste/Code/Stage/Stage_Univ_S1/ws/install/realsense2_camera/include/ros_sensor.h
[34.641s] -- Installing: /home/auguste/Code/Stage/Stage_Univ_S1/ws/install/realsense2_camera/include/base_realsense_node.h
[34.642s] -- Installing: /home/auguste/Code/Stage/Stage_Univ_S1/ws/install/realsense2_camera/include/gl_window.h
[34.642s] -- Installing: /home/auguste/Code/Stage/Stage_Univ_S1/ws/install/realsense2_camera/include/image_publisher.h
[34.642s] -- Installing: /home/auguste/Code/Stage/Stage_Univ_S1/ws/install/realsense2_camera/include/ros_param_backend.h
[34.642s] -- Installing: /home/auguste/Code/Stage/Stage_Univ_S1/ws/install/realsense2_camera/include/context_singleton_wrapper.h
[34.642s] -- Installing: /home/auguste/Code/Stage/Stage_Univ_S1/ws/install/realsense2_camera/include/pointcloud_filter.h
[34.642s] -- Installing: /home/auguste/Code/Stage/Stage_Univ_S1/ws/install/realsense2_camera/include/ros_node_base.h
[34.642s] -- Installing: /home/auguste/Code/Stage/Stage_Univ_S1/ws/install/realsense2_camera/include/named_filter.h
[34.642s] -- Installing: /home/auguste/Code/Stage/Stage_Univ_S1/ws/install/realsense2_camera/share/realsense2_camera/launch
[34.643s] -- Installing: /home/auguste/Code/Stage/Stage_Univ_S1/ws/install/realsense2_camera/share/realsense2_camera/launch/rs_launch.py
[34.643s] -- Installing: /home/auguste/Code/Stage/Stage_Univ_S1/ws/install/realsense2_camera/share/realsense2_camera/launch/rs_multi_camera_launch.py
[34.643s] -- Installing: /home/auguste/Code/Stage/Stage_Univ_S1/ws/install/realsense2_camera/share/realsense2_camera/launch/rs_intra_process_demo_launch.py
[34.643s] -- Installing: /home/auguste/Code/Stage/Stage_Univ_S1/ws/install/realsense2_camera/share/realsense2_camera/launch/default.rviz
[34.643s] -- Installing: /home/auguste/Code/Stage/Stage_Univ_S1/ws/install/realsense2_camera/share/realsense2_camera/launch/rs_multi_camera_launch_sync.py
[34.643s] -- Installing: /home/auguste/Code/Stage/Stage_Univ_S1/ws/install/realsense2_camera/share/realsense2_camera/examples
[34.643s] -- Installing: /home/auguste/Code/Stage/Stage_Univ_S1/ws/install/realsense2_camera/share/realsense2_camera/examples/launch_params_from_file
[34.643s] -- Installing: /home/auguste/Code/Stage/Stage_Univ_S1/ws/install/realsense2_camera/share/realsense2_camera/examples/launch_params_from_file/config
[34.644s] -- Installing: /home/auguste/Code/Stage/Stage_Univ_S1/ws/install/realsense2_camera/share/realsense2_camera/examples/launch_params_from_file/config/config.yaml
[34.644s] -- Installing: /home/auguste/Code/Stage/Stage_Univ_S1/ws/install/realsense2_camera/share/realsense2_camera/examples/launch_params_from_file/README.md
[34.644s] -- Installing: /home/auguste/Code/Stage/Stage_Univ_S1/ws/install/realsense2_camera/share/realsense2_camera/examples/launch_params_from_file/rs_launch_get_params_from_yaml.py
[34.644s] -- Installing: /home/auguste/Code/Stage/Stage_Univ_S1/ws/install/realsense2_camera/share/realsense2_camera/examples/pointcloud
[34.644s] -- Installing: /home/auguste/Code/Stage/Stage_Univ_S1/ws/install/realsense2_camera/share/realsense2_camera/examples/pointcloud/rs_pointcloud_launch.py
[34.644s] -- Installing: /home/auguste/Code/Stage/Stage_Univ_S1/ws/install/realsense2_camera/share/realsense2_camera/examples/pointcloud/rs_d455_pointcloud_launch.py
[34.644s] -- Installing: /home/auguste/Code/Stage/Stage_Univ_S1/ws/install/realsense2_camera/share/realsense2_camera/examples/pointcloud/README.md
[34.645s] -- Installing: /home/auguste/Code/Stage/Stage_Univ_S1/ws/install/realsense2_camera/share/realsense2_camera/examples/pointcloud/rviz
[34.645s] -- Installing: /home/auguste/Code/Stage/Stage_Univ_S1/ws/install/realsense2_camera/share/realsense2_camera/examples/pointcloud/rviz/urdf_pointcloud.rviz
[34.645s] -- Installing: /home/auguste/Code/Stage/Stage_Univ_S1/ws/install/realsense2_camera/share/realsense2_camera/examples/pointcloud/rviz/pointcloud.rviz
[34.645s] -- Installing: /home/auguste/Code/Stage/Stage_Univ_S1/ws/install/realsense2_camera/share/realsense2_camera/examples/pointcloud/rs_pointcloud_infra_launch.py
[34.645s] -- Installing: /home/auguste/Code/Stage/Stage_Univ_S1/ws/install/realsense2_camera/share/realsense2_camera/examples/pointcloud/rs_d405_pointcloud_launch.py
[34.645s] -- Installing: /home/auguste/Code/Stage/Stage_Univ_S1/ws/install/realsense2_camera/share/realsense2_camera/examples/d500_tables
[34.645s] -- Installing: /home/auguste/Code/Stage/Stage_Univ_S1/ws/install/realsense2_camera/share/realsense2_camera/examples/d500_tables/safety_interface_config_example.json
[34.645s] -- Installing: /home/auguste/Code/Stage/Stage_Univ_S1/ws/install/realsense2_camera/share/realsense2_camera/examples/d500_tables/safety_preset_example.json
[34.646s] -- Installing: /home/auguste/Code/Stage/Stage_Univ_S1/ws/install/realsense2_camera/share/realsense2_camera/examples/d500_tables/calib_config_example.json
[34.646s] -- Installing: /home/auguste/Code/Stage/Stage_Univ_S1/ws/install/realsense2_camera/share/realsense2_camera/examples/d500_tables/application_config_example.json
[34.646s] -- Installing: /home/auguste/Code/Stage/Stage_Univ_S1/ws/install/realsense2_camera/share/realsense2_camera/examples/launch_from_rosbag
[34.646s] -- Installing: /home/auguste/Code/Stage/Stage_Univ_S1/ws/install/realsense2_camera/share/realsense2_camera/examples/launch_from_rosbag/README.md
[34.646s] -- Installing: /home/auguste/Code/Stage/Stage_Univ_S1/ws/install/realsense2_camera/share/realsense2_camera/examples/launch_from_rosbag/rs_launch_from_rosbag.py
[34.646s] -- Installing: /home/auguste/Code/Stage/Stage_Univ_S1/ws/install/realsense2_camera/share/realsense2_camera/examples/dual_camera
[34.646s] -- Installing: /home/auguste/Code/Stage/Stage_Univ_S1/ws/install/realsense2_camera/share/realsense2_camera/examples/dual_camera/README.md
[34.646s] -- Installing: /home/auguste/Code/Stage/Stage_Univ_S1/ws/install/realsense2_camera/share/realsense2_camera/examples/dual_camera/rviz
[34.647s] -- Installing: /home/auguste/Code/Stage/Stage_Univ_S1/ws/install/realsense2_camera/share/realsense2_camera/examples/dual_camera/rviz/dual_camera_pointcloud.rviz
[34.647s] -- Installing: /home/auguste/Code/Stage/Stage_Univ_S1/ws/install/realsense2_camera/share/realsense2_camera/examples/dual_camera/rs_dual_camera_launch.py
[34.647s] -- Installing: /home/auguste/Code/Stage/Stage_Univ_S1/ws/install/realsense2_camera/share/realsense2_camera/examples/align_depth
[34.647s] -- Installing: /home/auguste/Code/Stage/Stage_Univ_S1/ws/install/realsense2_camera/share/realsense2_camera/examples/align_depth/rs_align_depth_launch.py
[34.647s] -- Installing: /home/auguste/Code/Stage/Stage_Univ_S1/ws/install/realsense2_camera/share/realsense2_camera/examples/align_depth/README.md
[34.647s] -- Installing: /home/auguste/Code/Stage/Stage_Univ_S1/ws/install/realsense2_camera/share/realsense2_camera/environment/library_path.sh
[34.648s] -- Installing: /home/auguste/Code/Stage/Stage_Univ_S1/ws/install/realsense2_camera/share/realsense2_camera/environment/library_path.dsv
[34.648s] -- Installing: /home/auguste/Code/Stage/Stage_Univ_S1/ws/install/realsense2_camera/share/ament_index/resource_index/package_run_dependencies/realsense2_camera
[34.648s] -- Installing: /home/auguste/Code/Stage/Stage_Univ_S1/ws/install/realsense2_camera/share/ament_index/resource_index/parent_prefix_path/realsense2_camera
[34.649s] -- Installing: /home/auguste/Code/Stage/Stage_Univ_S1/ws/install/realsense2_camera/share/realsense2_camera/environment/ament_prefix_path.sh
[34.649s] -- Installing: /home/auguste/Code/Stage/Stage_Univ_S1/ws/install/realsense2_camera/share/realsense2_camera/environment/ament_prefix_path.dsv
[34.649s] -- Installing: /home/auguste/Code/Stage/Stage_Univ_S1/ws/install/realsense2_camera/share/realsense2_camera/environment/path.sh
[34.649s] -- Installing: /home/auguste/Code/Stage/Stage_Univ_S1/ws/install/realsense2_camera/share/realsense2_camera/environment/path.dsv
[34.649s] -- Installing: /home/auguste/Code/Stage/Stage_Univ_S1/ws/install/realsense2_camera/share/realsense2_camera/local_setup.bash
[34.649s] -- Installing: /home/auguste/Code/Stage/Stage_Univ_S1/ws/install/realsense2_camera/share/realsense2_camera/local_setup.sh
[34.650s] -- Installing: /home/auguste/Code/Stage/Stage_Univ_S1/ws/install/realsense2_camera/share/realsense2_camera/local_setup.zsh
[34.650s] -- Installing: /home/auguste/Code/Stage/Stage_Univ_S1/ws/install/realsense2_camera/share/realsense2_camera/local_setup.dsv
[34.650s] -- Installing: /home/auguste/Code/Stage/Stage_Univ_S1/ws/install/realsense2_camera/share/realsense2_camera/package.dsv
[34.650s] -- Installing: /home/auguste/Code/Stage/Stage_Univ_S1/ws/install/realsense2_camera/share/ament_index/resource_index/packages/realsense2_camera
[34.650s] -- Installing: /home/auguste/Code/Stage/Stage_Univ_S1/ws/install/realsense2_camera/share/ament_index/resource_index/rclcpp_components/realsense2_camera
[34.650s] -- Installing: /home/auguste/Code/Stage/Stage_Univ_S1/ws/install/realsense2_camera/share/realsense2_camera/cmake/ament_cmake_export_include_directories-extras.cmake
[34.651s] -- Installing: /home/auguste/Code/Stage/Stage_Univ_S1/ws/install/realsense2_camera/share/realsense2_camera/cmake/ament_cmake_export_libraries-extras.cmake
[34.651s] -- Installing: /home/auguste/Code/Stage/Stage_Univ_S1/ws/install/realsense2_camera/share/realsense2_camera/cmake/ament_cmake_export_dependencies-extras.cmake
[34.651s] -- Installing: /home/auguste/Code/Stage/Stage_Univ_S1/ws/install/realsense2_camera/share/realsense2_camera/cmake/realsense2_cameraConfig.cmake
[34.651s] -- Installing: /home/auguste/Code/Stage/Stage_Univ_S1/ws/install/realsense2_camera/share/realsense2_camera/cmake/realsense2_cameraConfig-version.cmake
[34.651s] -- Installing: /home/auguste/Code/Stage/Stage_Univ_S1/ws/install/realsense2_camera/share/realsense2_camera/package.xml
[34.657s] Invoked command in '/home/auguste/Code/Stage/Stage_Univ_S1/ws/build/realsense2_camera' returned '0': CMAKE_PREFIX_PATH=/home/auguste/Code/Stage/Stage_Univ_S1/ws/install/realsense2_camera_msgs:/home/auguste/Code/Stage/Stage_Univ_S1/ws/install/realsense2_rviz_plugin:/home/auguste/Code/Stage/Stage_Univ_S1/ws/install/realsense2_description:/home/auguste/Code/Stage/Stage_Univ_S1/ws/install/realsense2_camera:/home/auguste/Code/Stage/Stage_Univ_S1/ws/install/pose_to_moveit_interfaces:/opt/ros/jazzy/opt/sdformat_vendor:/opt/ros/jazzy/opt/gz_math_vendor:/opt/ros/jazzy/opt/gz_utils_vendor:/opt/ros/jazzy/opt/gz_tools_vendor:/opt/ros/jazzy/opt/gz_cmake_vendor:/home/auguste/Code/Stage/Stage_Univ_S1/ws/install/ur_safety_monitor:/home/auguste/Code/Stage/Stage_Univ_S1/ws/install/ur_motion_manager:/home/auguste/Code/Stage/Stage_Univ_S1/ws/install/ur_force_controller:/home/auguste/Code/Stage/Stage_Univ_S1/ws/install/realsense2_ros_mqtt_bridge:/home/auguste/Code/Stage/Stage_Univ_S1/ws/install/pose_to_moveit:/opt/ros/jazzy DEBUGINFOD_URLS=https://debuginfod.archlinux.org LD_LIBRARY_PATH=/home/auguste/Code/Stage/Stage_Univ_S1/ws/install/realsense2_camera_msgs/lib:/home/auguste/Code/Stage/Stage_Univ_S1/ws/install/realsense2_camera/lib:/home/auguste/Code/Stage/Stage_Univ_S1/ws/install/pose_to_moveit_interfaces/lib:/opt/ros/jazzy/opt/sdformat_vendor/lib:/opt/ros/jazzy/opt/rviz_ogre_vendor/lib:/opt/ros/jazzy/lib/x86_64-linux-gnu:/opt/ros/jazzy/opt/gz_math_vendor/lib:/opt/ros/jazzy/opt/gz_utils_vendor/lib:/opt/ros/jazzy/opt/gz_tools_vendor/lib:/opt/ros/jazzy/opt/gz_cmake_vendor/lib:/opt/ros/jazzy/lib PYTHONPATH=/home/auguste/Code/Stage/Stage_Univ_S1/ws/install/realsense2_camera_msgs/lib/python3.12/site-packages:/home/auguste/Code/Stage/Stage_Univ_S1/ws/install/ur_safety_monitor/lib/python3.12/site-packages:/home/auguste/Code/Stage/Stage_Univ_S1/ws/install/ur_motion_manager/lib/python3.12/site-packages:/home/auguste/Code/Stage/Stage_Univ_S1/ws/install/ur_force_controller/lib/python3.12/site-packages:/home/auguste/Code/Stage/Stage_Univ_S1/ws/install/realsense2_ros_mqtt_bridge/lib/python3.12/site-packages:/home/auguste/Code/Stage/Stage_Univ_S1/ws/install/pose_to_moveit/lib/python3.12/site-packages:/home/auguste/Code/Stage/Stage_Univ_S1/ws/install/pose_to_moveit_interfaces/lib/python3.12/site-packages:/opt/ros/jazzy/lib/python3.12/site-packages /usr/bin/cmake --install /home/auguste/Code/Stage/Stage_Univ_S1/ws/build/realsense2_camera
