/home/auguste/Code/Stage/Stage_Univ_S1/ws/install/realsense2_ros_mqtt_bridge/lib/python3.12/site-packages/src/triggered_calibration_handler.py
/home/auguste/Code/Stage/Stage_Univ_S1/ws/install/realsense2_ros_mqtt_bridge/lib/python3.12/site-packages/src/mqtt_bridge_node.py
/home/auguste/Code/Stage/Stage_Univ_S1/ws/install/realsense2_ros_mqtt_bridge/lib/python3.12/site-packages/src/application_config_handler.py
/home/auguste/Code/Stage/Stage_Univ_S1/ws/install/realsense2_ros_mqtt_bridge/lib/python3.12/site-packages/src/safety_interface_config_handler.py
/home/auguste/Code/Stage/Stage_Univ_S1/ws/install/realsense2_ros_mqtt_bridge/lib/python3.12/site-packages/src/entry_point.py
/home/auguste/Code/Stage/Stage_Univ_S1/ws/install/realsense2_ros_mqtt_bridge/lib/python3.12/site-packages/src/__init__.py
/home/auguste/Code/Stage/Stage_Univ_S1/ws/install/realsense2_ros_mqtt_bridge/lib/python3.12/site-packages/src/hw_reset_handler.py
/home/auguste/Code/Stage/Stage_Univ_S1/ws/install/realsense2_ros_mqtt_bridge/lib/python3.12/site-packages/src/frame_handler.py
/home/auguste/Code/Stage/Stage_Univ_S1/ws/install/realsense2_ros_mqtt_bridge/lib/python3.12/site-packages/src/parameter_handler.py
/home/auguste/Code/Stage/Stage_Univ_S1/ws/install/realsense2_ros_mqtt_bridge/lib/python3.12/site-packages/src/calib_config_handler.py
/home/auguste/Code/Stage/Stage_Univ_S1/ws/install/realsense2_ros_mqtt_bridge/lib/python3.12/site-packages/src/safety_preset_handler.py
/home/auguste/Code/Stage/Stage_Univ_S1/ws/install/realsense2_ros_mqtt_bridge/lib/python3.12/site-packages/src/hwm_command_handler.py
/home/auguste/Code/Stage/Stage_Univ_S1/ws/install/realsense2_ros_mqtt_bridge/lib/python3.12/site-packages/src/device_handler.py
/home/auguste/Code/Stage/Stage_Univ_S1/ws/install/realsense2_ros_mqtt_bridge/lib/python3.12/site-packages/src/transformation_handler.py
/home/auguste/Code/Stage/Stage_Univ_S1/ws/install/realsense2_ros_mqtt_bridge/lib/python3.12/site-packages/src/service_handler.py
/home/auguste/Code/Stage/Stage_Univ_S1/ws/install/realsense2_ros_mqtt_bridge/lib/python3.12/site-packages/src/__pycache__/triggered_calibration_handler.cpython-312.pyc
/home/auguste/Code/Stage/Stage_Univ_S1/ws/install/realsense2_ros_mqtt_bridge/lib/python3.12/site-packages/src/__pycache__/mqtt_bridge_node.cpython-312.pyc
/home/auguste/Code/Stage/Stage_Univ_S1/ws/install/realsense2_ros_mqtt_bridge/lib/python3.12/site-packages/src/__pycache__/application_config_handler.cpython-312.pyc
/home/auguste/Code/Stage/Stage_Univ_S1/ws/install/realsense2_ros_mqtt_bridge/lib/python3.12/site-packages/src/__pycache__/safety_interface_config_handler.cpython-312.pyc
/home/auguste/Code/Stage/Stage_Univ_S1/ws/install/realsense2_ros_mqtt_bridge/lib/python3.12/site-packages/src/__pycache__/entry_point.cpython-312.pyc
/home/auguste/Code/Stage/Stage_Univ_S1/ws/install/realsense2_ros_mqtt_bridge/lib/python3.12/site-packages/src/__pycache__/__init__.cpython-312.pyc
/home/auguste/Code/Stage/Stage_Univ_S1/ws/install/realsense2_ros_mqtt_bridge/lib/python3.12/site-packages/src/__pycache__/hw_reset_handler.cpython-312.pyc
/home/auguste/Code/Stage/Stage_Univ_S1/ws/install/realsense2_ros_mqtt_bridge/lib/python3.12/site-packages/src/__pycache__/frame_handler.cpython-312.pyc
/home/auguste/Code/Stage/Stage_Univ_S1/ws/install/realsense2_ros_mqtt_bridge/lib/python3.12/site-packages/src/__pycache__/parameter_handler.cpython-312.pyc
/home/auguste/Code/Stage/Stage_Univ_S1/ws/install/realsense2_ros_mqtt_bridge/lib/python3.12/site-packages/src/__pycache__/calib_config_handler.cpython-312.pyc
/home/auguste/Code/Stage/Stage_Univ_S1/ws/install/realsense2_ros_mqtt_bridge/lib/python3.12/site-packages/src/__pycache__/safety_preset_handler.cpython-312.pyc
/home/auguste/Code/Stage/Stage_Univ_S1/ws/install/realsense2_ros_mqtt_bridge/lib/python3.12/site-packages/src/__pycache__/hwm_command_handler.cpython-312.pyc
/home/auguste/Code/Stage/Stage_Univ_S1/ws/install/realsense2_ros_mqtt_bridge/lib/python3.12/site-packages/src/__pycache__/device_handler.cpython-312.pyc
/home/auguste/Code/Stage/Stage_Univ_S1/ws/install/realsense2_ros_mqtt_bridge/lib/python3.12/site-packages/src/__pycache__/transformation_handler.cpython-312.pyc
/home/auguste/Code/Stage/Stage_Univ_S1/ws/install/realsense2_ros_mqtt_bridge/lib/python3.12/site-packages/src/__pycache__/service_handler.cpython-312.pyc
/home/auguste/Code/Stage/Stage_Univ_S1/ws/install/realsense2_ros_mqtt_bridge/share/ament_index/resource_index/packages/realsense2_ros_mqtt_bridge
/home/auguste/Code/Stage/Stage_Univ_S1/ws/install/realsense2_ros_mqtt_bridge/share/realsense2_ros_mqtt_bridge/package.xml
/home/auguste/Code/Stage/Stage_Univ_S1/ws/install/realsense2_ros_mqtt_bridge/share/realsense2_ros_mqtt_bridge/launch/rs_launch.py
/home/auguste/Code/Stage/Stage_Univ_S1/ws/install/realsense2_ros_mqtt_bridge/lib/python3.12/site-packages/realsense2_ros_mqtt_bridge-4.57.0-py3.12.egg-info/zip-safe
/home/auguste/Code/Stage/Stage_Univ_S1/ws/install/realsense2_ros_mqtt_bridge/lib/python3.12/site-packages/realsense2_ros_mqtt_bridge-4.57.0-py3.12.egg-info/entry_points.txt
/home/auguste/Code/Stage/Stage_Univ_S1/ws/install/realsense2_ros_mqtt_bridge/lib/python3.12/site-packages/realsense2_ros_mqtt_bridge-4.57.0-py3.12.egg-info/dependency_links.txt
/home/auguste/Code/Stage/Stage_Univ_S1/ws/install/realsense2_ros_mqtt_bridge/lib/python3.12/site-packages/realsense2_ros_mqtt_bridge-4.57.0-py3.12.egg-info/PKG-INFO
/home/auguste/Code/Stage/Stage_Univ_S1/ws/install/realsense2_ros_mqtt_bridge/lib/python3.12/site-packages/realsense2_ros_mqtt_bridge-4.57.0-py3.12.egg-info/SOURCES.txt
/home/auguste/Code/Stage/Stage_Univ_S1/ws/install/realsense2_ros_mqtt_bridge/lib/python3.12/site-packages/realsense2_ros_mqtt_bridge-4.57.0-py3.12.egg-info/top_level.txt
/home/auguste/Code/Stage/Stage_Univ_S1/ws/install/realsense2_ros_mqtt_bridge/lib/python3.12/site-packages/realsense2_ros_mqtt_bridge-4.57.0-py3.12.egg-info/requires.txt
/home/auguste/Code/Stage/Stage_Univ_S1/ws/install/realsense2_ros_mqtt_bridge/lib/realsense2_ros_mqtt_bridge/realsense2_ros_mqtt_bridge
