[1.656s] Invoking command in '/home/auguste/Code/Stage/Stage_Univ_S1/ws/src/pose_to_moveit': DEBUGINFOD_URLS=https://debuginfod.archlinux.org PYTHONPATH=/home/auguste/Code/Stage/Stage_Univ_S1/ws/build/pose_to_moveit/prefix_override:/usr/lib/python3/dist-packages/colcon_core/task/python/colcon_distutils_commands:/home/auguste/Code/Stage/Stage_Univ_S1/ws/install/pose_to_moveit/lib/python3.12/site-packages:${PYTHONPATH} /usr/bin/python3 -W ignore:setup.py install is deprecated -W ignore:easy_install command is deprecated setup.py egg_info --egg-base ../../build/pose_to_moveit build --build-base /home/auguste/Code/Stage/Stage_Univ_S1/ws/build/pose_to_moveit/build install --record /home/auguste/Code/Stage/Stage_Univ_S1/ws/build/pose_to_moveit/install.log --single-version-externally-managed install_data
[1.942s] running egg_info
[1.942s] creating ../../build/pose_to_moveit/pose_to_moveit.egg-info
[1.963s] writing ../../build/pose_to_moveit/pose_to_moveit.egg-info/PKG-INFO
[1.963s] writing dependency_links to ../../build/pose_to_moveit/pose_to_moveit.egg-info/dependency_links.txt
[1.963s] writing entry points to ../../build/pose_to_moveit/pose_to_moveit.egg-info/entry_points.txt
[1.963s] writing requirements to ../../build/pose_to_moveit/pose_to_moveit.egg-info/requires.txt
[1.963s] writing top-level names to ../../build/pose_to_moveit/pose_to_moveit.egg-info/top_level.txt
[1.964s] writing manifest file '../../build/pose_to_moveit/pose_to_moveit.egg-info/SOURCES.txt'
[2.008s] reading manifest file '../../build/pose_to_moveit/pose_to_moveit.egg-info/SOURCES.txt'
[2.009s] writing manifest file '../../build/pose_to_moveit/pose_to_moveit.egg-info/SOURCES.txt'
[2.009s] running build
[2.009s] running build_py
[2.009s] creating /home/auguste/Code/Stage/Stage_Univ_S1/ws/build/pose_to_moveit/build
[2.009s] creating /home/auguste/Code/Stage/Stage_Univ_S1/ws/build/pose_to_moveit/build/lib
[2.009s] creating /home/auguste/Code/Stage/Stage_Univ_S1/ws/build/pose_to_moveit/build/lib/pose_to_moveit
[2.009s] copying pose_to_moveit/__init__.py -> /home/auguste/Code/Stage/Stage_Univ_S1/ws/build/pose_to_moveit/build/lib/pose_to_moveit
[2.009s] copying pose_to_moveit/pose_to_moveit_node.py -> /home/auguste/Code/Stage/Stage_Univ_S1/ws/build/pose_to_moveit/build/lib/pose_to_moveit
[2.010s] running install
[2.016s] running install_lib
[2.038s] creating /home/auguste/Code/Stage/Stage_Univ_S1/ws/install/pose_to_moveit/lib/python3.12/site-packages/pose_to_moveit
[2.038s] copying /home/auguste/Code/Stage/Stage_Univ_S1/ws/build/pose_to_moveit/build/lib/pose_to_moveit/__init__.py -> /home/auguste/Code/Stage/Stage_Univ_S1/ws/install/pose_to_moveit/lib/python3.12/site-packages/pose_to_moveit
[2.038s] copying /home/auguste/Code/Stage/Stage_Univ_S1/ws/build/pose_to_moveit/build/lib/pose_to_moveit/pose_to_moveit_node.py -> /home/auguste/Code/Stage/Stage_Univ_S1/ws/install/pose_to_moveit/lib/python3.12/site-packages/pose_to_moveit
[2.039s] byte-compiling /home/auguste/Code/Stage/Stage_Univ_S1/ws/install/pose_to_moveit/lib/python3.12/site-packages/pose_to_moveit/__init__.py to __init__.cpython-312.pyc
[2.039s] byte-compiling /home/auguste/Code/Stage/Stage_Univ_S1/ws/install/pose_to_moveit/lib/python3.12/site-packages/pose_to_moveit/pose_to_moveit_node.py to pose_to_moveit_node.cpython-312.pyc
[2.040s] running install_data
[2.040s] creating /home/auguste/Code/Stage/Stage_Univ_S1/ws/install/pose_to_moveit/share/ament_index
[2.040s] creating /home/auguste/Code/Stage/Stage_Univ_S1/ws/install/pose_to_moveit/share/ament_index/resource_index
[2.040s] creating /home/auguste/Code/Stage/Stage_Univ_S1/ws/install/pose_to_moveit/share/ament_index/resource_index/packages
[2.041s] copying resource/pose_to_moveit -> /home/auguste/Code/Stage/Stage_Univ_S1/ws/install/pose_to_moveit/share/ament_index/resource_index/packages
[2.041s] copying package.xml -> /home/auguste/Code/Stage/Stage_Univ_S1/ws/install/pose_to_moveit/share/pose_to_moveit
[2.041s] running install_egg_info
[2.064s] Copying ../../build/pose_to_moveit/pose_to_moveit.egg-info to /home/auguste/Code/Stage/Stage_Univ_S1/ws/install/pose_to_moveit/lib/python3.12/site-packages/pose_to_moveit-0.0.0-py3.12.egg-info
[2.065s] running install_scripts
[2.209s] Installing pose_to_moveit_node script to /home/auguste/Code/Stage/Stage_Univ_S1/ws/install/pose_to_moveit/lib/pose_to_moveit
[2.209s] writing list of installed files to '/home/auguste/Code/Stage/Stage_Univ_S1/ws/build/pose_to_moveit/install.log'
[2.268s] Invoked command in '/home/auguste/Code/Stage/Stage_Univ_S1/ws/src/pose_to_moveit' returned '0': DEBUGINFOD_URLS=https://debuginfod.archlinux.org PYTHONPATH=/home/auguste/Code/Stage/Stage_Univ_S1/ws/build/pose_to_moveit/prefix_override:/usr/lib/python3/dist-packages/colcon_core/task/python/colcon_distutils_commands:/home/auguste/Code/Stage/Stage_Univ_S1/ws/install/pose_to_moveit/lib/python3.12/site-packages:${PYTHONPATH} /usr/bin/python3 -W ignore:setup.py install is deprecated -W ignore:easy_install command is deprecated setup.py egg_info --egg-base ../../build/pose_to_moveit build --build-base /home/auguste/Code/Stage/Stage_Univ_S1/ws/build/pose_to_moveit/build install --record /home/auguste/Code/Stage/Stage_Univ_S1/ws/build/pose_to_moveit/install.log --single-version-externally-managed install_data
