[1.630s] Invoking command in '/home/auguste/Code/Stage/Stage_Univ_S1/ws/src/realsense-ros/realsense2_ros_mqtt_bridge': DEBUGINFOD_URLS=https://debuginfod.archlinux.org PYTHONPATH=/home/auguste/Code/Stage/Stage_Univ_S1/ws/build/realsense2_ros_mqtt_bridge/prefix_override:/usr/lib/python3/dist-packages/colcon_core/task/python/colcon_distutils_commands:/home/auguste/Code/Stage/Stage_Univ_S1/ws/install/realsense2_ros_mqtt_bridge/lib/python3.12/site-packages:${PYTHONPATH} /usr/bin/python3 -W ignore:setup.py install is deprecated -W ignore:easy_install command is deprecated setup.py egg_info --egg-base ../../../build/realsense2_ros_mqtt_bridge build --build-base /home/auguste/Code/Stage/Stage_Univ_S1/ws/build/realsense2_ros_mqtt_bridge/build install --record /home/auguste/Code/Stage/Stage_Univ_S1/ws/build/realsense2_ros_mqtt_bridge/install.log --single-version-externally-managed install_data
[1.911s] running egg_info
[1.911s] creating ../../../build/realsense2_ros_mqtt_bridge/realsense2_ros_mqtt_bridge.egg-info
[1.932s] writing ../../../build/realsense2_ros_mqtt_bridge/realsense2_ros_mqtt_bridge.egg-info/PKG-INFO
[1.932s] writing dependency_links to ../../../build/realsense2_ros_mqtt_bridge/realsense2_ros_mqtt_bridge.egg-info/dependency_links.txt
[1.932s] writing entry points to ../../../build/realsense2_ros_mqtt_bridge/realsense2_ros_mqtt_bridge.egg-info/entry_points.txt
[1.932s] writing requirements to ../../../build/realsense2_ros_mqtt_bridge/realsense2_ros_mqtt_bridge.egg-info/requires.txt
[1.932s] writing top-level names to ../../../build/realsense2_ros_mqtt_bridge/realsense2_ros_mqtt_bridge.egg-info/top_level.txt
[1.932s] writing manifest file '../../../build/realsense2_ros_mqtt_bridge/realsense2_ros_mqtt_bridge.egg-info/SOURCES.txt'
[1.976s] reading manifest file '../../../build/realsense2_ros_mqtt_bridge/realsense2_ros_mqtt_bridge.egg-info/SOURCES.txt'
[1.977s] writing manifest file '../../../build/realsense2_ros_mqtt_bridge/realsense2_ros_mqtt_bridge.egg-info/SOURCES.txt'
[1.977s] running build
[1.977s] running build_py
[1.977s] creating /home/auguste/Code/Stage/Stage_Univ_S1/ws/build/realsense2_ros_mqtt_bridge/build
[1.977s] creating /home/auguste/Code/Stage/Stage_Univ_S1/ws/build/realsense2_ros_mqtt_bridge/build/lib
[1.978s] creating /home/auguste/Code/Stage/Stage_Univ_S1/ws/build/realsense2_ros_mqtt_bridge/build/lib/src
[1.978s] copying src/triggered_calibration_handler.py -> /home/auguste/Code/Stage/Stage_Univ_S1/ws/build/realsense2_ros_mqtt_bridge/build/lib/src
[1.978s] copying src/mqtt_bridge_node.py -> /home/auguste/Code/Stage/Stage_Univ_S1/ws/build/realsense2_ros_mqtt_bridge/build/lib/src
[1.978s] copying src/application_config_handler.py -> /home/auguste/Code/Stage/Stage_Univ_S1/ws/build/realsense2_ros_mqtt_bridge/build/lib/src
[1.978s] copying src/safety_interface_config_handler.py -> /home/auguste/Code/Stage/Stage_Univ_S1/ws/build/realsense2_ros_mqtt_bridge/build/lib/src
[1.978s] copying src/entry_point.py -> /home/auguste/Code/Stage/Stage_Univ_S1/ws/build/realsense2_ros_mqtt_bridge/build/lib/src
[1.978s] copying src/__init__.py -> /home/auguste/Code/Stage/Stage_Univ_S1/ws/build/realsense2_ros_mqtt_bridge/build/lib/src
[1.978s] copying src/hw_reset_handler.py -> /home/auguste/Code/Stage/Stage_Univ_S1/ws/build/realsense2_ros_mqtt_bridge/build/lib/src
[1.979s] copying src/frame_handler.py -> /home/auguste/Code/Stage/Stage_Univ_S1/ws/build/realsense2_ros_mqtt_bridge/build/lib/src
[1.979s] copying src/parameter_handler.py -> /home/auguste/Code/Stage/Stage_Univ_S1/ws/build/realsense2_ros_mqtt_bridge/build/lib/src
[1.979s] copying src/calib_config_handler.py -> /home/auguste/Code/Stage/Stage_Univ_S1/ws/build/realsense2_ros_mqtt_bridge/build/lib/src
[1.979s] copying src/safety_preset_handler.py -> /home/auguste/Code/Stage/Stage_Univ_S1/ws/build/realsense2_ros_mqtt_bridge/build/lib/src
[1.979s] copying src/hwm_command_handler.py -> /home/auguste/Code/Stage/Stage_Univ_S1/ws/build/realsense2_ros_mqtt_bridge/build/lib/src
[1.979s] copying src/device_handler.py -> /home/auguste/Code/Stage/Stage_Univ_S1/ws/build/realsense2_ros_mqtt_bridge/build/lib/src
[1.979s] copying src/transformation_handler.py -> /home/auguste/Code/Stage/Stage_Univ_S1/ws/build/realsense2_ros_mqtt_bridge/build/lib/src
[1.980s] copying src/service_handler.py -> /home/auguste/Code/Stage/Stage_Univ_S1/ws/build/realsense2_ros_mqtt_bridge/build/lib/src
[1.980s] running install
[1.986s] running install_lib
[2.009s] creating /home/auguste/Code/Stage/Stage_Univ_S1/ws/install/realsense2_ros_mqtt_bridge/lib/python3.12/site-packages/src
[2.009s] copying /home/auguste/Code/Stage/Stage_Univ_S1/ws/build/realsense2_ros_mqtt_bridge/build/lib/src/triggered_calibration_handler.py -> /home/auguste/Code/Stage/Stage_Univ_S1/ws/install/realsense2_ros_mqtt_bridge/lib/python3.12/site-packages/src
[2.009s] copying /home/auguste/Code/Stage/Stage_Univ_S1/ws/build/realsense2_ros_mqtt_bridge/build/lib/src/mqtt_bridge_node.py -> /home/auguste/Code/Stage/Stage_Univ_S1/ws/install/realsense2_ros_mqtt_bridge/lib/python3.12/site-packages/src
[2.009s] copying /home/auguste/Code/Stage/Stage_Univ_S1/ws/build/realsense2_ros_mqtt_bridge/build/lib/src/application_config_handler.py -> /home/auguste/Code/Stage/Stage_Univ_S1/ws/install/realsense2_ros_mqtt_bridge/lib/python3.12/site-packages/src
[2.009s] copying /home/auguste/Code/Stage/Stage_Univ_S1/ws/build/realsense2_ros_mqtt_bridge/build/lib/src/safety_interface_config_handler.py -> /home/auguste/Code/Stage/Stage_Univ_S1/ws/install/realsense2_ros_mqtt_bridge/lib/python3.12/site-packages/src
[2.009s] copying /home/auguste/Code/Stage/Stage_Univ_S1/ws/build/realsense2_ros_mqtt_bridge/build/lib/src/entry_point.py -> /home/auguste/Code/Stage/Stage_Univ_S1/ws/install/realsense2_ros_mqtt_bridge/lib/python3.12/site-packages/src
[2.009s] copying /home/auguste/Code/Stage/Stage_Univ_S1/ws/build/realsense2_ros_mqtt_bridge/build/lib/src/__init__.py -> /home/auguste/Code/Stage/Stage_Univ_S1/ws/install/realsense2_ros_mqtt_bridge/lib/python3.12/site-packages/src
[2.010s] copying /home/auguste/Code/Stage/Stage_Univ_S1/ws/build/realsense2_ros_mqtt_bridge/build/lib/src/hw_reset_handler.py -> /home/auguste/Code/Stage/Stage_Univ_S1/ws/install/realsense2_ros_mqtt_bridge/lib/python3.12/site-packages/src
[2.010s] copying /home/auguste/Code/Stage/Stage_Univ_S1/ws/build/realsense2_ros_mqtt_bridge/build/lib/src/frame_handler.py -> /home/auguste/Code/Stage/Stage_Univ_S1/ws/install/realsense2_ros_mqtt_bridge/lib/python3.12/site-packages/src
[2.010s] copying /home/auguste/Code/Stage/Stage_Univ_S1/ws/build/realsense2_ros_mqtt_bridge/build/lib/src/parameter_handler.py -> /home/auguste/Code/Stage/Stage_Univ_S1/ws/install/realsense2_ros_mqtt_bridge/lib/python3.12/site-packages/src
[2.010s] copying /home/auguste/Code/Stage/Stage_Univ_S1/ws/build/realsense2_ros_mqtt_bridge/build/lib/src/calib_config_handler.py -> /home/auguste/Code/Stage/Stage_Univ_S1/ws/install/realsense2_ros_mqtt_bridge/lib/python3.12/site-packages/src
[2.010s] copying /home/auguste/Code/Stage/Stage_Univ_S1/ws/build/realsense2_ros_mqtt_bridge/build/lib/src/safety_preset_handler.py -> /home/auguste/Code/Stage/Stage_Univ_S1/ws/install/realsense2_ros_mqtt_bridge/lib/python3.12/site-packages/src
[2.010s] copying /home/auguste/Code/Stage/Stage_Univ_S1/ws/build/realsense2_ros_mqtt_bridge/build/lib/src/hwm_command_handler.py -> /home/auguste/Code/Stage/Stage_Univ_S1/ws/install/realsense2_ros_mqtt_bridge/lib/python3.12/site-packages/src
[2.010s] copying /home/auguste/Code/Stage/Stage_Univ_S1/ws/build/realsense2_ros_mqtt_bridge/build/lib/src/device_handler.py -> /home/auguste/Code/Stage/Stage_Univ_S1/ws/install/realsense2_ros_mqtt_bridge/lib/python3.12/site-packages/src
[2.010s] copying /home/auguste/Code/Stage/Stage_Univ_S1/ws/build/realsense2_ros_mqtt_bridge/build/lib/src/transformation_handler.py -> /home/auguste/Code/Stage/Stage_Univ_S1/ws/install/realsense2_ros_mqtt_bridge/lib/python3.12/site-packages/src
[2.010s] copying /home/auguste/Code/Stage/Stage_Univ_S1/ws/build/realsense2_ros_mqtt_bridge/build/lib/src/service_handler.py -> /home/auguste/Code/Stage/Stage_Univ_S1/ws/install/realsense2_ros_mqtt_bridge/lib/python3.12/site-packages/src
[2.011s] byte-compiling /home/auguste/Code/Stage/Stage_Univ_S1/ws/install/realsense2_ros_mqtt_bridge/lib/python3.12/site-packages/src/triggered_calibration_handler.py to triggered_calibration_handler.cpython-312.pyc
[2.012s] byte-compiling /home/auguste/Code/Stage/Stage_Univ_S1/ws/install/realsense2_ros_mqtt_bridge/lib/python3.12/site-packages/src/mqtt_bridge_node.py to mqtt_bridge_node.cpython-312.pyc
[2.014s] byte-compiling /home/auguste/Code/Stage/Stage_Univ_S1/ws/install/realsense2_ros_mqtt_bridge/lib/python3.12/site-packages/src/application_config_handler.py to application_config_handler.cpython-312.pyc
[2.015s] byte-compiling /home/auguste/Code/Stage/Stage_Univ_S1/ws/install/realsense2_ros_mqtt_bridge/lib/python3.12/site-packages/src/safety_interface_config_handler.py to safety_interface_config_handler.cpython-312.pyc
[2.016s] byte-compiling /home/auguste/Code/Stage/Stage_Univ_S1/ws/install/realsense2_ros_mqtt_bridge/lib/python3.12/site-packages/src/entry_point.py to entry_point.cpython-312.pyc
[2.016s] byte-compiling /home/auguste/Code/Stage/Stage_Univ_S1/ws/install/realsense2_ros_mqtt_bridge/lib/python3.12/site-packages/src/__init__.py to __init__.cpython-312.pyc
[2.016s] byte-compiling /home/auguste/Code/Stage/Stage_Univ_S1/ws/install/realsense2_ros_mqtt_bridge/lib/python3.12/site-packages/src/hw_reset_handler.py to hw_reset_handler.cpython-312.pyc
[2.016s] byte-compiling /home/auguste/Code/Stage/Stage_Univ_S1/ws/install/realsense2_ros_mqtt_bridge/lib/python3.12/site-packages/src/frame_handler.py to frame_handler.cpython-312.pyc
[2.017s] byte-compiling /home/auguste/Code/Stage/Stage_Univ_S1/ws/install/realsense2_ros_mqtt_bridge/lib/python3.12/site-packages/src/parameter_handler.py to parameter_handler.cpython-312.pyc
[2.018s] byte-compiling /home/auguste/Code/Stage/Stage_Univ_S1/ws/install/realsense2_ros_mqtt_bridge/lib/python3.12/site-packages/src/calib_config_handler.py to calib_config_handler.cpython-312.pyc
[2.019s] byte-compiling /home/auguste/Code/Stage/Stage_Univ_S1/ws/install/realsense2_ros_mqtt_bridge/lib/python3.12/site-packages/src/safety_preset_handler.py to safety_preset_handler.cpython-312.pyc
[2.020s] byte-compiling /home/auguste/Code/Stage/Stage_Univ_S1/ws/install/realsense2_ros_mqtt_bridge/lib/python3.12/site-packages/src/hwm_command_handler.py to hwm_command_handler.cpython-312.pyc
[2.020s] byte-compiling /home/auguste/Code/Stage/Stage_Univ_S1/ws/install/realsense2_ros_mqtt_bridge/lib/python3.12/site-packages/src/device_handler.py to device_handler.cpython-312.pyc
[2.020s] byte-compiling /home/auguste/Code/Stage/Stage_Univ_S1/ws/install/realsense2_ros_mqtt_bridge/lib/python3.12/site-packages/src/transformation_handler.py to transformation_handler.cpython-312.pyc
[2.021s] byte-compiling /home/auguste/Code/Stage/Stage_Univ_S1/ws/install/realsense2_ros_mqtt_bridge/lib/python3.12/site-packages/src/service_handler.py to service_handler.cpython-312.pyc
[2.021s] running install_data
[2.022s] creating /home/auguste/Code/Stage/Stage_Univ_S1/ws/install/realsense2_ros_mqtt_bridge/share/ament_index
[2.022s] creating /home/auguste/Code/Stage/Stage_Univ_S1/ws/install/realsense2_ros_mqtt_bridge/share/ament_index/resource_index
[2.022s] creating /home/auguste/Code/Stage/Stage_Univ_S1/ws/install/realsense2_ros_mqtt_bridge/share/ament_index/resource_index/packages
[2.022s] copying resource/realsense2_ros_mqtt_bridge -> /home/auguste/Code/Stage/Stage_Univ_S1/ws/install/realsense2_ros_mqtt_bridge/share/ament_index/resource_index/packages
[2.022s] copying package.xml -> /home/auguste/Code/Stage/Stage_Univ_S1/ws/install/realsense2_ros_mqtt_bridge/share/realsense2_ros_mqtt_bridge
[2.022s] creating /home/auguste/Code/Stage/Stage_Univ_S1/ws/install/realsense2_ros_mqtt_bridge/share/realsense2_ros_mqtt_bridge/launch
[2.022s] copying launch/rs_launch.py -> /home/auguste/Code/Stage/Stage_Univ_S1/ws/install/realsense2_ros_mqtt_bridge/share/realsense2_ros_mqtt_bridge/launch
[2.022s] running install_egg_info
[2.046s] Copying ../../../build/realsense2_ros_mqtt_bridge/realsense2_ros_mqtt_bridge.egg-info to /home/auguste/Code/Stage/Stage_Univ_S1/ws/install/realsense2_ros_mqtt_bridge/lib/python3.12/site-packages/realsense2_ros_mqtt_bridge-4.57.0-py3.12.egg-info
[2.047s] running install_scripts
[2.193s] Installing realsense2_ros_mqtt_bridge script to /home/auguste/Code/Stage/Stage_Univ_S1/ws/install/realsense2_ros_mqtt_bridge/lib/realsense2_ros_mqtt_bridge
[2.193s] writing list of installed files to '/home/auguste/Code/Stage/Stage_Univ_S1/ws/build/realsense2_ros_mqtt_bridge/install.log'
[2.254s] Invoked command in '/home/auguste/Code/Stage/Stage_Univ_S1/ws/src/realsense-ros/realsense2_ros_mqtt_bridge' returned '0': DEBUGINFOD_URLS=https://debuginfod.archlinux.org PYTHONPATH=/home/auguste/Code/Stage/Stage_Univ_S1/ws/build/realsense2_ros_mqtt_bridge/prefix_override:/usr/lib/python3/dist-packages/colcon_core/task/python/colcon_distutils_commands:/home/auguste/Code/Stage/Stage_Univ_S1/ws/install/realsense2_ros_mqtt_bridge/lib/python3.12/site-packages:${PYTHONPATH} /usr/bin/python3 -W ignore:setup.py install is deprecated -W ignore:easy_install command is deprecated setup.py egg_info --egg-base ../../../build/realsense2_ros_mqtt_bridge build --build-base /home/auguste/Code/Stage/Stage_Univ_S1/ws/build/realsense2_ros_mqtt_bridge/build install --record /home/auguste/Code/Stage/Stage_Univ_S1/ws/build/realsense2_ros_mqtt_bridge/install.log --single-version-externally-managed install_data
