[1.698s] Invoking command in '/home/auguste/Code/Stage/Stage_Univ_S1/ws/src/realsense-ros/realsense2_ros_mqtt_bridge': DEBUGINFOD_URLS=https://debuginfod.archlinux.org PYTHONPATH=/home/auguste/Code/Stage/Stage_Univ_S1/ws/build/realsense2_ros_mqtt_bridge/prefix_override:/usr/lib/python3/dist-packages/colcon_core/task/python/colcon_distutils_commands:/home/auguste/Code/Stage/Stage_Univ_S1/ws/install/realsense2_ros_mqtt_bridge/lib/python3.12/site-packages:${PYTHONPATH} /usr/bin/python3 -W ignore:setup.py install is deprecated -W ignore:easy_install command is deprecated setup.py egg_info --egg-base ../../../build/realsense2_ros_mqtt_bridge build --build-base /home/auguste/Code/Stage/Stage_Univ_S1/ws/build/realsense2_ros_mqtt_bridge/build install --record /home/auguste/Code/Stage/Stage_Univ_S1/ws/build/realsense2_ros_mqtt_bridge/install.log --single-version-externally-managed install_data
[1.971s] running egg_info
[1.992s] writing ../../../build/realsense2_ros_mqtt_bridge/realsense2_ros_mqtt_bridge.egg-info/PKG-INFO
[1.992s] writing dependency_links to ../../../build/realsense2_ros_mqtt_bridge/realsense2_ros_mqtt_bridge.egg-info/dependency_links.txt
[1.992s] writing entry points to ../../../build/realsense2_ros_mqtt_bridge/realsense2_ros_mqtt_bridge.egg-info/entry_points.txt
[1.993s] writing requirements to ../../../build/realsense2_ros_mqtt_bridge/realsense2_ros_mqtt_bridge.egg-info/requires.txt
[1.993s] writing top-level names to ../../../build/realsense2_ros_mqtt_bridge/realsense2_ros_mqtt_bridge.egg-info/top_level.txt
[2.034s] reading manifest file '../../../build/realsense2_ros_mqtt_bridge/realsense2_ros_mqtt_bridge.egg-info/SOURCES.txt'
[2.035s] writing manifest file '../../../build/realsense2_ros_mqtt_bridge/realsense2_ros_mqtt_bridge.egg-info/SOURCES.txt'
[2.035s] running build
[2.036s] running build_py
[2.036s] running install
[2.042s] running install_lib
[2.064s] running install_data
[2.064s] running install_egg_info
[2.086s] removing '/home/auguste/Code/Stage/Stage_Univ_S1/ws/install/realsense2_ros_mqtt_bridge/lib/python3.12/site-packages/realsense2_ros_mqtt_bridge-4.57.0-py3.12.egg-info' (and everything under it)
[2.086s] Copying ../../../build/realsense2_ros_mqtt_bridge/realsense2_ros_mqtt_bridge.egg-info to /home/auguste/Code/Stage/Stage_Univ_S1/ws/install/realsense2_ros_mqtt_bridge/lib/python3.12/site-packages/realsense2_ros_mqtt_bridge-4.57.0-py3.12.egg-info
[2.087s] running install_scripts
[2.229s] Installing realsense2_ros_mqtt_bridge script to /home/auguste/Code/Stage/Stage_Univ_S1/ws/install/realsense2_ros_mqtt_bridge/lib/realsense2_ros_mqtt_bridge
[2.230s] writing list of installed files to '/home/auguste/Code/Stage/Stage_Univ_S1/ws/build/realsense2_ros_mqtt_bridge/install.log'
[2.272s] Invoked command in '/home/auguste/Code/Stage/Stage_Univ_S1/ws/src/realsense-ros/realsense2_ros_mqtt_bridge' returned '0': DEBUGINFOD_URLS=https://debuginfod.archlinux.org PYTHONPATH=/home/auguste/Code/Stage/Stage_Univ_S1/ws/build/realsense2_ros_mqtt_bridge/prefix_override:/usr/lib/python3/dist-packages/colcon_core/task/python/colcon_distutils_commands:/home/auguste/Code/Stage/Stage_Univ_S1/ws/install/realsense2_ros_mqtt_bridge/lib/python3.12/site-packages:${PYTHONPATH} /usr/bin/python3 -W ignore:setup.py install is deprecated -W ignore:easy_install command is deprecated setup.py egg_info --egg-base ../../../build/realsense2_ros_mqtt_bridge build --build-base /home/auguste/Code/Stage/Stage_Univ_S1/ws/build/realsense2_ros_mqtt_bridge/build install --record /home/auguste/Code/Stage/Stage_Univ_S1/ws/build/realsense2_ros_mqtt_bridge/install.log --single-version-externally-managed install_data
