[1.703s] Invoking command in '/home/auguste/Code/Stage/Stage_Univ_S1/ws/src/force_package/src/ur_force_controller': DEBUGINFOD_URLS=https://debuginfod.archlinux.org PYTHONPATH=/home/auguste/Code/Stage/Stage_Univ_S1/ws/build/ur_force_controller/prefix_override:/usr/lib/python3/dist-packages/colcon_core/task/python/colcon_distutils_commands:/home/auguste/Code/Stage/Stage_Univ_S1/ws/install/ur_force_controller/lib/python3.12/site-packages:${PYTHONPATH} /usr/bin/python3 -W ignore:setup.py install is deprecated -W ignore:easy_install command is deprecated setup.py egg_info --egg-base ../../../../build/ur_force_controller build --build-base /home/auguste/Code/Stage/Stage_Univ_S1/ws/build/ur_force_controller/build install --record /home/auguste/Code/Stage/Stage_Univ_S1/ws/build/ur_force_controller/install.log --single-version-externally-managed install_data
[1.976s] running egg_info
[1.998s] writing ../../../../build/ur_force_controller/ur_force_controller.egg-info/PKG-INFO
[1.999s] writing dependency_links to ../../../../build/ur_force_controller/ur_force_controller.egg-info/dependency_links.txt
[1.999s] writing entry points to ../../../../build/ur_force_controller/ur_force_controller.egg-info/entry_points.txt
[1.999s] writing requirements to ../../../../build/ur_force_controller/ur_force_controller.egg-info/requires.txt
[1.999s] writing top-level names to ../../../../build/ur_force_controller/ur_force_controller.egg-info/top_level.txt
[2.041s] reading manifest file '../../../../build/ur_force_controller/ur_force_controller.egg-info/SOURCES.txt'
[2.042s] writing manifest file '../../../../build/ur_force_controller/ur_force_controller.egg-info/SOURCES.txt'
[2.042s] running build
[2.042s] running build_py
[2.043s] running install
[2.048s] running install_lib
[2.069s] running install_data
[2.069s] running install_egg_info
[2.091s] removing '/home/auguste/Code/Stage/Stage_Univ_S1/ws/install/ur_force_controller/lib/python3.12/site-packages/ur_force_controller-0.0.0-py3.12.egg-info' (and everything under it)
[2.091s] Copying ../../../../build/ur_force_controller/ur_force_controller.egg-info to /home/auguste/Code/Stage/Stage_Univ_S1/ws/install/ur_force_controller/lib/python3.12/site-packages/ur_force_controller-0.0.0-py3.12.egg-info
[2.092s] running install_scripts
[2.236s] Installing force_controller_node script to /home/auguste/Code/Stage/Stage_Univ_S1/ws/install/ur_force_controller/lib/ur_force_controller
[2.236s] writing list of installed files to '/home/auguste/Code/Stage/Stage_Univ_S1/ws/build/ur_force_controller/install.log'
[2.292s] Invoked command in '/home/auguste/Code/Stage/Stage_Univ_S1/ws/src/force_package/src/ur_force_controller' returned '0': DEBUGINFOD_URLS=https://debuginfod.archlinux.org PYTHONPATH=/home/auguste/Code/Stage/Stage_Univ_S1/ws/build/ur_force_controller/prefix_override:/usr/lib/python3/dist-packages/colcon_core/task/python/colcon_distutils_commands:/home/auguste/Code/Stage/Stage_Univ_S1/ws/install/ur_force_controller/lib/python3.12/site-packages:${PYTHONPATH} /usr/bin/python3 -W ignore:setup.py install is deprecated -W ignore:easy_install command is deprecated setup.py egg_info --egg-base ../../../../build/ur_force_controller build --build-base /home/auguste/Code/Stage/Stage_Univ_S1/ws/build/ur_force_controller/build install --record /home/auguste/Code/Stage/Stage_Univ_S1/ws/build/ur_force_controller/install.log --single-version-externally-managed install_data
