running egg_info
creating ../../../../build/ur_force_controller/ur_force_controller.egg-info
writing ../../../../build/ur_force_controller/ur_force_controller.egg-info/PKG-INFO
writing dependency_links to ../../../../build/ur_force_controller/ur_force_controller.egg-info/dependency_links.txt
writing entry points to ../../../../build/ur_force_controller/ur_force_controller.egg-info/entry_points.txt
writing requirements to ../../../../build/ur_force_controller/ur_force_controller.egg-info/requires.txt
writing top-level names to ../../../../build/ur_force_controller/ur_force_controller.egg-info/top_level.txt
writing manifest file '../../../../build/ur_force_controller/ur_force_controller.egg-info/SOURCES.txt'
reading manifest file '../../../../build/ur_force_controller/ur_force_controller.egg-info/SOURCES.txt'
writing manifest file '../../../../build/ur_force_controller/ur_force_controller.egg-info/SOURCES.txt'
running build
running build_py
creating /home/auguste/Code/Stage/Stage_Univ_S1/ws/build/ur_force_controller/build
creating /home/auguste/Code/Stage/Stage_Univ_S1/ws/build/ur_force_controller/build/lib
creating /home/auguste/Code/Stage/Stage_Univ_S1/ws/build/ur_force_controller/build/lib/ur_force_controller
copying ur_force_controller/__init__.py -> /home/auguste/Code/Stage/Stage_Univ_S1/ws/build/ur_force_controller/build/lib/ur_force_controller
copying ur_force_controller/force_controller_node.py -> /home/auguste/Code/Stage/Stage_Univ_S1/ws/build/ur_force_controller/build/lib/ur_force_controller
running install
running install_lib
creating /home/auguste/Code/Stage/Stage_Univ_S1/ws/install/ur_force_controller/lib/python3.12/site-packages/ur_force_controller
copying /home/auguste/Code/Stage/Stage_Univ_S1/ws/build/ur_force_controller/build/lib/ur_force_controller/__init__.py -> /home/auguste/Code/Stage/Stage_Univ_S1/ws/install/ur_force_controller/lib/python3.12/site-packages/ur_force_controller
copying /home/auguste/Code/Stage/Stage_Univ_S1/ws/build/ur_force_controller/build/lib/ur_force_controller/force_controller_node.py -> /home/auguste/Code/Stage/Stage_Univ_S1/ws/install/ur_force_controller/lib/python3.12/site-packages/ur_force_controller
byte-compiling /home/auguste/Code/Stage/Stage_Univ_S1/ws/install/ur_force_controller/lib/python3.12/site-packages/ur_force_controller/__init__.py to __init__.cpython-312.pyc
byte-compiling /home/auguste/Code/Stage/Stage_Univ_S1/ws/install/ur_force_controller/lib/python3.12/site-packages/ur_force_controller/force_controller_node.py to force_controller_node.cpython-312.pyc
running install_data
creating /home/auguste/Code/Stage/Stage_Univ_S1/ws/install/ur_force_controller/share/ament_index
creating /home/auguste/Code/Stage/Stage_Univ_S1/ws/install/ur_force_controller/share/ament_index/resource_index
creating /home/auguste/Code/Stage/Stage_Univ_S1/ws/install/ur_force_controller/share/ament_index/resource_index/packages
copying resource/ur_force_controller -> /home/auguste/Code/Stage/Stage_Univ_S1/ws/install/ur_force_controller/share/ament_index/resource_index/packages
copying package.xml -> /home/auguste/Code/Stage/Stage_Univ_S1/ws/install/ur_force_controller/share/ur_force_controller
running install_egg_info
Copying ../../../../build/ur_force_controller/ur_force_controller.egg-info to /home/auguste/Code/Stage/Stage_Univ_S1/ws/install/ur_force_controller/lib/python3.12/site-packages/ur_force_controller-0.0.0-py3.12.egg-info
running install_scripts
Installing force_controller_node script to /home/auguste/Code/Stage/Stage_Univ_S1/ws/install/ur_force_controller/lib/ur_force_controller
writing list of installed files to '/home/auguste/Code/Stage/Stage_Univ_S1/ws/build/ur_force_controller/install.log'
