[1.629s] Invoking command in '/home/auguste/Code/Stage/Stage_Univ_S1/ws/src/force_package/src/ur_force_controller': DEBUGINFOD_URLS=https://debuginfod.archlinux.org PYTHONPATH=/home/auguste/Code/Stage/Stage_Univ_S1/ws/build/ur_force_controller/prefix_override:/usr/lib/python3/dist-packages/colcon_core/task/python/colcon_distutils_commands:/home/auguste/Code/Stage/Stage_Univ_S1/ws/install/ur_force_controller/lib/python3.12/site-packages:${PYTHONPATH} /usr/bin/python3 -W ignore:setup.py install is deprecated -W ignore:easy_install command is deprecated setup.py egg_info --egg-base ../../../../build/ur_force_controller build --build-base /home/auguste/Code/Stage/Stage_Univ_S1/ws/build/ur_force_controller/build install --record /home/auguste/Code/Stage/Stage_Univ_S1/ws/build/ur_force_controller/install.log --single-version-externally-managed install_data
[1.911s] running egg_info
[1.912s] creating ../../../../build/ur_force_controller/ur_force_controller.egg-info
[1.934s] writing ../../../../build/ur_force_controller/ur_force_controller.egg-info/PKG-INFO
[1.934s] writing dependency_links to ../../../../build/ur_force_controller/ur_force_controller.egg-info/dependency_links.txt
[1.934s] writing entry points to ../../../../build/ur_force_controller/ur_force_controller.egg-info/entry_points.txt
[1.934s] writing requirements to ../../../../build/ur_force_controller/ur_force_controller.egg-info/requires.txt
[1.935s] writing top-level names to ../../../../build/ur_force_controller/ur_force_controller.egg-info/top_level.txt
[1.935s] writing manifest file '../../../../build/ur_force_controller/ur_force_controller.egg-info/SOURCES.txt'
[1.978s] reading manifest file '../../../../build/ur_force_controller/ur_force_controller.egg-info/SOURCES.txt'
[1.978s] writing manifest file '../../../../build/ur_force_controller/ur_force_controller.egg-info/SOURCES.txt'
[1.978s] running build
[1.979s] running build_py
[1.979s] creating /home/auguste/Code/Stage/Stage_Univ_S1/ws/build/ur_force_controller/build
[1.979s] creating /home/auguste/Code/Stage/Stage_Univ_S1/ws/build/ur_force_controller/build/lib
[1.979s] creating /home/auguste/Code/Stage/Stage_Univ_S1/ws/build/ur_force_controller/build/lib/ur_force_controller
[1.979s] copying ur_force_controller/__init__.py -> /home/auguste/Code/Stage/Stage_Univ_S1/ws/build/ur_force_controller/build/lib/ur_force_controller
[1.979s] copying ur_force_controller/force_controller_node.py -> /home/auguste/Code/Stage/Stage_Univ_S1/ws/build/ur_force_controller/build/lib/ur_force_controller
[1.979s] running install
[1.986s] running install_lib
[2.009s] creating /home/auguste/Code/Stage/Stage_Univ_S1/ws/install/ur_force_controller/lib/python3.12/site-packages/ur_force_controller
[2.009s] copying /home/auguste/Code/Stage/Stage_Univ_S1/ws/build/ur_force_controller/build/lib/ur_force_controller/__init__.py -> /home/auguste/Code/Stage/Stage_Univ_S1/ws/install/ur_force_controller/lib/python3.12/site-packages/ur_force_controller
[2.010s] copying /home/auguste/Code/Stage/Stage_Univ_S1/ws/build/ur_force_controller/build/lib/ur_force_controller/force_controller_node.py -> /home/auguste/Code/Stage/Stage_Univ_S1/ws/install/ur_force_controller/lib/python3.12/site-packages/ur_force_controller
[2.010s] byte-compiling /home/auguste/Code/Stage/Stage_Univ_S1/ws/install/ur_force_controller/lib/python3.12/site-packages/ur_force_controller/__init__.py to __init__.cpython-312.pyc
[2.010s] byte-compiling /home/auguste/Code/Stage/Stage_Univ_S1/ws/install/ur_force_controller/lib/python3.12/site-packages/ur_force_controller/force_controller_node.py to force_controller_node.cpython-312.pyc
[2.014s] running install_data
[2.015s] creating /home/auguste/Code/Stage/Stage_Univ_S1/ws/install/ur_force_controller/share/ament_index
[2.015s] creating /home/auguste/Code/Stage/Stage_Univ_S1/ws/install/ur_force_controller/share/ament_index/resource_index
[2.015s] creating /home/auguste/Code/Stage/Stage_Univ_S1/ws/install/ur_force_controller/share/ament_index/resource_index/packages
[2.015s] copying resource/ur_force_controller -> /home/auguste/Code/Stage/Stage_Univ_S1/ws/install/ur_force_controller/share/ament_index/resource_index/packages
[2.015s] copying package.xml -> /home/auguste/Code/Stage/Stage_Univ_S1/ws/install/ur_force_controller/share/ur_force_controller
[2.016s] running install_egg_info
[2.040s] Copying ../../../../build/ur_force_controller/ur_force_controller.egg-info to /home/auguste/Code/Stage/Stage_Univ_S1/ws/install/ur_force_controller/lib/python3.12/site-packages/ur_force_controller-0.0.0-py3.12.egg-info
[2.040s] running install_scripts
[2.185s] Installing force_controller_node script to /home/auguste/Code/Stage/Stage_Univ_S1/ws/install/ur_force_controller/lib/ur_force_controller
[2.186s] writing list of installed files to '/home/auguste/Code/Stage/Stage_Univ_S1/ws/build/ur_force_controller/install.log'
[2.240s] Invoked command in '/home/auguste/Code/Stage/Stage_Univ_S1/ws/src/force_package/src/ur_force_controller' returned '0': DEBUGINFOD_URLS=https://debuginfod.archlinux.org PYTHONPATH=/home/auguste/Code/Stage/Stage_Univ_S1/ws/build/ur_force_controller/prefix_override:/usr/lib/python3/dist-packages/colcon_core/task/python/colcon_distutils_commands:/home/auguste/Code/Stage/Stage_Univ_S1/ws/install/ur_force_controller/lib/python3.12/site-packages:${PYTHONPATH} /usr/bin/python3 -W ignore:setup.py install is deprecated -W ignore:easy_install command is deprecated setup.py egg_info --egg-base ../../../../build/ur_force_controller build --build-base /home/auguste/Code/Stage/Stage_Univ_S1/ws/build/ur_force_controller/build install --record /home/auguste/Code/Stage/Stage_Univ_S1/ws/build/ur_force_controller/install.log --single-version-externally-managed install_data
