[1.674s] Invoking command in '/home/auguste/Code/Stage/Stage_Univ_S1/ws/src/force_package/src/ur_safety_monitor': DEBUGINFOD_URLS=https://debuginfod.archlinux.org PYTHONPATH=/home/auguste/Code/Stage/Stage_Univ_S1/ws/build/ur_safety_monitor/prefix_override:/usr/lib/python3/dist-packages/colcon_core/task/python/colcon_distutils_commands:/home/auguste/Code/Stage/Stage_Univ_S1/ws/install/ur_safety_monitor/lib/python3.12/site-packages:${PYTHONPATH} /usr/bin/python3 -W ignore:setup.py install is deprecated -W ignore:easy_install command is deprecated setup.py egg_info --egg-base ../../../../build/ur_safety_monitor build --build-base /home/auguste/Code/Stage/Stage_Univ_S1/ws/build/ur_safety_monitor/build install --record /home/auguste/Code/Stage/Stage_Univ_S1/ws/build/ur_safety_monitor/install.log --single-version-externally-managed install_data
[1.944s] running egg_info
[1.963s] writing ../../../../build/ur_safety_monitor/ur_safety_monitor.egg-info/PKG-INFO
[1.964s] writing dependency_links to ../../../../build/ur_safety_monitor/ur_safety_monitor.egg-info/dependency_links.txt
[1.964s] writing entry points to ../../../../build/ur_safety_monitor/ur_safety_monitor.egg-info/entry_points.txt
[1.964s] writing requirements to ../../../../build/ur_safety_monitor/ur_safety_monitor.egg-info/requires.txt
[1.964s] writing top-level names to ../../../../build/ur_safety_monitor/ur_safety_monitor.egg-info/top_level.txt
[2.008s] reading manifest file '../../../../build/ur_safety_monitor/ur_safety_monitor.egg-info/SOURCES.txt'
[2.008s] writing manifest file '../../../../build/ur_safety_monitor/ur_safety_monitor.egg-info/SOURCES.txt'
[2.008s] running build
[2.009s] running build_py
[2.009s] running install
[2.015s] running install_lib
[2.036s] running install_data
[2.036s] running install_egg_info
[2.058s] removing '/home/auguste/Code/Stage/Stage_Univ_S1/ws/install/ur_safety_monitor/lib/python3.12/site-packages/ur_safety_monitor-0.0.0-py3.12.egg-info' (and everything under it)
[2.058s] Copying ../../../../build/ur_safety_monitor/ur_safety_monitor.egg-info to /home/auguste/Code/Stage/Stage_Univ_S1/ws/install/ur_safety_monitor/lib/python3.12/site-packages/ur_safety_monitor-0.0.0-py3.12.egg-info
[2.059s] running install_scripts
[2.201s] Installing safety_monitor_node script to /home/auguste/Code/Stage/Stage_Univ_S1/ws/install/ur_safety_monitor/lib/ur_safety_monitor
[2.201s] writing list of installed files to '/home/auguste/Code/Stage/Stage_Univ_S1/ws/build/ur_safety_monitor/install.log'
[2.239s] Invoked command in '/home/auguste/Code/Stage/Stage_Univ_S1/ws/src/force_package/src/ur_safety_monitor' returned '0': DEBUGINFOD_URLS=https://debuginfod.archlinux.org PYTHONPATH=/home/auguste/Code/Stage/Stage_Univ_S1/ws/build/ur_safety_monitor/prefix_override:/usr/lib/python3/dist-packages/colcon_core/task/python/colcon_distutils_commands:/home/auguste/Code/Stage/Stage_Univ_S1/ws/install/ur_safety_monitor/lib/python3.12/site-packages:${PYTHONPATH} /usr/bin/python3 -W ignore:setup.py install is deprecated -W ignore:easy_install command is deprecated setup.py egg_info --egg-base ../../../../build/ur_safety_monitor build --build-base /home/auguste/Code/Stage/Stage_Univ_S1/ws/build/ur_safety_monitor/build install --record /home/auguste/Code/Stage/Stage_Univ_S1/ws/build/ur_safety_monitor/install.log --single-version-externally-managed install_data
