running egg_info
creating ../../../../build/ur_safety_monitor/ur_safety_monitor.egg-info
writing ../../../../build/ur_safety_monitor/ur_safety_monitor.egg-info/PKG-INFO
writing dependency_links to ../../../../build/ur_safety_monitor/ur_safety_monitor.egg-info/dependency_links.txt
writing entry points to ../../../../build/ur_safety_monitor/ur_safety_monitor.egg-info/entry_points.txt
writing requirements to ../../../../build/ur_safety_monitor/ur_safety_monitor.egg-info/requires.txt
writing top-level names to ../../../../build/ur_safety_monitor/ur_safety_monitor.egg-info/top_level.txt
writing manifest file '../../../../build/ur_safety_monitor/ur_safety_monitor.egg-info/SOURCES.txt'
reading manifest file '../../../../build/ur_safety_monitor/ur_safety_monitor.egg-info/SOURCES.txt'
writing manifest file '../../../../build/ur_safety_monitor/ur_safety_monitor.egg-info/SOURCES.txt'
running build
running build_py
creating /home/auguste/Code/Stage/Stage_Univ_S1/ws/build/ur_safety_monitor/build
creating /home/auguste/Code/Stage/Stage_Univ_S1/ws/build/ur_safety_monitor/build/lib
creating /home/auguste/Code/Stage/Stage_Univ_S1/ws/build/ur_safety_monitor/build/lib/ur_safety_monitor
copying ur_safety_monitor/safety_monitor_node.py -> /home/auguste/Code/Stage/Stage_Univ_S1/ws/build/ur_safety_monitor/build/lib/ur_safety_monitor
copying ur_safety_monitor/__init__.py -> /home/auguste/Code/Stage/Stage_Univ_S1/ws/build/ur_safety_monitor/build/lib/ur_safety_monitor
running install
running install_lib
creating /home/auguste/Code/Stage/Stage_Univ_S1/ws/install/ur_safety_monitor/lib/python3.12/site-packages/ur_safety_monitor
copying /home/auguste/Code/Stage/Stage_Univ_S1/ws/build/ur_safety_monitor/build/lib/ur_safety_monitor/safety_monitor_node.py -> /home/auguste/Code/Stage/Stage_Univ_S1/ws/install/ur_safety_monitor/lib/python3.12/site-packages/ur_safety_monitor
copying /home/auguste/Code/Stage/Stage_Univ_S1/ws/build/ur_safety_monitor/build/lib/ur_safety_monitor/__init__.py -> /home/auguste/Code/Stage/Stage_Univ_S1/ws/install/ur_safety_monitor/lib/python3.12/site-packages/ur_safety_monitor
byte-compiling /home/auguste/Code/Stage/Stage_Univ_S1/ws/install/ur_safety_monitor/lib/python3.12/site-packages/ur_safety_monitor/safety_monitor_node.py to safety_monitor_node.cpython-312.pyc
byte-compiling /home/auguste/Code/Stage/Stage_Univ_S1/ws/install/ur_safety_monitor/lib/python3.12/site-packages/ur_safety_monitor/__init__.py to __init__.cpython-312.pyc
running install_data
creating /home/auguste/Code/Stage/Stage_Univ_S1/ws/install/ur_safety_monitor/share/ament_index
creating /home/auguste/Code/Stage/Stage_Univ_S1/ws/install/ur_safety_monitor/share/ament_index/resource_index
creating /home/auguste/Code/Stage/Stage_Univ_S1/ws/install/ur_safety_monitor/share/ament_index/resource_index/packages
copying resource/ur_safety_monitor -> /home/auguste/Code/Stage/Stage_Univ_S1/ws/install/ur_safety_monitor/share/ament_index/resource_index/packages
copying package.xml -> /home/auguste/Code/Stage/Stage_Univ_S1/ws/install/ur_safety_monitor/share/ur_safety_monitor
running install_egg_info
Copying ../../../../build/ur_safety_monitor/ur_safety_monitor.egg-info to /home/auguste/Code/Stage/Stage_Univ_S1/ws/install/ur_safety_monitor/lib/python3.12/site-packages/ur_safety_monitor-0.0.0-py3.12.egg-info
running install_scripts
Installing safety_monitor_node script to /home/auguste/Code/Stage/Stage_Univ_S1/ws/install/ur_safety_monitor/lib/ur_safety_monitor
writing list of installed files to '/home/auguste/Code/Stage/Stage_Univ_S1/ws/build/ur_safety_monitor/install.log'
