[1.641s] Invoking command in '/home/auguste/Code/Stage/Stage_Univ_S1/ws/src/force_package/src/ur_safety_monitor': DEBUGINFOD_URLS=https://debuginfod.archlinux.org PYTHONPATH=/home/auguste/Code/Stage/Stage_Univ_S1/ws/build/ur_safety_monitor/prefix_override:/usr/lib/python3/dist-packages/colcon_core/task/python/colcon_distutils_commands:/home/auguste/Code/Stage/Stage_Univ_S1/ws/install/ur_safety_monitor/lib/python3.12/site-packages:${PYTHONPATH} /usr/bin/python3 -W ignore:setup.py install is deprecated -W ignore:easy_install command is deprecated setup.py egg_info --egg-base ../../../../build/ur_safety_monitor build --build-base /home/auguste/Code/Stage/Stage_Univ_S1/ws/build/ur_safety_monitor/build install --record /home/auguste/Code/Stage/Stage_Univ_S1/ws/build/ur_safety_monitor/install.log --single-version-externally-managed install_data
[1.920s] running egg_info
[1.920s] creating ../../../../build/ur_safety_monitor/ur_safety_monitor.egg-info
[1.941s] writing ../../../../build/ur_safety_monitor/ur_safety_monitor.egg-info/PKG-INFO
[1.941s] writing dependency_links to ../../../../build/ur_safety_monitor/ur_safety_monitor.egg-info/dependency_links.txt
[1.941s] writing entry points to ../../../../build/ur_safety_monitor/ur_safety_monitor.egg-info/entry_points.txt
[1.942s] writing requirements to ../../../../build/ur_safety_monitor/ur_safety_monitor.egg-info/requires.txt
[1.942s] writing top-level names to ../../../../build/ur_safety_monitor/ur_safety_monitor.egg-info/top_level.txt
[1.942s] writing manifest file '../../../../build/ur_safety_monitor/ur_safety_monitor.egg-info/SOURCES.txt'
[1.986s] reading manifest file '../../../../build/ur_safety_monitor/ur_safety_monitor.egg-info/SOURCES.txt'
[1.986s] writing manifest file '../../../../build/ur_safety_monitor/ur_safety_monitor.egg-info/SOURCES.txt'
[1.986s] running build
[1.987s] running build_py
[1.987s] creating /home/auguste/Code/Stage/Stage_Univ_S1/ws/build/ur_safety_monitor/build
[1.987s] creating /home/auguste/Code/Stage/Stage_Univ_S1/ws/build/ur_safety_monitor/build/lib
[1.987s] creating /home/auguste/Code/Stage/Stage_Univ_S1/ws/build/ur_safety_monitor/build/lib/ur_safety_monitor
[1.987s] copying ur_safety_monitor/safety_monitor_node.py -> /home/auguste/Code/Stage/Stage_Univ_S1/ws/build/ur_safety_monitor/build/lib/ur_safety_monitor
[1.987s] copying ur_safety_monitor/__init__.py -> /home/auguste/Code/Stage/Stage_Univ_S1/ws/build/ur_safety_monitor/build/lib/ur_safety_monitor
[1.987s] running install
[1.994s] running install_lib
[2.016s] creating /home/auguste/Code/Stage/Stage_Univ_S1/ws/install/ur_safety_monitor/lib/python3.12/site-packages/ur_safety_monitor
[2.016s] copying /home/auguste/Code/Stage/Stage_Univ_S1/ws/build/ur_safety_monitor/build/lib/ur_safety_monitor/safety_monitor_node.py -> /home/auguste/Code/Stage/Stage_Univ_S1/ws/install/ur_safety_monitor/lib/python3.12/site-packages/ur_safety_monitor
[2.016s] copying /home/auguste/Code/Stage/Stage_Univ_S1/ws/build/ur_safety_monitor/build/lib/ur_safety_monitor/__init__.py -> /home/auguste/Code/Stage/Stage_Univ_S1/ws/install/ur_safety_monitor/lib/python3.12/site-packages/ur_safety_monitor
[2.017s] byte-compiling /home/auguste/Code/Stage/Stage_Univ_S1/ws/install/ur_safety_monitor/lib/python3.12/site-packages/ur_safety_monitor/safety_monitor_node.py to safety_monitor_node.cpython-312.pyc
[2.018s] byte-compiling /home/auguste/Code/Stage/Stage_Univ_S1/ws/install/ur_safety_monitor/lib/python3.12/site-packages/ur_safety_monitor/__init__.py to __init__.cpython-312.pyc
[2.018s] running install_data
[2.018s] creating /home/auguste/Code/Stage/Stage_Univ_S1/ws/install/ur_safety_monitor/share/ament_index
[2.018s] creating /home/auguste/Code/Stage/Stage_Univ_S1/ws/install/ur_safety_monitor/share/ament_index/resource_index
[2.018s] creating /home/auguste/Code/Stage/Stage_Univ_S1/ws/install/ur_safety_monitor/share/ament_index/resource_index/packages
[2.019s] copying resource/ur_safety_monitor -> /home/auguste/Code/Stage/Stage_Univ_S1/ws/install/ur_safety_monitor/share/ament_index/resource_index/packages
[2.019s] copying package.xml -> /home/auguste/Code/Stage/Stage_Univ_S1/ws/install/ur_safety_monitor/share/ur_safety_monitor
[2.019s] running install_egg_info
[2.042s] Copying ../../../../build/ur_safety_monitor/ur_safety_monitor.egg-info to /home/auguste/Code/Stage/Stage_Univ_S1/ws/install/ur_safety_monitor/lib/python3.12/site-packages/ur_safety_monitor-0.0.0-py3.12.egg-info
[2.043s] running install_scripts
[2.189s] Installing safety_monitor_node script to /home/auguste/Code/Stage/Stage_Univ_S1/ws/install/ur_safety_monitor/lib/ur_safety_monitor
[2.190s] writing list of installed files to '/home/auguste/Code/Stage/Stage_Univ_S1/ws/build/ur_safety_monitor/install.log'
[2.256s] Invoked command in '/home/auguste/Code/Stage/Stage_Univ_S1/ws/src/force_package/src/ur_safety_monitor' returned '0': DEBUGINFOD_URLS=https://debuginfod.archlinux.org PYTHONPATH=/home/auguste/Code/Stage/Stage_Univ_S1/ws/build/ur_safety_monitor/prefix_override:/usr/lib/python3/dist-packages/colcon_core/task/python/colcon_distutils_commands:/home/auguste/Code/Stage/Stage_Univ_S1/ws/install/ur_safety_monitor/lib/python3.12/site-packages:${PYTHONPATH} /usr/bin/python3 -W ignore:setup.py install is deprecated -W ignore:easy_install command is deprecated setup.py egg_info --egg-base ../../../../build/ur_safety_monitor build --build-base /home/auguste/Code/Stage/Stage_Univ_S1/ws/build/ur_safety_monitor/build install --record /home/auguste/Code/Stage/Stage_Univ_S1/ws/build/ur_safety_monitor/install.log --single-version-externally-managed install_data
